#
# A fatal error has been detected by the Java Runtime Environment:
#
#  SIGSEGV (0xb) at pc=0x00007f8715e43069, pid=19224, tid=140217875265280
#
# JRE version: OpenJDK Runtime Environment (7.0_40-b31) (build 1.7.0_40-b31)
# Java VM: OpenJDK 64-Bit Server VM (24.0-b50 mixed mode linux-amd64 compressed oops)
# Problematic frame:
# V  [libjvm.so+0x5d4069]  AsyncGetCallTrace+0xdce29
#
# Failed to write core dump. Core dumps have been disabled. To enable core dumping, try "ulimit -c unlimited" before starting Java again
#
# If you would like to submit a bug report, please include
# instructions on how to reproduce the bug and visit:
#   http://icedtea.classpath.org/bugzilla
#

---------------  T H R E A D  ---------------

Current thread (0x00007f87100ab000):  JavaThread "JDWP Transport Listener: dt_socket" daemon [_thread_in_vm, id=19240, stack(0x00007f8704957000,0x00007f8704a58000)]

siginfo:si_signo=SIGSEGV: si_errno=0, si_code=1 (SEGV_MAPERR), si_addr=0x000000000000000c

Registers:
RAX=0x0000000000000001, RBX=0x00007f87100ab000, RCX=0x000000000000000c, RDX=0x0000000000000000
RSP=0x00007f8704a56a80, RBP=0x00007f8704a56a80, RSI=0x000000000000000c, RDI=0x00000000ec720a70
R8 =0x0000000000000000, R9 =0x0000000000000000, R10=0x000000000000000f, R11=0x00007f87168e28aa
R12=0x00007f86d8009f28, R13=0x00000000ec720a70, R14=0x00007f8704a56bc0, R15=0x0000000000000000
RIP=0x00007f8715e43069, EFLAGS=0x0000000000010246, CSGSFS=0x0000000000000033, ERR=0x0000000000000004
  TRAPNO=0x000000000000000e

Top of Stack: (sp=0x00007f8704a56a80)
0x00007f8704a56a80:   00007f8704a56af0 00007f8715e51802
0x00007f8704a56a90:   00007f87100ab1d8 00007f8714a14b00
0x00007f8704a56aa0:   00007f87100ab000 0000000000000000
0x00007f8704a56ab0:   00007f87100ab1d8 00007f86d8009f28
0x00007f8704a56ac0:   00007f8704a56b90 00007f87100ab1d8
0x00007f8704a56ad0:   00007f8714a14b00 00007f86d8009f28
0x00007f8704a56ae0:   00007f8704a56bc0 00007f8714a14b00
0x00007f8704a56af0:   00007f8704a56b30 00007f87147e2f42
0x00007f8704a56b00:   00007f8704a56b90 0000000000010a00
0x00007f8704a56b10:   00007f8704a56b90 000000000000000a
0x00007f8704a56b20:   00007f8704a56bc0 00007f8714a14b00
0x00007f8704a56b30:   00007f8704a56d80 00007f87147eb4d0
0x00007f8704a56b40:   0000478700000013 00007f8715010a00
0x00007f8704a56b50:   00007f86d0000fd0 00007f8714a14b00
0x00007f8704a56b60:   00007f8704a56b90 00007f86d0000f01
0x00007f8704a56b70:   0000478700000013 00007f8715010a00
0x00007f8704a56b80:   00007f86d0000fd0 0000000000000000
0x00007f8704a56b90:   00007f86d0000fd8 000000000000000b
0x00007f8704a56ba0:   0000478700000013 00007f8715010a00
0x00007f8704a56bb0:   00007f86d0000fd0 00007f86d800a2f0
0x00007f8704a56bc0:   00007f8704a56c10 00007f870000012c
0x00007f8704a56bd0:   00007f8704a56bd8 00007f8700000000
0x00007f8704a56be0:   00007f8704a56c10 0000000000000000
0x00007f8704a56bf0:   00007f0000000000 0000478700000170
0x00007f8704a56c00:   00007f8700006e80 0000000000000000
0x00007f8704a56c10:   0000000007000000 0500000032000000
0x00007f8704a56c20:   00000065756c6176 0000000000435b02
0x00007f8704a56c30:   0000000000120000 6804000000420000
0x00007f8704a56c40:   4901000000687361 0200000000000000
0x00007f8704a56c50:   f07e00d8867f0000 6972657310000000
0x00007f8704a56c60:   6f69737265566c61 010000004449556e
0x00007f8704a56c70:   000000000000004a 4c00d8867f00001a 

Instructions: (pc=0x00007f8715e43069)
0x00007f8715e43049:   0a 7b 00 89 ca 8b 4e 08 48 d3 e2 48 03 16 b9 0c
0x00007f8715e43059:   00 00 00 eb 0b 66 90 48 8b 14 37 b9 10 00 00 00
0x00007f8715e43069:   8b 34 0a e9 7c ff ff ff 90 66 66 66 66 66 2e 0f
0x00007f8715e43079:   1f 84 00 00 00 00 00 48 8b 05 79 ef 7a 00 55 48 

Register to memory mapping:

RAX=0x0000000000000001 is an unknown value
RBX=0x00007f87100ab000 is a thread
RCX=0x000000000000000c is an unknown value
RDX=0x0000000000000000 is an unknown value
RSP=0x00007f8704a56a80 is pointing into the stack for thread: 0x00007f87100ab000
RBP=0x00007f8704a56a80 is pointing into the stack for thread: 0x00007f87100ab000
RSI=0x000000000000000c is an unknown value
RDI=0x00000000ec720a70 is an oop
java.lang.String 
 - klass: 'java/lang/String'
R8 =0x0000000000000000 is an unknown value
R9 =0x0000000000000000 is an unknown value
R10=0x000000000000000f is an unknown value
R11=0x00007f87168e28aa: <offset 0x848aa> in /usr/lib/libc.so.6 at 0x00007f871685e000
R12=0x00007f86d8009f28 is a global jni handle
R13=0x00000000ec720a70 is an oop
java.lang.String 
 - klass: 'java/lang/String'
R14=0x00007f8704a56bc0 is pointing into the stack for thread: 0x00007f87100ab000
R15=0x0000000000000000 is an unknown value


Stack: [0x00007f8704957000,0x00007f8704a58000],  sp=0x00007f8704a56a80,  free space=1022k
Native frames: (J=compiled Java code, j=interpreted, Vv=VM code, C=native code)
V  [libjvm.so+0x5d4069]  AsyncGetCallTrace+0xdce29
V  [libjvm.so+0x5e2802]  AsyncGetCallTrace+0xeb5c2
C  [libjdwp.so+0x8f42]  getenv+0x8f42
C  [libjdwp.so+0x114d0]  Agent_OnLoad+0x1ad0
C  [libjdwp.so+0x234c5]  Agent_OnLoad+0x13ac5
V  [libjvm.so+0x69273b]  JVM_FindSignal+0x7311b
V  [libjvm.so+0x8e0880]  JVM_handle_linux_signal+0x12ef80
V  [libjvm.so+0x8e0af1]  JVM_handle_linux_signal+0x12f1f1
V  [libjvm.so+0x7a8a32]  JVM_FindSignal+0x189412


---------------  P R O C E S S  ---------------

Java Threads: ( => current thread )
  0x00007f86ac0e6800 JavaThread "TimerQueue" daemon [_thread_blocked, id=19273, stack(0x00007f86c4f68000,0x00007f86c5069000)]
  0x00007f871000b000 JavaThread "DestroyJavaVM" [_thread_blocked, id=19229, stack(0x00007f871731d000,0x00007f871741e000)]
  0x00007f8710241000 JavaThread "AWT-EventQueue-0" [_thread_blocked, id=19259, stack(0x00007f86c5917000,0x00007f86c5a18000)]
  0x00007f871023f000 JavaThread "AWT-Shutdown" [_thread_blocked, id=19258, stack(0x00007f86c5a18000,0x00007f86c5b19000)]
  0x00007f871023b800 JavaThread "AWT-XAWT" daemon [_thread_in_native, id=19257, stack(0x00007f86c5b19000,0x00007f86c5c1a000)]
  0x00007f871021a000 JavaThread "Java2D Disposer" daemon [_thread_blocked, id=19256, stack(0x00007f86fc070000,0x00007f86fc171000)]
  0x00007f87100b6000 JavaThread "Service Thread" daemon [_thread_blocked, id=19250, stack(0x00007f8704452000,0x00007f8704553000)]
  0x00007f87100b3800 JavaThread "C2 CompilerThread1" daemon [_thread_blocked, id=19249, stack(0x00007f8704553000,0x00007f8704654000)]
  0x00007f87100b1000 JavaThread "C2 CompilerThread0" daemon [_thread_blocked, id=19248, stack(0x00007f8704654000,0x00007f8704755000)]
  0x00007f86d8001000 JavaThread "JDWP Command Reader" daemon [_thread_in_native, id=19244, stack(0x00007f8704755000,0x00007f8704856000)]
  0x00007f87100ae800 JavaThread "JDWP Event Helper Thread" daemon [_thread_blocked, id=19243, stack(0x00007f8704856000,0x00007f8704957000)]
=>0x00007f87100ab000 JavaThread "JDWP Transport Listener: dt_socket" daemon [_thread_in_vm, id=19240, stack(0x00007f8704957000,0x00007f8704a58000)]
  0x00007f871009e000 JavaThread "Signal Dispatcher" daemon [_thread_blocked, id=19238, stack(0x00007f8704c5c000,0x00007f8704d5d000)]
  0x00007f871007c800 JavaThread "Finalizer" daemon [_thread_blocked, id=19237, stack(0x00007f8704d5d000,0x00007f8704e5e000)]
  0x00007f871007a800 JavaThread "Reference Handler" daemon [_thread_blocked, id=19236, stack(0x00007f8704e5e000,0x00007f8704f5f000)]

Other Threads:
  0x00007f8710076000 VMThread [stack: 0x00007f8704f5f000,0x00007f8705060000] [id=19235]
  0x00007f87100c0800 WatcherThread [stack: 0x00007f8704351000,0x00007f8704452000] [id=19251]

VM state:not at safepoint (normal execution)

VM Mutex/Monitor currently owned by a thread: None

Heap
 PSYoungGen      total 17920K, used 6501K [0x00000000ec100000, 0x00000000ed500000, 0x0000000100000000)
  eden space 15360K, 42% used [0x00000000ec100000,0x00000000ec759598,0x00000000ed000000)
  from space 2560K, 0% used [0x00000000ed280000,0x00000000ed280000,0x00000000ed500000)
  to   space 2560K, 0% used [0x00000000ed000000,0x00000000ed000000,0x00000000ed280000)
 ParOldGen       total 40448K, used 0K [0x00000000c4400000, 0x00000000c6b80000, 0x00000000ec100000)
  object space 40448K, 0% used [0x00000000c4400000,0x00000000c4400000,0x00000000c6b80000)
 PSPermGen       total 21504K, used 12725K [0x00000000b9e00000, 0x00000000bb300000, 0x00000000c4400000)
  object space 21504K, 59% used [0x00000000b9e00000,0x00000000baa6d538,0x00000000bb300000)

Card table byte_map: [0x00007f870cdce000,0x00007f870d000000] byte_map_base: 0x00007f870c7ff000

Polling page: 0x00007f8717457000

Code Cache  [0x00007f870d000000, 0x00007f870d270000, 0x00007f8710000000)
 total_blobs=516 nmethods=46 adapters=431 free_code_cache=48514Kb largest_free_block=49662208

Compilation events (10 events):
Event: 0,714 Thread 0x00007f87100b1000 nmethod 40 0x00007f870d08e6d0 code [0x00007f870d08e840, 0x00007f870d08ebc8]
Event: 0,714 Thread 0x00007f87100b1000   42   !         sun.font.Type1Font::nextTokenType (54 bytes)
Event: 0,720 Thread 0x00007f87100b1000 nmethod 42 0x00007f870d099e50 code [0x00007f870d099fe0, 0x00007f870d09a2d8]
Event: 0,729 Thread 0x00007f87100b1000   43             java.lang.String::startsWith (72 bytes)
Event: 0,733 Thread 0x00007f87100b1000 nmethod 43 0x00007f870d08e150 code [0x00007f870d08e2a0, 0x00007f870d08e538]
Event: 0,741 Thread 0x00007f87100b3800 nmethod 41 0x00007f870d0a0c10 code [0x00007f870d0a0f40, 0x00007f870d0a20f0]
Event: 0,785 Thread 0x00007f87100b1000   44             java.lang.Enum::ordinal (5 bytes)
Event: 0,786 Thread 0x00007f87100b1000 nmethod 44 0x00007f870d09a890 code [0x00007f870d09a9c0, 0x00007f870d09aa18]
Event: 0,786 Thread 0x00007f87100b1000   45             sun.util.logging.PlatformLogger$Level::intValue (9 bytes)
Event: 0,786 Thread 0x00007f87100b1000 nmethod 45 0x00007f870d099c10 code [0x00007f870d099d40, 0x00007f870d099db8]

GC Heap History (0 events):
No events

Deoptimization events (0 events):
No events

Internal exceptions (10 events):
Event: 0,302 Thread 0x00007f8710241000 Threw 0x00000000ec344708 at /build/java7-openjdk/src/icedtea-2.4.1/openjdk/hotspot/src/share/vm/prims/jvm.cpp:1244
Event: 0,303 Thread 0x00007f8710241000 Threw 0x00000000ec345e18 at /build/java7-openjdk/src/icedtea-2.4.1/openjdk/hotspot/src/share/vm/prims/jvm.cpp:1244
Event: 0,304 Thread 0x00007f8710241000 Threw 0x00000000ec347770 at /build/java7-openjdk/src/icedtea-2.4.1/openjdk/hotspot/src/share/vm/prims/jvm.cpp:1244
Event: 0,315 Thread 0x00007f8710241000 Threw 0x00000000ec35c328 at /build/java7-openjdk/src/icedtea-2.4.1/openjdk/hotspot/src/share/vm/prims/jvm.cpp:1244
Event: 0,322 Thread 0x00007f8710241000 Threw 0x00000000ec368050 at /build/java7-openjdk/src/icedtea-2.4.1/openjdk/hotspot/src/share/vm/prims/jvm.cpp:1244
Event: 0,323 Thread 0x00007f8710241000 Threw 0x00000000ec36a4d0 at /build/java7-openjdk/src/icedtea-2.4.1/openjdk/hotspot/src/share/vm/prims/jvm.cpp:1244
Event: 0,419 Thread 0x00007f8710241000 Threw 0x00000000ec3f9148 at /build/java7-openjdk/src/icedtea-2.4.1/openjdk/hotspot/src/share/vm/prims/jvm.cpp:1244
Event: 0,419 Thread 0x00007f8710241000 Threw 0x00000000ec3faa70 at /build/java7-openjdk/src/icedtea-2.4.1/openjdk/hotspot/src/share/vm/prims/jvm.cpp:1244
Event: 0,791 Thread 0x00007f8710241000 Threw 0x00000000ec6fc3e8 at /build/java7-openjdk/src/icedtea-2.4.1/openjdk/hotspot/src/share/vm/prims/jni.cpp:743
Event: 1,548 Thread 0x00007f8710241000 Threw 0x00000000ec71f188 at /build/java7-openjdk/src/icedtea-2.4.1/openjdk/hotspot/src/share/vm/prims/jvm.cpp:1244

Events (10 events):
Event: 17,501 Executing VM operation: GetCurrentLocation
Event: 17,501 Executing VM operation: GetCurrentLocation done
Event: 17,501 Executing VM operation: ChangeSingleStep
Event: 17,501 Executing VM operation: ChangeSingleStep done
Event: 17,502 Executing VM operation: ChangeSingleStep
Event: 17,502 Executing VM operation: ChangeSingleStep done
Event: 17,514 Executing VM operation: GetOrSetLocal
Event: 17,515 Executing VM operation: GetOrSetLocal done
Event: 17,519 Executing VM operation: GetOrSetLocal
Event: 17,520 Executing VM operation: GetOrSetLocal done


Dynamic libraries:
00400000-00401000 r-xp 00000000 08:06 5378347                            /usr/lib/jvm/java-7-openjdk/jre/bin/java
00600000-00601000 rw-p 00000000 08:06 5378347                            /usr/lib/jvm/java-7-openjdk/jre/bin/java
00f0d000-00f2e000 rw-p 00000000 00:00 0                                  [heap]
b9e00000-bb300000 rw-p 00000000 00:00 0 
bb300000-c4400000 rw-p 00000000 00:00 0 
c4400000-c6b80000 rw-p 00000000 00:00 0 
c6b80000-ec100000 rw-p 00000000 00:00 0 
ec100000-ed500000 rw-p 00000000 00:00 0 
ed500000-100000000 rw-p 00000000 00:00 0 
7f86ac000000-7f86ac2f9000 rw-p 00000000 00:00 0 
7f86ac2f9000-7f86b0000000 ---p 00000000 00:00 0 
7f86b0000000-7f86b0021000 rw-p 00000000 00:00 0 
7f86b0021000-7f86b4000000 ---p 00000000 00:00 0 
7f86b4000000-7f86b4021000 rw-p 00000000 00:00 0 
7f86b4021000-7f86b8000000 ---p 00000000 00:00 0 
7f86b8000000-7f86b8021000 rw-p 00000000 00:00 0 
7f86b8021000-7f86bc000000 ---p 00000000 00:00 0 
7f86bc000000-7f86bc021000 rw-p 00000000 00:00 0 
7f86bc021000-7f86c0000000 ---p 00000000 00:00 0 
7f86c0000000-7f86c0021000 rw-p 00000000 00:00 0 
7f86c0021000-7f86c4000000 ---p 00000000 00:00 0 
7f86c4ea3000-7f86c4ebe000 r--s 00000000 08:06 5253187                    /usr/share/fonts/Type1/p052003l.pfb
7f86c4ebe000-7f86c4ed0000 r--s 00000000 08:06 5253154                    /usr/share/fonts/Type1/n019044l.pfb
7f86c4ed0000-7f86c4ee3000 r--s 00000000 08:06 5253115                    /usr/share/fonts/Type1/b018015l.pfb
7f86c4ee3000-7f86c4efe000 r--s 00000000 08:06 5253193                    /usr/share/fonts/Type1/p052023l.pfb
7f86c4efe000-7f86c4f0a000 r--s 00000000 08:06 5253136                    /usr/share/fonts/Type1/d050000l.pfb
7f86c4f0a000-7f86c4f23000 r--s 00000000 08:06 5253112                    /usr/share/fonts/Type1/b018012l.pfb
7f86c4f23000-7f86c4f3e000 r--s 00000000 08:06 5253127                    /usr/share/fonts/Type1/c059016l.pfb
7f86c4f3e000-7f86c4f50000 r--s 00000000 08:06 5253121                    /usr/share/fonts/Type1/b018035l.pfb
7f86c4f50000-7f86c4f68000 r--s 00000000 08:06 5253130                    /usr/share/fonts/Type1/c059033l.pfb
7f86c4f68000-7f86c4f6b000 ---p 00000000 00:00 0 
7f86c4f6b000-7f86c5069000 rw-p 00000000 00:00 0                          [stack:19273]
7f86c5069000-7f86c5079000 r-xp 00000000 08:06 5647495                    /usr/lib/jvm/java-7-openjdk/jre/lib/amd64/libnio.so
7f86c5079000-7f86c5279000 ---p 00010000 08:06 5647495                    /usr/lib/jvm/java-7-openjdk/jre/lib/amd64/libnio.so
7f86c5279000-7f86c527a000 rw-p 00010000 08:06 5647495                    /usr/lib/jvm/java-7-openjdk/jre/lib/amd64/libnio.so
7f86c527a000-7f86c527f000 r-xp 00000000 08:06 4855561                    /usr/lib/libnss_dns-2.17.so
7f86c527f000-7f86c547e000 ---p 00005000 08:06 4855561                    /usr/lib/libnss_dns-2.17.so
7f86c547e000-7f86c547f000 r--p 00004000 08:06 4855561                    /usr/lib/libnss_dns-2.17.so
7f86c547f000-7f86c5480000 rw-p 00005000 08:06 4855561                    /usr/lib/libnss_dns-2.17.so
7f86c5480000-7f86c54b1000 rw-p 00000000 00:00 0 
7f86c54b1000-7f86c54c7000 r-xp 00000000 08:06 5647494                    /usr/lib/jvm/java-7-openjdk/jre/lib/amd64/libnet.so
7f86c54c7000-7f86c56c7000 ---p 00016000 08:06 5647494                    /usr/lib/jvm/java-7-openjdk/jre/lib/amd64/libnet.so
7f86c56c7000-7f86c56c8000 rw-p 00016000 08:06 5647494                    /usr/lib/jvm/java-7-openjdk/jre/lib/amd64/libnet.so
7f86c56c8000-7f86c5714000 r-xp 00000000 08:06 5647510                    /usr/lib/jvm/java-7-openjdk/jre/lib/amd64/libfontmanager.so
7f86c5714000-7f86c5913000 ---p 0004c000 08:06 5647510                    /usr/lib/jvm/java-7-openjdk/jre/lib/amd64/libfontmanager.so
7f86c5913000-7f86c5916000 rw-p 0004b000 08:06 5647510                    /usr/lib/jvm/java-7-openjdk/jre/lib/amd64/libfontmanager.so
7f86c5916000-7f86c5917000 rw-p 00000000 00:00 0 
7f86c5917000-7f86c591a000 ---p 00000000 00:00 0 
7f86c591a000-7f86c5a18000 rw-p 00000000 00:00 0                          [stack:19259]
7f86c5a18000-7f86c5a1b000 ---p 00000000 00:00 0 
7f86c5a1b000-7f86c5b19000 rw-p 00000000 00:00 0                          [stack:19258]
7f86c5b19000-7f86c5b1c000 ---p 00000000 00:00 0 
7f86c5b1c000-7f86c5c1a000 rw-p 00000000 00:00 0                          [stack:19257]
7f86c5c1a000-7f86c5c87000 r-xp 00000000 08:06 4856689                    /usr/lib/libgmp.so.10.1.2
7f86c5c87000-7f86c5e87000 ---p 0006d000 08:06 4856689                    /usr/lib/libgmp.so.10.1.2
7f86c5e87000-7f86c5e88000 r--p 0006d000 08:06 4856689                    /usr/lib/libgmp.so.10.1.2
7f86c5e88000-7f86c5e91000 rw-p 0006e000 08:06 4856689                    /usr/lib/libgmp.so.10.1.2
7f86c5e91000-7f86c5ed6000 r-xp 00000000 08:06 4857887                    /usr/lib/libdbus-1.so.3.7.4
7f86c5ed6000-7f86c60d6000 ---p 00045000 08:06 4857887                    /usr/lib/libdbus-1.so.3.7.4
7f86c60d6000-7f86c60d7000 r--p 00045000 08:06 4857887                    /usr/lib/libdbus-1.so.3.7.4
7f86c60d7000-7f86c60d8000 rw-p 00046000 08:06 4857887                    /usr/lib/libdbus-1.so.3.7.4
7f86c60d8000-7f86c6105000 r-xp 00000000 08:06 4876576                    /usr/lib/libhogweed.so.2.5
7f86c6105000-7f86c6305000 ---p 0002d000 08:06 4876576                    /usr/lib/libhogweed.so.2.5
7f86c6305000-7f86c6306000 r--p 0002d000 08:06 4876576                    /usr/lib/libhogweed.so.2.5
7f86c6306000-7f86c6307000 rw-p 0002e000 08:06 4876576                    /usr/lib/libhogweed.so.2.5
7f86c6307000-7f86c6334000 r-xp 00000000 08:06 4876579                    /usr/lib/libnettle.so.4.7
7f86c6334000-7f86c6533000 ---p 0002d000 08:06 4876579                    /usr/lib/libnettle.so.4.7
7f86c6533000-7f86c6534000 r--p 0002c000 08:06 4876579                    /usr/lib/libnettle.so.4.7
7f86c6534000-7f86c6535000 rw-p 0002d000 08:06 4876579                    /usr/lib/libnettle.so.4.7
7f86c6535000-7f86c6547000 r-xp 00000000 08:06 4876515                    /usr/lib/libtasn1.so.6.1.1
7f86c6547000-7f86c6747000 ---p 00012000 08:06 4876515                    /usr/lib/libtasn1.so.6.1.1
7f86c6747000-7f86c6748000 r--p 00012000 08:06 4876515                    /usr/lib/libtasn1.so.6.1.1
7f86c6748000-7f86c6749000 rw-p 00013000 08:06 4876515                    /usr/lib/libtasn1.so.6.1.1
7f86c6749000-7f86c6767000 r-xp 00000000 08:06 4881603                    /usr/lib/libp11-kit.so.0.0.0
7f86c6767000-7f86c6967000 ---p 0001e000 08:06 4881603                    /usr/lib/libp11-kit.so.0.0.0
7f86c6967000-7f86c6969000 r--p 0001e000 08:06 4881603                    /usr/lib/libp11-kit.so.0.0.0
7f86c6969000-7f86c696a000 rw-p 00020000 08:06 4881603                    /usr/lib/libp11-kit.so.0.0.0
7f86c696a000-7f86c696d000 r-xp 00000000 08:06 4861846                    /usr/lib/libkeyutils.so.1.4
7f86c696d000-7f86c6b6c000 ---p 00003000 08:06 4861846                    /usr/lib/libkeyutils.so.1.4
7f86c6b6c000-7f86c6b6d000 r--p 00002000 08:06 4861846                    /usr/lib/libkeyutils.so.1.4
7f86c6b6d000-7f86c6b6e000 rw-p 00003000 08:06 4861846                    /usr/lib/libkeyutils.so.1.4
7f86c6b6e000-7f86c6b79000 r-xp 00000000 08:06 4861920                    /usr/lib/libkrb5support.so.0.1
7f86c6b79000-7f86c6d79000 ---p 0000b000 08:06 4861920                    /usr/lib/libkrb5support.so.0.1
7f86c6d79000-7f86c6d7a000 r--p 0000b000 08:06 4861920                    /usr/lib/libkrb5support.so.0.1
7f86c6d7a000-7f86c6d7b000 rw-p 0000c000 08:06 4861920                    /usr/lib/libkrb5support.so.0.1
7f86c6d7b000-7f86c6d80000 r-xp 00000000 08:06 4871977                    /usr/lib/libXxf86vm.so.1.0.0
7f86c6d80000-7f86c6f7f000 ---p 00005000 08:06 4871977                    /usr/lib/libXxf86vm.so.1.0.0
7f86c6f7f000-7f86c6f80000 r--p 00004000 08:06 4871977                    /usr/lib/libXxf86vm.so.1.0.0
7f86c6f80000-7f86c6f81000 rw-p 00005000 08:06 4871977                    /usr/lib/libXxf86vm.so.1.0.0
7f86c6f81000-7f86c6f96000 r-xp 00000000 08:06 4870668                    /usr/lib/libxcb-glx.so.0.0.0
7f86c6f96000-7f86c7196000 ---p 00015000 08:06 4870668                    /usr/lib/libxcb-glx.so.0.0.0
7f86c7196000-7f86c7198000 r--p 00015000 08:06 4870668                    /usr/lib/libxcb-glx.so.0.0.0
7f86c7198000-7f86c7199000 rw-p 00017000 08:06 4870668                    /usr/lib/libxcb-glx.so.0.0.0
7f86c7199000-7f86c71a9000 r-xp 00000000 08:06 4852031                    /usr/lib/libudev.so.1.3.5
7f86c71a9000-7f86c73a9000 ---p 00010000 08:06 4852031                    /usr/lib/libudev.so.1.3.5
7f86c73a9000-7f86c73aa000 r--p 00010000 08:06 4852031                    /usr/lib/libudev.so.1.3.5
7f86c73aa000-7f86c73ab000 rw-p 00011000 08:06 4852031                    /usr/lib/libudev.so.1.3.5
7f86c73ab000-7f86c73cc000 r-xp 00000000 08:06 4852906                    /usr/lib/libglapi.so.0.0.0
7f86c73cc000-7f86c75cc000 ---p 00021000 08:06 4852906                    /usr/lib/libglapi.so.0.0.0
7f86c75cc000-7f86c75cf000 r--p 00021000 08:06 4852906                    /usr/lib/libglapi.so.0.0.0
7f86c75cf000-7f86c75d0000 rw-p 00024000 08:06 4852906                    /usr/lib/libglapi.so.0.0.0
7f86c75d0000-7f86c75d1000 rw-p 00000000 00:00 0 
7f86c75d1000-7f86c75d6000 r-xp 00000000 08:06 4852875                    /usr/lib/libgbm.so.1.0.0
7f86c75d6000-7f86c77d5000 ---p 00005000 08:06 4852875                    /usr/lib/libgbm.so.1.0.0
7f86c77d5000-7f86c77d6000 r--p 00004000 08:06 4852875                    /usr/lib/libgbm.so.1.0.0
7f86c77d6000-7f86c77d7000 rw-p 00005000 08:06 4852875                    /usr/lib/libgbm.so.1.0.0
7f86c77d7000-7f86c77e6000 r-xp 00000000 08:06 4878062                    /usr/lib/libwayland-server.so.0.0.0
7f86c77e6000-7f86c79e6000 ---p 0000f000 08:06 4878062                    /usr/lib/libwayland-server.so.0.0.0
7f86c79e6000-7f86c79e8000 r--p 0000f000 08:06 4878062                    /usr/lib/libwayland-server.so.0.0.0
7f86c79e8000-7f86c79e9000 rw-p 00011000 08:06 4878062                    /usr/lib/libwayland-server.so.0.0.0
7f86c79e9000-7f86c79f3000 r-xp 00000000 08:06 4878063                    /usr/lib/libwayland-client.so.0.1.0
7f86c79f3000-7f86c7bf2000 ---p 0000a000 08:06 4878063                    /usr/lib/libwayland-client.so.0.1.0
7f86c7bf2000-7f86c7bf4000 r--p 00009000 08:06 4878063                    /usr/lib/libwayland-client.so.0.1.0
7f86c7bf4000-7f86c7bf5000 rw-p 0000b000 08:06 4878063                    /usr/lib/libwayland-client.so.0.1.0
7f86c7bf5000-7f86c7bf7000 r-xp 00000000 08:06 4870720                    /usr/lib/libxcb-shape.so.0.0.0
7f86c7bf7000-7f86c7df7000 ---p 00002000 08:06 4870720                    /usr/lib/libxcb-shape.so.0.0.0
7f86c7df7000-7f86c7df8000 r--p 00002000 08:06 4870720                    /usr/lib/libxcb-shape.so.0.0.0
7f86c7df8000-7f86c7df9000 rw-p 00003000 08:06 4870720                    /usr/lib/libxcb-shape.so.0.0.0
7f86c7df9000-7f86c7dfe000 r-xp 00000000 08:06 4870695                    /usr/lib/libxcb-xfixes.so.0.0.0
7f86c7dfe000-7f86c7ffe000 ---p 00005000 08:06 4870695                    /usr/lib/libxcb-xfixes.so.0.0.0
7f86c7ffe000-7f86c7fff000 r--p 00005000 08:06 4870695                    /usr/lib/libxcb-xfixes.so.0.0.0
7f86c7fff000-7f86c8000000 rw-p 00006000 08:06 4870695                    /usr/lib/libxcb-xfixes.so.0.0.0
7f86c8000000-7f86c82ed000 rw-p 00000000 00:00 0 
7f86c82ed000-7f86cc000000 ---p 00000000 00:00 0 
7f86cc000000-7f86cc021000 rw-p 00000000 00:00 0 
7f86cc021000-7f86d0000000 ---p 00000000 00:00 0 
7f86d0000000-7f86d0021000 rw-p 00000000 00:00 0 
7f86d0021000-7f86d4000000 ---p 00000000 00:00 0 
7f86d4000000-7f86d42cd000 rw-p 00000000 00:00 0 
7f86d42cd000-7f86d8000000 ---p 00000000 00:00 0 
7f86d8000000-7f86d8021000 rw-p 00000000 00:00 0 
7f86d8021000-7f86dc000000 ---p 00000000 00:00 0 
7f86dc000000-7f86dc021000 rw-p 00000000 00:00 0 
7f86dc021000-7f86e0000000 ---p 00000000 00:00 0 
7f86e0000000-7f86e0021000 rw-p 00000000 00:00 0 
7f86e0021000-7f86e4000000 ---p 00000000 00:00 0 
7f86e4000000-7f86e4021000 rw-p 00000000 00:00 0 
7f86e4021000-7f86e8000000 ---p 00000000 00:00 0 
7f86e8000000-7f86e8021000 rw-p 00000000 00:00 0 
7f86e8021000-7f86ec000000 ---p 00000000 00:00 0 
7f86ec000000-7f86ec021000 rw-p 00000000 00:00 0 
7f86ec021000-7f86f0000000 ---p 00000000 00:00 0 
7f86f0000000-7f86f0021000 rw-p 00000000 00:00 0 
7f86f0021000-7f86f4000000 ---p 00000000 00:00 0 
7f86f4000000-7f86f4010000 r--s 00000000 08:06 5253106                    /usr/share/fonts/Type1/a010033l.pfb
7f86f4010000-7f86f4021000 r--s 00000000 08:06 5253157                    /usr/share/fonts/Type1/n019063l.pfb
7f86f4021000-7f86f4033000 r--s 00000000 08:06 5253151                    /usr/share/fonts/Type1/n019043l.pfb
7f86f4033000-7f86f4044000 r--s 00000000 08:06 5253109                    /usr/share/fonts/Type1/a010035l.pfb
7f86f4044000-7f86f4059000 r--s 00000000 08:06 5253118                    /usr/share/fonts/Type1/b018032l.pfb
7f86f4059000-7f86f4070000 r--s 00000000 08:06 5253202                    /usr/share/fonts/Type1/z003034l.pfb
7f86f4070000-7f86f4073000 r-xp 00000000 08:06 4870724                    /usr/lib/libxcb-dri2.so.0.0.0
7f86f4073000-7f86f4273000 ---p 00003000 08:06 4870724                    /usr/lib/libxcb-dri2.so.0.0.0
7f86f4273000-7f86f4274000 r--p 00003000 08:06 4870724                    /usr/lib/libxcb-dri2.so.0.0.0
7f86f4274000-7f86f4275000 rw-p 00004000 08:06 4870724                    /usr/lib/libxcb-dri2.so.0.0.0
7f86f4275000-7f86f4276000 r-xp 00000000 08:06 4871596                    /usr/lib/libX11-xcb.so.1.0.0
7f86f4276000-7f86f4475000 ---p 00001000 08:06 4871596                    /usr/lib/libX11-xcb.so.1.0.0
7f86f4475000-7f86f4476000 r--p 00000000 08:06 4871596                    /usr/lib/libX11-xcb.so.1.0.0
7f86f4476000-7f86f4477000 rw-p 00001000 08:06 4871596                    /usr/lib/libX11-xcb.so.1.0.0
7f86f4477000-7f86f4491000 r-xp 00000000 08:06 4875099                    /usr/lib/libgraphite2.so.3.0.1
7f86f4491000-7f86f4690000 ---p 0001a000 08:06 4875099                    /usr/lib/libgraphite2.so.3.0.1
7f86f4690000-7f86f4692000 r--p 00019000 08:06 4875099                    /usr/lib/libgraphite2.so.3.0.1
7f86f4692000-7f86f4693000 rw-p 0001b000 08:06 4875099                    /usr/lib/libgraphite2.so.3.0.1
7f86f4693000-7f86f4698000 r-xp 00000000 08:06 4868554                    /usr/lib/libXdmcp.so.6.0.0
7f86f4698000-7f86f4897000 ---p 00005000 08:06 4868554                    /usr/lib/libXdmcp.so.6.0.0
7f86f4897000-7f86f4898000 r--p 00004000 08:06 4868554                    /usr/lib/libXdmcp.so.6.0.0
7f86f4898000-7f86f4899000 rw-p 00005000 08:06 4868554                    /usr/lib/libXdmcp.so.6.0.0
7f86f4899000-7f86f489b000 r-xp 00000000 08:06 4868618                    /usr/lib/libXau.so.6.0.0
7f86f489b000-7f86f4a9b000 ---p 00002000 08:06 4868618                    /usr/lib/libXau.so.6.0.0
7f86f4a9b000-7f86f4a9c000 r--p 00002000 08:06 4868618                    /usr/lib/libXau.so.6.0.0
7f86f4a9c000-7f86f4a9d000 rw-p 00003000 08:06 4868618                    /usr/lib/libXau.so.6.0.0
7f86f4a9d000-7f86f4aa5000 r-xp 00000000 08:06 4850023                    /usr/lib/libcrypt-2.17.so
7f86f4aa5000-7f86f4ca4000 ---p 00008000 08:06 4850023                    /usr/lib/libcrypt-2.17.so
7f86f4ca4000-7f86f4ca5000 r--p 00007000 08:06 4850023                    /usr/lib/libcrypt-2.17.so
7f86f4ca5000-7f86f4ca6000 rw-p 00008000 08:06 4850023                    /usr/lib/libcrypt-2.17.so
7f86f4ca6000-7f86f4cd4000 rw-p 00000000 00:00 0 
7f86f4cd4000-7f86f4ce4000 r-xp 00000000 08:06 4873315                    /usr/lib/libavahi-client.so.3.2.9
7f86f4ce4000-7f86f4ee3000 ---p 00010000 08:06 4873315                    /usr/lib/libavahi-client.so.3.2.9
7f86f4ee3000-7f86f4ee4000 r--p 0000f000 08:06 4873315                    /usr/lib/libavahi-client.so.3.2.9
7f86f4ee4000-7f86f4ee5000 rw-p 00010000 08:06 4873315                    /usr/lib/libavahi-client.so.3.2.9
7f86f4ee5000-7f86f4ef1000 r-xp 00000000 08:06 4873309                    /usr/lib/libavahi-common.so.3.5.3
7f86f4ef1000-7f86f50f0000 ---p 0000c000 08:06 4873309                    /usr/lib/libavahi-common.so.3.5.3
7f86f50f0000-7f86f50f1000 r--p 0000b000 08:06 4873309                    /usr/lib/libavahi-common.so.3.5.3
7f86f50f1000-7f86f50f2000 rw-p 0000c000 08:06 4873309                    /usr/lib/libavahi-common.so.3.5.3
7f86f50f2000-7f86f51f7000 r-xp 00000000 08:06 4881106                    /usr/lib/libgnutls.so.28.22.0
7f86f51f7000-7f86f53f7000 ---p 00105000 08:06 4881106                    /usr/lib/libgnutls.so.28.22.0
7f86f53f7000-7f86f53ff000 r--p 00105000 08:06 4881106                    /usr/lib/libgnutls.so.28.22.0
7f86f53ff000-7f86f5401000 rw-p 0010d000 08:06 4881106                    /usr/lib/libgnutls.so.28.22.0
7f86f5401000-7f86f5402000 rw-p 00000000 00:00 0 
7f86f5402000-7f86f5405000 r-xp 00000000 08:06 4873168                    /usr/lib/libcom_err.so.2.1
7f86f5405000-7f86f5604000 ---p 00003000 08:06 4873168                    /usr/lib/libcom_err.so.2.1
7f86f5604000-7f86f5605000 r--p 00002000 08:06 4873168                    /usr/lib/libcom_err.so.2.1
7f86f5605000-7f86f5606000 rw-p 00003000 08:06 4873168                    /usr/lib/libcom_err.so.2.1
7f86f5606000-7f86f5638000 r-xp 00000000 08:06 4861925                    /usr/lib/libk5crypto.so.3.1
7f86f5638000-7f86f5837000 ---p 00032000 08:06 4861925                    /usr/lib/libk5crypto.so.3.1
7f86f5837000-7f86f5839000 r--p 00031000 08:06 4861925                    /usr/lib/libk5crypto.so.3.1
7f86f5839000-7f86f583a000 rw-p 00033000 08:06 4861925                    /usr/lib/libk5crypto.so.3.1
7f86f583a000-7f86f583b000 rw-p 00000000 00:00 0 
7f86f583b000-7f86f5909000 r-xp 00000000 08:06 4861926                    /usr/lib/libkrb5.so.3.3
7f86f5909000-7f86f5b08000 ---p 000ce000 08:06 4861926                    /usr/lib/libkrb5.so.3.3
7f86f5b08000-7f86f5b16000 r--p 000cd000 08:06 4861926                    /usr/lib/libkrb5.so.3.3
7f86f5b16000-7f86f5b19000 rw-p 000db000 08:06 4861926                    /usr/lib/libkrb5.so.3.3
7f86f5b19000-7f86f5b60000 r-xp 00000000 08:06 4861927                    /usr/lib/libgssapi_krb5.so.2.2
7f86f5b60000-7f86f5d60000 ---p 00047000 08:06 4861927                    /usr/lib/libgssapi_krb5.so.2.2
7f86f5d60000-7f86f5d61000 r--p 00047000 08:06 4861927                    /usr/lib/libgssapi_krb5.so.2.2
7f86f5d61000-7f86f5d63000 rw-p 00048000 08:06 4861927                    /usr/lib/libgssapi_krb5.so.2.2
7f86f5d63000-7f86f5d8a000 r-xp 00000000 08:06 4850569                    /usr/lib/libexpat.so.1.6.0
7f86f5d8a000-7f86f5f8a000 ---p 00027000 08:06 4850569                    /usr/lib/libexpat.so.1.6.0
7f86f5f8a000-7f86f5f8c000 r--p 00027000 08:06 4850569                    /usr/lib/libexpat.so.1.6.0
7f86f5f8c000-7f86f5f8d000 rw-p 00029000 08:06 4850569                    /usr/lib/libexpat.so.1.6.0
7f86f5f8d000-7f86f5f9c000 r-xp 00000000 08:06 4855961                    /usr/lib/libbz2.so.1.0.6
7f86f5f9c000-7f86f619b000 ---p 0000f000 08:06 4855961                    /usr/lib/libbz2.so.1.0.6
7f86f619b000-7f86f619d000 rw-p 0000e000 08:06 4855961                    /usr/lib/libbz2.so.1.0.6
7f86f619d000-7f86f61b0000 r-xp 00000000 08:06 4850008                    /usr/lib/libresolv-2.17.so
7f86f61b0000-7f86f63b0000 ---p 00013000 08:06 4850008                    /usr/lib/libresolv-2.17.so
7f86f63b0000-7f86f63b1000 r--p 00013000 08:06 4850008                    /usr/lib/libresolv-2.17.so
7f86f63b1000-7f86f63b2000 rw-p 00014000 08:06 4850008                    /usr/lib/libresolv-2.17.so
7f86f63b2000-7f86f63b4000 rw-p 00000000 00:00 0 
7f86f63b4000-7f86f641c000 r-xp 00000000 08:06 4858073                    /usr/lib/libpcre.so.1.2.1
7f86f641c000-7f86f661c000 ---p 00068000 08:06 4858073                    /usr/lib/libpcre.so.1.2.1
7f86f661c000-7f86f661d000 r--p 00068000 08:06 4858073                    /usr/lib/libpcre.so.1.2.1
7f86f661d000-7f86f661e000 rw-p 00069000 08:06 4858073                    /usr/lib/libpcre.so.1.2.1
7f86f661e000-7f86f6625000 r-xp 00000000 08:06 4852836                    /usr/lib/libffi.so.6.0.1
7f86f6625000-7f86f6824000 ---p 00007000 08:06 4852836                    /usr/lib/libffi.so.6.0.1
7f86f6824000-7f86f6825000 r--p 00006000 08:06 4852836                    /usr/lib/libffi.so.6.0.1
7f86f6825000-7f86f6826000 rw-p 00007000 08:06 4852836                    /usr/lib/libffi.so.6.0.1
7f86f6826000-7f86f6880000 r-xp 00000000 08:06 4857806                    /usr/lib/mesa-libGL.so.1.2.0
7f86f6880000-7f86f6a80000 ---p 0005a000 08:06 4857806                    /usr/lib/mesa-libGL.so.1.2.0
7f86f6a80000-7f86f6a82000 r--p 0005a000 08:06 4857806                    /usr/lib/mesa-libGL.so.1.2.0
7f86f6a82000-7f86f6a83000 rw-p 0005c000 08:06 4857806                    /usr/lib/mesa-libGL.so.1.2.0
7f86f6a83000-7f86f6a84000 rw-p 00000000 00:00 0 
7f86f6a84000-7f86f6a8c000 r-xp 00000000 08:06 4870740                    /usr/lib/libxcb-render.so.0.0.0
7f86f6a8c000-7f86f6c8c000 ---p 00008000 08:06 4870740                    /usr/lib/libxcb-render.so.0.0.0
7f86f6c8c000-7f86f6c8d000 r--p 00008000 08:06 4870740                    /usr/lib/libxcb-render.so.0.0.0
7f86f6c8d000-7f86f6c8e000 rw-p 00009000 08:06 4870740                    /usr/lib/libxcb-render.so.0.0.0
7f86f6c8e000-7f86f6c90000 r-xp 00000000 08:06 4870669                    /usr/lib/libxcb-shm.so.0.0.0
7f86f6c90000-7f86f6e8f000 ---p 00002000 08:06 4870669                    /usr/lib/libxcb-shm.so.0.0.0
7f86f6e8f000-7f86f6e90000 r--p 00001000 08:06 4870669                    /usr/lib/libxcb-shm.so.0.0.0
7f86f6e90000-7f86f6e91000 rw-p 00002000 08:06 4870669                    /usr/lib/libxcb-shm.so.0.0.0
7f86f6e91000-7f86f6ec5000 r-xp 00000000 08:06 4872836                    /usr/lib/libpng16.so.16.2.0
7f86f6ec5000-7f86f70c4000 ---p 00034000 08:06 4872836                    /usr/lib/libpng16.so.16.2.0
7f86f70c4000-7f86f70c5000 r--p 00033000 08:06 4872836                    /usr/lib/libpng16.so.16.2.0
7f86f70c5000-7f86f70c6000 rw-p 00034000 08:06 4872836                    /usr/lib/libpng16.so.16.2.0
7f86f70c6000-7f86f70e7000 r-xp 00000000 08:06 4852887                    /usr/lib/libEGL.so.1.0.0
7f86f70e7000-7f86f72e7000 ---p 00021000 08:06 4852887                    /usr/lib/libEGL.so.1.0.0
7f86f72e7000-7f86f72e8000 r--p 00021000 08:06 4852887                    /usr/lib/libEGL.so.1.0.0
7f86f72e8000-7f86f72e9000 rw-p 00022000 08:06 4852887                    /usr/lib/libEGL.so.1.0.0
7f86f72e9000-7f86f738a000 r-xp 00000000 08:06 4868604                    /usr/lib/libpixman-1.so.0.30.0
7f86f738a000-7f86f758a000 ---p 000a1000 08:06 4868604                    /usr/lib/libpixman-1.so.0.30.0
7f86f758a000-7f86f7591000 r--p 000a1000 08:06 4868604                    /usr/lib/libpixman-1.so.0.30.0
7f86f7591000-7f86f7592000 rw-p 000a8000 08:06 4868604                    /usr/lib/libpixman-1.so.0.30.0
7f86f7592000-7f86f75e3000 r-xp 00000000 08:06 4868521                    /usr/lib/libharfbuzz.so.0.918.0
7f86f75e3000-7f86f77e3000 ---p 00051000 08:06 4868521                    /usr/lib/libharfbuzz.so.0.918.0
7f86f77e3000-7f86f77e4000 r--p 00051000 08:06 4868521                    /usr/lib/libharfbuzz.so.0.918.0
7f86f77e4000-7f86f77e5000 rw-p 00052000 08:06 4868521                    /usr/lib/libharfbuzz.so.0.918.0
7f86f77e5000-7f86f77e7000 r-xp 00000000 08:06 4871988                    /usr/lib/libXdamage.so.1.1.0
7f86f77e7000-7f86f79e6000 ---p 00002000 08:06 4871988                    /usr/lib/libXdamage.so.1.1.0
7f86f79e6000-7f86f79e7000 r--p 00001000 08:06 4871988                    /usr/lib/libXdamage.so.1.1.0
7f86f79e7000-7f86f79e8000 rw-p 00002000 08:06 4871988                    /usr/lib/libXdamage.so.1.1.0
7f86f79e8000-7f86f79ea000 r-xp 00000000 08:06 4880765                    /usr/lib/libXcomposite.so.1.0.0
7f86f79ea000-7f86f7be9000 ---p 00002000 08:06 4880765                    /usr/lib/libXcomposite.so.1.0.0
7f86f7be9000-7f86f7bea000 r--p 00001000 08:06 4880765                    /usr/lib/libXcomposite.so.1.0.0
7f86f7bea000-7f86f7beb000 rw-p 00002000 08:06 4880765                    /usr/lib/libXcomposite.so.1.0.0
7f86f7beb000-7f86f7bf5000 r-xp 00000000 08:06 4877580                    /usr/lib/libXcursor.so.1.0.2
7f86f7bf5000-7f86f7df4000 ---p 0000a000 08:06 4877580                    /usr/lib/libXcursor.so.1.0.2
7f86f7df4000-7f86f7df5000 r--p 00009000 08:06 4877580                    /usr/lib/libXcursor.so.1.0.2
7f86f7df5000-7f86f7df6000 rw-p 0000a000 08:06 4877580                    /usr/lib/libXcursor.so.1.0.2
7f86f7df6000-7f86f7dff000 r-xp 00000000 08:06 4872885                    /usr/lib/libXrandr.so.2.2.0
7f86f7dff000-7f86f7ffe000 ---p 00009000 08:06 4872885                    /usr/lib/libXrandr.so.2.2.0
7f86f7ffe000-7f86f7fff000 r--p 00008000 08:06 4872885                    /usr/lib/libXrandr.so.2.2.0
7f86f7fff000-7f86f8000000 rw-p 00009000 08:06 4872885                    /usr/lib/libXrandr.so.2.2.0
7f86f8000000-7f86f8021000 rw-p 00000000 00:00 0 
7f86f8021000-7f86fc000000 ---p 00000000 00:00 0 
7f86fc000000-7f86fc010000 r--s 00000000 08:06 5248813                    /usr/share/fonts/Type1/a010013l.pfb
7f86fc010000-7f86fc02b000 r--s 00000000 08:06 5253190                    /usr/share/fonts/Type1/p052004l.pfb
7f86fc02b000-7f86fc043000 r--s 00000000 08:06 5253133                    /usr/share/fonts/Type1/c059036l.pfb
7f86fc043000-7f86fc056000 r--s 00000000 08:06 5253160                    /usr/share/fonts/Type1/n019064l.pfb
7f86fc056000-7f86fc070000 r--s 00000000 08:06 5253124                    /usr/share/fonts/Type1/c059013l.pfb
7f86fc070000-7f86fc073000 ---p 00000000 00:00 0 
7f86fc073000-7f86fc171000 rw-p 00000000 00:00 0                          [stack:19256]
7f86fc171000-7f86fc173000 r-xp 00000000 08:06 4880775                    /usr/lib/libXinerama.so.1.0.0
7f86fc173000-7f86fc372000 ---p 00002000 08:06 4880775                    /usr/lib/libXinerama.so.1.0.0
7f86fc372000-7f86fc373000 r--p 00001000 08:06 4880775                    /usr/lib/libXinerama.so.1.0.0
7f86fc373000-7f86fc374000 rw-p 00002000 08:06 4880775                    /usr/lib/libXinerama.so.1.0.0
7f86fc374000-7f86fc379000 r-xp 00000000 08:06 4871983                    /usr/lib/libXfixes.so.3.1.0
7f86fc379000-7f86fc578000 ---p 00005000 08:06 4871983                    /usr/lib/libXfixes.so.3.1.0
7f86fc578000-7f86fc579000 r--p 00004000 08:06 4871983                    /usr/lib/libXfixes.so.3.1.0
7f86fc579000-7f86fc57a000 rw-p 00005000 08:06 4871983                    /usr/lib/libXfixes.so.3.1.0
7f86fc57a000-7f86fc57d000 r-xp 00000000 08:06 4858143                    /usr/lib/libgmodule-2.0.so.0.3600.3
7f86fc57d000-7f86fc77c000 ---p 00003000 08:06 4858143                    /usr/lib/libgmodule-2.0.so.0.3600.3
7f86fc77c000-7f86fc77d000 r--p 00002000 08:06 4858143                    /usr/lib/libgmodule-2.0.so.0.3600.3
7f86fc77d000-7f86fc77e000 rw-p 00003000 08:06 4858143                    /usr/lib/libgmodule-2.0.so.0.3600.3
7f86fc77e000-7f86fc79c000 r-xp 00000000 08:06 4870706                    /usr/lib/libxcb.so.1.1.0
7f86fc79c000-7f86fc99b000 ---p 0001e000 08:06 4870706                    /usr/lib/libxcb.so.1.1.0
7f86fc99b000-7f86fc99c000 r--p 0001d000 08:06 4870706                    /usr/lib/libxcb.so.1.1.0
7f86fc99c000-7f86fc99d000 rw-p 0001e000 08:06 4870706                    /usr/lib/libxcb.so.1.1.0
7f86fc99d000-7f86fc9fa000 r-xp 00000000 08:06 4873623                    /usr/lib/libcups.so.2
7f86fc9fa000-7f86fcbfa000 ---p 0005d000 08:06 4873623                    /usr/lib/libcups.so.2
7f86fcbfa000-7f86fcbff000 rw-p 0005d000 08:06 4873623                    /usr/lib/libcups.so.2
7f86fcbff000-7f86fccfb000 r-xp 00000000 08:06 4858142                    /usr/lib/libglib-2.0.so.0.3600.3
7f86fccfb000-7f86fcefa000 ---p 000fc000 08:06 4858142                    /usr/lib/libglib-2.0.so.0.3600.3
7f86fcefa000-7f86fcefb000 r--p 000fb000 08:06 4858142                    /usr/lib/libglib-2.0.so.0.3600.3
7f86fcefb000-7f86fcefc000 rw-p 000fc000 08:06 4858142                    /usr/lib/libglib-2.0.so.0.3600.3
7f86fcefc000-7f86fcefd000 rw-p 00000000 00:00 0 
7f86fcefd000-7f86fcefe000 r-xp 00000000 08:06 4858144                    /usr/lib/libgthread-2.0.so.0.3600.3
7f86fcefe000-7f86fd0fd000 ---p 00001000 08:06 4858144                    /usr/lib/libgthread-2.0.so.0.3600.3
7f86fd0fd000-7f86fd0fe000 r--p 00000000 08:06 4858144                    /usr/lib/libgthread-2.0.so.0.3600.3
7f86fd0fe000-7f86fd0ff000 rw-p 00001000 08:06 4858144                    /usr/lib/libgthread-2.0.so.0.3600.3
7f86fd0ff000-7f86fd139000 r-xp 00000000 08:06 4871785                    /usr/lib/libfontconfig.so.1.7.0
7f86fd139000-7f86fd338000 ---p 0003a000 08:06 4871785                    /usr/lib/libfontconfig.so.1.7.0
7f86fd338000-7f86fd33a000 r--p 00039000 08:06 4871785                    /usr/lib/libfontconfig.so.1.7.0
7f86fd33a000-7f86fd33b000 rw-p 0003b000 08:06 4871785                    /usr/lib/libfontconfig.so.1.7.0
7f86fd33b000-7f86fd3d7000 r-xp 00000000 08:06 4868440                    /usr/lib/libfreetype.so.6.10.2
7f86fd3d7000-7f86fd5d7000 ---p 0009c000 08:06 4868440                    /usr/lib/libfreetype.so.6.10.2
7f86fd5d7000-7f86fd5dc000 r--p 0009c000 08:06 4868440                    /usr/lib/libfreetype.so.6.10.2
7f86fd5dc000-7f86fd5dd000 rw-p 000a1000 08:06 4868440                    /usr/lib/libfreetype.so.6.10.2
7f86fd5dd000-7f86fd62a000 r-xp 00000000 08:06 4858145                    /usr/lib/libgobject-2.0.so.0.3600.3
7f86fd62a000-7f86fd82a000 ---p 0004d000 08:06 4858145                    /usr/lib/libgobject-2.0.so.0.3600.3
7f86fd82a000-7f86fd82b000 r--p 0004d000 08:06 4858145                    /usr/lib/libgobject-2.0.so.0.3600.3
7f86fd82b000-7f86fd82c000 rw-p 0004e000 08:06 4858145                    /usr/lib/libgobject-2.0.so.0.3600.3
7f86fd82c000-7f86fd874000 r-xp 00000000 08:06 4878000                    /usr/lib/libpango-1.0.so.0.3400.1
7f86fd874000-7f86fda74000 ---p 00048000 08:06 4878000                    /usr/lib/libpango-1.0.so.0.3400.1
7f86fda74000-7f86fda76000 r--p 00048000 08:06 4878000                    /usr/lib/libpango-1.0.so.0.3400.1
7f86fda76000-7f86fda77000 rw-p 0004a000 08:06 4878000                    /usr/lib/libpango-1.0.so.0.3400.1
7f86fda77000-7f86fda8b000 r-xp 00000000 08:06 4878002                    /usr/lib/libpangoft2-1.0.so.0.3400.1
7f86fda8b000-7f86fdc8a000 ---p 00014000 08:06 4878002                    /usr/lib/libpangoft2-1.0.so.0.3400.1
7f86fdc8a000-7f86fdc8b000 r--p 00013000 08:06 4878002                    /usr/lib/libpangoft2-1.0.so.0.3400.1
7f86fdc8b000-7f86fdc8c000 rw-p 00014000 08:06 4878002                    /usr/lib/libpangoft2-1.0.so.0.3400.1
7f86fdc8c000-7f86fddde000 r-xp 00000000 08:06 4858146                    /usr/lib/libgio-2.0.so.0.3600.3
7f86fddde000-7f86fdfde000 ---p 00152000 08:06 4858146                    /usr/lib/libgio-2.0.so.0.3600.3
7f86fdfde000-7f86fdfe2000 r--p 00152000 08:06 4858146                    /usr/lib/libgio-2.0.so.0.3600.3
7f86fdfe2000-7f86fdfe4000 rw-p 00156000 08:06 4858146                    /usr/lib/libgio-2.0.so.0.3600.3
7f86fdfe4000-7f86fdfe6000 rw-p 00000000 00:00 0 
7f86fdfe6000-7f86fe008000 r-xp 00000000 08:06 4879016                    /usr/lib/libgdk_pixbuf-2.0.so.0.2800.2
7f86fe008000-7f86fe207000 ---p 00022000 08:06 4879016                    /usr/lib/libgdk_pixbuf-2.0.so.0.2800.2
7f86fe207000-7f86fe208000 r--p 00021000 08:06 4879016                    /usr/lib/libgdk_pixbuf-2.0.so.0.2800.2
7f86fe208000-7f86fe209000 rw-p 00022000 08:06 4879016                    /usr/lib/libgdk_pixbuf-2.0.so.0.2800.2
7f86fe209000-7f86fe325000 r-xp 00000000 08:06 4850649                    /usr/lib/libcairo.so.2.11200.14
7f86fe325000-7f86fe524000 ---p 0011c000 08:06 4850649                    /usr/lib/libcairo.so.2.11200.14
7f86fe524000-7f86fe527000 r--p 0011b000 08:06 4850649                    /usr/lib/libcairo.so.2.11200.14
7f86fe527000-7f86fe529000 rw-p 0011e000 08:06 4850649                    /usr/lib/libcairo.so.2.11200.14
7f86fe529000-7f86fe52a000 rw-p 00000000 00:00 0 
7f86fe52a000-7f86fe54a000 r-xp 00000000 08:06 4877351                    /usr/lib/libatk-1.0.so.0.20809.1
7f86fe54a000-7f86fe74a000 ---p 00020000 08:06 4877351                    /usr/lib/libatk-1.0.so.0.20809.1
7f86fe74a000-7f86fe74c000 r--p 00020000 08:06 4877351                    /usr/lib/libatk-1.0.so.0.20809.1
7f86fe74c000-7f86fe74d000 rw-p 00022000 08:06 4877351                    /usr/lib/libatk-1.0.so.0.20809.1
7f86fe74d000-7f86fe758000 r-xp 00000000 08:06 4878004                    /usr/lib/libpangocairo-1.0.so.0.3400.1
7f86fe758000-7f86fe958000 ---p 0000b000 08:06 4878004                    /usr/lib/libpangocairo-1.0.so.0.3400.1
7f86fe958000-7f86fe959000 r--p 0000b000 08:06 4878004                    /usr/lib/libpangocairo-1.0.so.0.3400.1
7f86fe959000-7f86fe95a000 rw-p 0000c000 08:06 4878004                    /usr/lib/libpangocairo-1.0.so.0.3400.1
7f86fe95a000-7f86fea07000 r-xp 00000000 08:06 4873469                    /usr/lib/libgdk-x11-2.0.so.0.2400.20
7f86fea07000-7f86fec07000 ---p 000ad000 08:06 4873469                    /usr/lib/libgdk-x11-2.0.so.0.2400.20
7f86fec07000-7f86fec0b000 r--p 000ad000 08:06 4873469                    /usr/lib/libgdk-x11-2.0.so.0.2400.20
7f86fec0b000-7f86fec0d000 rw-p 000b1000 08:06 4873469                    /usr/lib/libgdk-x11-2.0.so.0.2400.20
7f86fec0d000-7f86ff031000 r-xp 00000000 08:06 4873470                    /usr/lib/libgtk-x11-2.0.so.0.2400.20
7f86ff031000-7f86ff230000 ---p 00424000 08:06 4873470                    /usr/lib/libgtk-x11-2.0.so.0.2400.20
7f86ff230000-7f86ff237000 r--p 00423000 08:06 4873470                    /usr/lib/libgtk-x11-2.0.so.0.2400.20
7f86ff237000-7f86ff23b000 rw-p 0042a000 08:06 4873470                    /usr/lib/libgtk-x11-2.0.so.0.2400.20
7f86ff23b000-7f86ff23d000 rw-p 00000000 00:00 0 
7f86ff23d000-7f86ff24c000 r-xp 00000000 08:06 4855820                    /usr/lib/libXi.so.6.1.0
7f86ff24c000-7f86ff44b000 ---p 0000f000 08:06 4855820                    /usr/lib/libXi.so.6.1.0
7f86ff44b000-7f86ff44c000 r--p 0000e000 08:06 4855820                    /usr/lib/libXi.so.6.1.0
7f86ff44c000-7f86ff44d000 rw-p 0000f000 08:06 4855820                    /usr/lib/libXi.so.6.1.0
7f86ff44d000-7f86ff452000 r-xp 00000000 08:06 4872145                    /usr/lib/libXtst.so.6.1.0
7f86ff452000-7f86ff651000 ---p 00005000 08:06 4872145                    /usr/lib/libXtst.so.6.1.0
7f86ff651000-7f86ff652000 r--p 00004000 08:06 4872145                    /usr/lib/libXtst.so.6.1.0
7f86ff652000-7f86ff653000 rw-p 00005000 08:06 4872145                    /usr/lib/libXtst.so.6.1.0
7f86ff653000-7f86ff65c000 r-xp 00000000 08:06 4872865                    /usr/lib/libXrender.so.1.3.0
7f86ff65c000-7f86ff85b000 ---p 00009000 08:06 4872865                    /usr/lib/libXrender.so.1.3.0
7f86ff85b000-7f86ff85c000 r--p 00008000 08:06 4872865                    /usr/lib/libXrender.so.1.3.0
7f86ff85c000-7f86ff85d000 rw-p 00009000 08:06 4872865                    /usr/lib/libXrender.so.1.3.0
7f86ff85d000-7f86ff992000 r-xp 00000000 08:06 4871595                    /usr/lib/libX11.so.6.3.0
7f86ff992000-7f86ffb92000 ---p 00135000 08:06 4871595                    /usr/lib/libX11.so.6.3.0
7f86ffb92000-7f86ffb93000 r--p 00135000 08:06 4871595                    /usr/lib/libX11.so.6.3.0
7f86ffb93000-7f86ffb98000 rw-p 00136000 08:06 4871595                    /usr/lib/libX11.so.6.3.0
7f86ffb98000-7f86ffba9000 r-xp 00000000 08:06 4871950                    /usr/lib/libXext.so.6.4.0
7f86ffba9000-7f86ffda8000 ---p 00011000 08:06 4871950                    /usr/lib/libXext.so.6.4.0
7f86ffda8000-7f86ffda9000 r--p 00010000 08:06 4871950                    /usr/lib/libXext.so.6.4.0
7f86ffda9000-7f86ffdaa000 rw-p 00011000 08:06 4871950                    /usr/lib/libXext.so.6.4.0
7f86ffdaa000-7f86ffdfc000 r-xp 00000000 08:06 5899277                    /usr/lib/jvm/java-7-openjdk/jre/lib/amd64/xawt/libmawt.so
7f86ffdfc000-7f86ffffb000 ---p 00052000 08:06 5899277                    /usr/lib/jvm/java-7-openjdk/jre/lib/amd64/xawt/libmawt.so
7f86ffffb000-7f86fffff000 rw-p 00051000 08:06 5899277                    /usr/lib/jvm/java-7-openjdk/jre/lib/amd64/xawt/libmawt.so
7f86fffff000-7f8700000000 rw-p 00000000 00:00 0 
7f8700000000-7f8700021000 rw-p 00000000 00:00 0 
7f8700021000-7f8704000000 ---p 00000000 00:00 0 
7f870400c000-7f8704028000 r--s 00000000 08:06 5253196                    /usr/share/fonts/Type1/p052024l.pfb
7f8704028000-7f8704038000 r--s 00000000 08:06 5249538                    /usr/share/fonts/Type1/a010015l.pfb
7f8704038000-7f8704051000 r--s 00000000 08:06 5253163                    /usr/share/fonts/Type1/n021003l.pfb
7f8704051000-7f8704067000 r--s 00000000 08:06 5253172                    /usr/share/fonts/Type1/n021024l.pfb
7f8704067000-7f8704080000 r--s 00000000 08:06 5253178                    /usr/share/fonts/Type1/n022004l.pfb
7f8704080000-7f8704121000 r-xp 00000000 08:06 5647507                    /usr/lib/jvm/java-7-openjdk/jre/lib/amd64/libawt.so
7f8704121000-7f8704321000 ---p 000a1000 08:06 5647507                    /usr/lib/jvm/java-7-openjdk/jre/lib/amd64/libawt.so
7f8704321000-7f870432d000 rw-p 000a1000 08:06 5647507                    /usr/lib/jvm/java-7-openjdk/jre/lib/amd64/libawt.so
7f870432d000-7f8704351000 rw-p 00000000 00:00 0 
7f8704351000-7f8704352000 ---p 00000000 00:00 0 
7f8704352000-7f8704452000 rw-p 00000000 00:00 0                          [stack:19251]
7f8704452000-7f8704455000 ---p 00000000 00:00 0 
7f8704455000-7f8704553000 rw-p 00000000 00:00 0                          [stack:19250]
7f8704553000-7f8704556000 ---p 00000000 00:00 0 
7f8704556000-7f8704654000 rw-p 00000000 00:00 0                          [stack:19249]
7f8704654000-7f8704657000 ---p 00000000 00:00 0 
7f8704657000-7f8704755000 rw-p 00000000 00:00 0                          [stack:19248]
7f8704755000-7f8704758000 ---p 00000000 00:00 0 
7f8704758000-7f8704856000 rw-p 00000000 00:00 0                          [stack:19244]
7f8704856000-7f8704859000 ---p 00000000 00:00 0 
7f8704859000-7f8704957000 rw-p 00000000 00:00 0                          [stack:19243]
7f8704957000-7f870495a000 ---p 00000000 00:00 0 
7f870495a000-7f8704a58000 rw-p 00000000 00:00 0                          [stack:19240]
7f8704a58000-7f8704a5c000 r-xp 00000000 08:06 5650646                    /usr/lib/jvm/java-7-openjdk/jre/lib/amd64/libdt_socket.so
7f8704a5c000-7f8704c5b000 ---p 00004000 08:06 5650646                    /usr/lib/jvm/java-7-openjdk/jre/lib/amd64/libdt_socket.so
7f8704c5b000-7f8704c5c000 rw-p 00003000 08:06 5650646                    /usr/lib/jvm/java-7-openjdk/jre/lib/amd64/libdt_socket.so
7f8704c5c000-7f8704c5f000 ---p 00000000 00:00 0 
7f8704c5f000-7f8704d5d000 rw-p 00000000 00:00 0                          [stack:19238]
7f8704d5d000-7f8704d60000 ---p 00000000 00:00 0 
7f8704d60000-7f8704e5e000 rw-p 00000000 00:00 0                          [stack:19237]
7f8704e5e000-7f8704e61000 ---p 00000000 00:00 0 
7f8704e61000-7f8704f5f000 rw-p 00000000 00:00 0                          [stack:19236]
7f8704f5f000-7f8704f60000 ---p 00000000 00:00 0 
7f8704f60000-7f8708000000 rw-p 00000000 00:00 0                          [stack:19235]
7f8708000000-7f8708021000 rw-p 00000000 00:00 0 
7f8708021000-7f870c000000 ---p 00000000 00:00 0 
7f870c003000-7f870c019000 r--s 00000000 08:06 5253181                    /usr/share/fonts/Type1/n022023l.pfb
7f870c019000-7f870c022000 r--s 00000000 08:06 5253199                    /usr/share/fonts/Type1/s050000l.pfb
7f870c022000-7f870c039000 r--s 00000000 08:06 5253169                    /usr/share/fonts/Type1/n021023l.pfb
7f870c039000-7f870c04b000 r--s 00000000 08:06 5253142                    /usr/share/fonts/Type1/n019004l.pfb
7f870c04b000-7f870c064000 r--s 00000000 08:06 5253166                    /usr/share/fonts/Type1/n021004l.pfb
7f870c064000-7f870c075000 r--s 00000000 08:06 5253148                    /usr/share/fonts/Type1/n019024l.pfb
7f870c075000-7f870c08b000 r--s 00000000 08:06 5253184                    /usr/share/fonts/Type1/n022024l.pfb
7f870c08b000-7f870c09f000 r--s 00000000 08:06 5253139                    /usr/share/fonts/Type1/n019003l.pfb
7f870c09f000-7f870c0b7000 r--s 00000000 08:06 5253175                    /usr/share/fonts/Type1/n022003l.pfb
7f870c0b7000-7f870c0c8000 r--s 00000000 08:06 5253145                    /usr/share/fonts/Type1/n019023l.pfb
7f870c0c8000-7f870c0e1000 r--s 00000000 08:06 1311196                    /var/cache/fontconfig/8d4af663993b81a124ee82e610bb31f9-le64.cache-4
7f870c0e1000-7f870c0ec000 r--s 00000000 08:06 1311208                    /var/cache/fontconfig/d62e99ef547d1d24cdb1bd22ec1a2976-le64.cache-4
7f870c0ec000-7f870c437000 rw-p 00000000 00:00 0 
7f870c437000-7f870c5e4000 r--s 01cdf000 08:06 5378322                    /usr/lib/jvm/java-7-openjdk/jre/lib/rt.jar
7f870c5e4000-7f870c88b000 rw-p 00000000 00:00 0 
7f870c88b000-7f870c88c000 ---p 00000000 00:00 0 
7f870c88c000-7f870c98c000 rw-p 00000000 00:00 0                          [stack:19234]
7f870c98c000-7f870c98d000 ---p 00000000 00:00 0 
7f870c98d000-7f870ca8d000 rw-p 00000000 00:00 0                          [stack:19233]
7f870ca8d000-7f870ca8e000 ---p 00000000 00:00 0 
7f870ca8e000-7f870cb8e000 rw-p 00000000 00:00 0                          [stack:19232]
7f870cb8e000-7f870cb8f000 ---p 00000000 00:00 0 
7f870cb8f000-7f870cca3000 rw-p 00000000 00:00 0                          [stack:19231]
7f870cca3000-7f870cdce000 rw-p 00000000 00:00 0 
7f870cdce000-7f870cdd9000 rw-p 00000000 00:00 0 
7f870cdd9000-7f870ce21000 rw-p 00000000 00:00 0 
7f870ce21000-7f870ce35000 rw-p 00000000 00:00 0 
7f870ce35000-7f870cf5f000 rw-p 00000000 00:00 0 
7f870cf5f000-7f870cf6a000 rw-p 00000000 00:00 0 
7f870cf6a000-7f870cfff000 rw-p 00000000 00:00 0 
7f870cfff000-7f870d000000 rw-p 00000000 00:00 0 
7f870d000000-7f870d270000 rwxp 00000000 00:00 0 
7f870d270000-7f871024c000 rw-p 00000000 00:00 0 
7f871024c000-7f8714000000 ---p 00000000 00:00 0 
7f8714001000-7f8714010000 r--s 00000000 08:06 1310960                    /var/cache/fontconfig/f6b893a7224233d96cb72fd88691c0b4-le64.cache-4
7f8714010000-7f871401c000 r-xp 00000000 08:06 4852813                    /usr/lib/libdrm.so.2.4.0
7f871401c000-7f871401d000 r--p 0000b000 08:06 4852813                    /usr/lib/libdrm.so.2.4.0
7f871401d000-7f871401e000 rw-p 0000c000 08:06 4852813                    /usr/lib/libdrm.so.2.4.0
7f8714027000-7f8714030000 r--s 000ba000 08:06 5378323                    /usr/lib/jvm/java-7-openjdk/jre/lib/resources.jar
7f8714030000-7f8714054000 r--p 00000000 08:06 4849977                    /usr/share/locale/pl/LC_MESSAGES/libc.mo
7f8714054000-7f87140ba000 rw-p 00000000 00:00 0 
7f87140ba000-7f8714102000 rw-p 00000000 00:00 0 
7f8714102000-7f871410c000 rw-p 00000000 00:00 0 
7f871410c000-7f87141c2000 rw-p 00000000 00:00 0 
7f87141c2000-7f87141ca000 r-xp 00000000 08:06 5647493                    /usr/lib/jvm/java-7-openjdk/jre/lib/amd64/libzip.so
7f87141ca000-7f87143c9000 ---p 00008000 08:06 5647493                    /usr/lib/jvm/java-7-openjdk/jre/lib/amd64/libzip.so
7f87143c9000-7f87143ca000 rw-p 00007000 08:06 5647493                    /usr/lib/jvm/java-7-openjdk/jre/lib/amd64/libzip.so
7f87143ca000-7f87143d5000 r-xp 00000000 08:06 4850029                    /usr/lib/libnss_files-2.17.so
7f87143d5000-7f87145d5000 ---p 0000b000 08:06 4850029                    /usr/lib/libnss_files-2.17.so
7f87145d5000-7f87145d6000 r--p 0000b000 08:06 4850029                    /usr/lib/libnss_files-2.17.so
7f87145d6000-7f87145d7000 rw-p 0000c000 08:06 4850029                    /usr/lib/libnss_files-2.17.so
7f87145d7000-7f87145da000 r-xp 00000000 08:06 5647497                    /usr/lib/jvm/java-7-openjdk/jre/lib/amd64/libnpt.so
7f87145da000-7f87147d9000 ---p 00003000 08:06 5647497                    /usr/lib/jvm/java-7-openjdk/jre/lib/amd64/libnpt.so
7f87147d9000-7f87147da000 rw-p 00002000 08:06 5647497                    /usr/lib/jvm/java-7-openjdk/jre/lib/amd64/libnpt.so
7f87147da000-7f8714814000 r-xp 00000000 08:06 5647995                    /usr/lib/jvm/java-7-openjdk/jre/lib/amd64/libjdwp.so
7f8714814000-7f8714a13000 ---p 0003a000 08:06 5647995                    /usr/lib/jvm/java-7-openjdk/jre/lib/amd64/libjdwp.so
7f8714a13000-7f8714a15000 rw-p 00039000 08:06 5647995                    /usr/lib/jvm/java-7-openjdk/jre/lib/amd64/libjdwp.so
7f8714a15000-7f8714a40000 r-xp 00000000 08:06 5647492                    /usr/lib/jvm/java-7-openjdk/jre/lib/amd64/libjava.so
7f8714a40000-7f8714c3f000 ---p 0002b000 08:06 5647492                    /usr/lib/jvm/java-7-openjdk/jre/lib/amd64/libjava.so
7f8714c3f000-7f8714c41000 rw-p 0002a000 08:06 5647492                    /usr/lib/jvm/java-7-openjdk/jre/lib/amd64/libjava.so
7f8714c41000-7f8714c4e000 r-xp 00000000 08:06 5647491                    /usr/lib/jvm/java-7-openjdk/jre/lib/amd64/libverify.so
7f8714c4e000-7f8714e4d000 ---p 0000d000 08:06 5647491                    /usr/lib/jvm/java-7-openjdk/jre/lib/amd64/libverify.so
7f8714e4d000-7f8714e4f000 rw-p 0000c000 08:06 5647491                    /usr/lib/jvm/java-7-openjdk/jre/lib/amd64/libverify.so
7f8714e4f000-7f8714e56000 r-xp 00000000 08:06 4850009                    /usr/lib/librt-2.17.so
7f8714e56000-7f8715055000 ---p 00007000 08:06 4850009                    /usr/lib/librt-2.17.so
7f8715055000-7f8715056000 r--p 00006000 08:06 4850009                    /usr/lib/librt-2.17.so
7f8715056000-7f8715057000 rw-p 00007000 08:06 4850009                    /usr/lib/librt-2.17.so
7f8715057000-7f871506c000 r-xp 00000000 08:06 4881438                    /usr/lib/libgcc_s.so.1
7f871506c000-7f871526c000 ---p 00015000 08:06 4881438                    /usr/lib/libgcc_s.so.1
7f871526c000-7f871526d000 rw-p 00015000 08:06 4881438                    /usr/lib/libgcc_s.so.1
7f871526d000-7f871536a000 r-xp 00000000 08:06 4850027                    /usr/lib/libm-2.17.so
7f871536a000-7f8715569000 ---p 000fd000 08:06 4850027                    /usr/lib/libm-2.17.so
7f8715569000-7f871556a000 r--p 000fc000 08:06 4850027                    /usr/lib/libm-2.17.so
7f871556a000-7f871556b000 rw-p 000fd000 08:06 4850027                    /usr/lib/libm-2.17.so
7f871556b000-7f8715651000 r-xp 00000000 08:06 4850083                    /usr/lib/libstdc++.so.6.0.18
7f8715651000-7f8715850000 ---p 000e6000 08:06 4850083                    /usr/lib/libstdc++.so.6.0.18
7f8715850000-7f8715858000 r--p 000e5000 08:06 4850083                    /usr/lib/libstdc++.so.6.0.18
7f8715858000-7f871585a000 rw-p 000ed000 08:06 4850083                    /usr/lib/libstdc++.so.6.0.18
7f871585a000-7f871586f000 rw-p 00000000 00:00 0 
7f871586f000-7f8716360000 r-xp 00000000 08:06 5776526                    /usr/lib/jvm/java-7-openjdk/jre/lib/amd64/server/libjvm.so
7f8716360000-7f8716560000 ---p 00af1000 08:06 5776526                    /usr/lib/jvm/java-7-openjdk/jre/lib/amd64/server/libjvm.so
7f8716560000-7f871661b000 rw-p 00af1000 08:06 5776526                    /usr/lib/jvm/java-7-openjdk/jre/lib/amd64/server/libjvm.so
7f871661b000-7f8716648000 rw-p 00000000 00:00 0 
7f8716648000-7f871665d000 r-xp 00000000 08:06 4856033                    /usr/lib/libz.so.1.2.8
7f871665d000-7f871685c000 ---p 00015000 08:06 4856033                    /usr/lib/libz.so.1.2.8
7f871685c000-7f871685d000 r--p 00014000 08:06 4856033                    /usr/lib/libz.so.1.2.8
7f871685d000-7f871685e000 rw-p 00015000 08:06 4856033                    /usr/lib/libz.so.1.2.8
7f871685e000-7f8716a01000 r-xp 00000000 08:06 4849981                    /usr/lib/libc-2.17.so
7f8716a01000-7f8716c01000 ---p 001a3000 08:06 4849981                    /usr/lib/libc-2.17.so
7f8716c01000-7f8716c05000 r--p 001a3000 08:06 4849981                    /usr/lib/libc-2.17.so
7f8716c05000-7f8716c07000 rw-p 001a7000 08:06 4849981                    /usr/lib/libc-2.17.so
7f8716c07000-7f8716c0b000 rw-p 00000000 00:00 0 
7f8716c0b000-7f8716c0e000 r-xp 00000000 08:06 4850004                    /usr/lib/libdl-2.17.so
7f8716c0e000-7f8716e0d000 ---p 00003000 08:06 4850004                    /usr/lib/libdl-2.17.so
7f8716e0d000-7f8716e0e000 r--p 00002000 08:06 4850004                    /usr/lib/libdl-2.17.so
7f8716e0e000-7f8716e0f000 rw-p 00003000 08:06 4850004                    /usr/lib/libdl-2.17.so
7f8716e0f000-7f8716e1c000 r-xp 00000000 08:06 5776522                    /usr/lib/jvm/java-7-openjdk/jre/lib/amd64/jli/libjli.so
7f8716e1c000-7f871701b000 ---p 0000d000 08:06 5776522                    /usr/lib/jvm/java-7-openjdk/jre/lib/amd64/jli/libjli.so
7f871701b000-7f871701c000 rw-p 0000c000 08:06 5776522                    /usr/lib/jvm/java-7-openjdk/jre/lib/amd64/jli/libjli.so
7f871701c000-7f8717033000 r-xp 00000000 08:06 4850000                    /usr/lib/libpthread-2.17.so
7f8717033000-7f8717232000 ---p 00017000 08:06 4850000                    /usr/lib/libpthread-2.17.so
7f8717232000-7f8717233000 r--p 00016000 08:06 4850000                    /usr/lib/libpthread-2.17.so
7f8717233000-7f8717234000 rw-p 00017000 08:06 4850000                    /usr/lib/libpthread-2.17.so
7f8717234000-7f8717238000 rw-p 00000000 00:00 0 
7f8717238000-7f8717259000 r-xp 00000000 08:06 4849988                    /usr/lib/ld-2.17.so
7f8717261000-7f87172aa000 rw-p 00000000 00:00 0 
7f87172aa000-7f871731d000 r--p 00000000 08:06 4881064                    /usr/lib/locale/locale-archive
7f871731d000-7f8717320000 ---p 00000000 00:00 0 
7f8717320000-7f8717423000 rw-p 00000000 00:00 0                          [stack:19229]
7f8717423000-7f8717424000 rw-p 00000000 00:00 0 
7f8717424000-7f8717428000 rw-s 00000000 00:04 27099171                   /SYSV00000000 (deleted)
7f8717428000-7f871742a000 r--s 00013000 08:03 20973199                   /home/peer/Programowanie/JAVA/PamietaczBukow/miglayout15-swing.jar
7f871742a000-7f8717435000 r--s 001fb000 08:06 5378320                    /usr/lib/jvm/java-7-openjdk/jre/lib/charsets.jar
7f8717435000-7f8717438000 r--s 0000f000 08:06 5516459                    /usr/lib/jvm/java-7-openjdk/jre/lib/ext/pulse-java.jar
7f8717438000-7f871744e000 rw-p 00000000 00:00 0 
7f871744e000-7f8717456000 rw-s 00000000 00:1d 3006798                    /tmp/hsperfdata_peer/19224
7f8717456000-7f8717457000 rw-p 00000000 00:00 0 
7f8717457000-7f8717458000 r--p 00000000 00:00 0 
7f8717458000-7f8717459000 rw-p 00000000 00:00 0 
7f8717459000-7f871745a000 r--p 00021000 08:06 4849988                    /usr/lib/ld-2.17.so
7f871745a000-7f871745b000 rw-p 00022000 08:06 4849988                    /usr/lib/ld-2.17.so
7f871745b000-7f871745c000 rw-p 00000000 00:00 0 
7fff7a3f8000-7fff7a419000 rw-p 00000000 00:00 0                          [stack]
7fff7a4f3000-7fff7a4f4000 r-xp 00000000 00:00 0                          [vdso]
ffffffffff600000-ffffffffff601000 r-xp 00000000 00:00 0                  [vsyscall]

VM Arguments:
jvm_args: -agentlib:jdwp=transport=dt_socket,suspend=y,address=localhost:58083 -Dfile.encoding=UTF-8 
java_command: MainWindow
Launcher Type: SUN_STANDARD

Environment Variables:
JAVA_HOME=/usr/lib/jvm/java-7-openjdk
PATH=/usr/lib/qt4/bin:/usr/local/sbin:/usr/local/bin:/usr/bin:/opt/kde/bin:/usr/bin/vendor_perl:/usr/bin/core_perl
SHELL=/bin/bash
DISPLAY=:0

Signal Handlers:
SIGSEGV: [libjvm.so+0x929790], sa_mask[0]=0x7ffbfeff, sa_flags=0x10000004
SIGBUS: [libjvm.so+0x929790], sa_mask[0]=0x7ffbfeff, sa_flags=0x10000004
SIGFPE: [libjvm.so+0x7a7410], sa_mask[0]=0x7ffbfeff, sa_flags=0x10000004
SIGPIPE: [libjvm.so+0x7a7410], sa_mask[0]=0x7ffbfeff, sa_flags=0x10000004
SIGXFSZ: [libjvm.so+0x7a7410], sa_mask[0]=0x7ffbfeff, sa_flags=0x10000004
SIGILL: [libjvm.so+0x7a7410], sa_mask[0]=0x7ffbfeff, sa_flags=0x10000004
SIGUSR1: SIG_DFL, sa_mask[0]=0x00000000, sa_flags=0x00000000
SIGUSR2: [libjvm.so+0x7a72b0], sa_mask[0]=0x00000004, sa_flags=0x10000004
SIGHUP: [libjvm.so+0x7a7490], sa_mask[0]=0x7ffbfeff, sa_flags=0x10000004
SIGINT: SIG_IGN, sa_mask[0]=0x00000000, sa_flags=0x00000000
SIGTERM: [libjvm.so+0x7a7490], sa_mask[0]=0x7ffbfeff, sa_flags=0x10000004
SIGQUIT: [libjvm.so+0x7a7490], sa_mask[0]=0x7ffbfeff, sa_flags=0x10000004


---------------  S Y S T E M  ---------------

OS:Linux
uname:Linux 3.7.7-1-ARCH #1 SMP PREEMPT Mon Feb 11 20:20:58 EET 2013 x86_64
libc:glibc 2.17 NPTL 2.17 
rlimit: STACK 8192k, CORE 0k, NPROC 30523, NOFILE 4096, AS infinity
load average:2,54 1,22 1,07

/proc/meminfo:
MemTotal:        3912940 kB
MemFree:          404364 kB
Buffers:           72788 kB
Cached:          1198480 kB
SwapCached:            0 kB
Active:          2101576 kB
Inactive:        1204148 kB
Active(anon):    1553280 kB
Inactive(anon):   626436 kB
Active(file):     548296 kB
Inactive(file):   577712 kB
Unevictable:         132 kB
Mlocked:             132 kB
SwapTotal:       5116924 kB
SwapFree:        5116632 kB
Dirty:               612 kB
Writeback:             0 kB
AnonPages:       2034600 kB
Mapped:           254120 kB
Shmem:            145260 kB
Slab:              93180 kB
SReclaimable:      63348 kB
SUnreclaim:        29832 kB
KernelStack:        3200 kB
PageTables:        33488 kB
NFS_Unstable:          0 kB
Bounce:                0 kB
WritebackTmp:          0 kB
CommitLimit:     7073392 kB
Committed_AS:    4445212 kB
VmallocTotal:   34359738367 kB
VmallocUsed:      367172 kB
VmallocChunk:   34359313391 kB
HardwareCorrupted:     0 kB
AnonHugePages:    811008 kB
HugePages_Total:       0
HugePages_Free:        0
HugePages_Rsvd:        0
HugePages_Surp:        0
Hugepagesize:       2048 kB
DirectMap4k:       10240 kB
DirectMap2M:     4091904 kB


CPU:total 4 (2 cores per cpu, 2 threads per core) family 6 model 58 stepping 9, cmov, cx8, fxsr, mmx, sse, sse2, sse3, ssse3, sse4.1, sse4.2, popcnt, avx, aes, erms, ht, tsc, tscinvbit, tscinv

/proc/cpuinfo:
processor	: 0
vendor_id	: GenuineIntel
cpu family	: 6
model		: 58
model name	: Intel(R) Core(TM) i5-3210M CPU @ 2.50GHz
stepping	: 9
microcode	: 0x12
cpu MHz		: 1200.000
cache size	: 3072 KB
physical id	: 0
siblings	: 4
core id		: 0
cpu cores	: 2
apicid		: 0
initial apicid	: 0
fpu		: yes
fpu_exception	: yes
cpuid level	: 13
wp		: yes
flags		: fpu vme de pse tsc msr pae mce cx8 apic sep mtrr pge mca cmov pat pse36 clflush dts acpi mmx fxsr sse sse2 ss ht tm pbe syscall nx rdtscp lm constant_tsc arch_perfmon pebs bts rep_good nopl xtopology nonstop_tsc aperfmperf eagerfpu pni pclmulqdq dtes64 monitor ds_cpl vmx est tm2 ssse3 cx16 xtpr pdcm pcid sse4_1 sse4_2 x2apic popcnt tsc_deadline_timer aes xsave avx f16c rdrand lahf_lm ida arat epb xsaveopt pln pts dtherm tpr_shadow vnmi flexpriority ept vpid fsgsbase smep erms
bogomips	: 4990.73
clflush size	: 64
cache_alignment	: 64
address sizes	: 36 bits physical, 48 bits virtual
power management:

processor	: 1
vendor_id	: GenuineIntel
cpu family	: 6
model		: 58
model name	: Intel(R) Core(TM) i5-3210M CPU @ 2.50GHz
stepping	: 9
microcode	: 0x12
cpu MHz		: 1200.000
cache size	: 3072 KB
physical id	: 0
siblings	: 4
core id		: 0
cpu cores	: 2
apicid		: 1
initial apicid	: 1
fpu		: yes
fpu_exception	: yes
cpuid level	: 13
wp		: yes
flags		: fpu vme de pse tsc msr pae mce cx8 apic sep mtrr pge mca cmov pat pse36 clflush dts acpi mmx fxsr sse sse2 ss ht tm pbe syscall nx rdtscp lm constant_tsc arch_perfmon pebs bts rep_good nopl xtopology nonstop_tsc aperfmperf eagerfpu pni pclmulqdq dtes64 monitor ds_cpl vmx est tm2 ssse3 cx16 xtpr pdcm pcid sse4_1 sse4_2 x2apic popcnt tsc_deadline_timer aes xsave avx f16c rdrand lahf_lm ida arat epb xsaveopt pln pts dtherm tpr_shadow vnmi flexpriority ept vpid fsgsbase smep erms
bogomips	: 4990.73
clflush size	: 64
cache_alignment	: 64
address sizes	: 36 bits physical, 48 bits virtual
power management:

processor	: 2
vendor_id	: GenuineIntel
cpu family	: 6
model		: 58
model name	: Intel(R) Core(TM) i5-3210M CPU @ 2.50GHz
stepping	: 9
microcode	: 0x12
cpu MHz		: 2501.000
cache size	: 3072 KB
physical id	: 0
siblings	: 4
core id		: 1
cpu cores	: 2
apicid		: 2
initial apicid	: 2
fpu		: yes
fpu_exception	: yes
cpuid level	: 13
wp		: yes
flags		: fpu vme de pse tsc msr pae mce cx8 apic sep mtrr pge mca cmov pat pse36 clflush dts acpi mmx fxsr sse sse2 ss ht tm pbe syscall nx rdtscp lm constant_tsc arch_perfmon pebs bts rep_good nopl xtopology nonstop_tsc aperfmperf eagerfpu pni pclmulqdq dtes64 monitor ds_cpl vmx est tm2 ssse3 cx16 xtpr pdcm pcid sse4_1 sse4_2 x2apic popcnt tsc_deadline_timer aes xsave avx f16c rdrand lahf_lm ida arat epb xsaveopt pln pts dtherm tpr_shadow vnmi flexpriority ept vpid fsgsbase smep erms
bogomips	: 4990.73
clflush size	: 64
cache_alignment	: 64
address sizes	: 36 bits physical, 48 bits virtual
power management:

processor	: 3
vendor_id	: GenuineIntel
cpu family	: 6
model		: 58
model name	: Intel(R) Core(TM) i5-3210M CPU @ 2.50GHz
stepping	: 9
microcode	: 0x12
cpu MHz		: 2501.000
cache size	: 3072 KB
physical id	: 0
siblings	: 4
core id		: 1
cpu cores	: 2
apicid		: 3
initial apicid	: 3
fpu		: yes
fpu_exception	: yes
cpuid level	: 13
wp		: yes
flags		: fpu vme de pse tsc msr pae mce cx8 apic sep mtrr pge mca cmov pat pse36 clflush dts acpi mmx fxsr sse sse2 ss ht tm pbe syscall nx rdtscp lm constant_tsc arch_perfmon pebs bts rep_good nopl xtopology nonstop_tsc aperfmperf eagerfpu pni pclmulqdq dtes64 monitor ds_cpl vmx est tm2 ssse3 cx16 xtpr pdcm pcid sse4_1 sse4_2 x2apic popcnt tsc_deadline_timer aes xsave avx f16c rdrand lahf_lm ida arat epb xsaveopt pln pts dtherm tpr_shadow vnmi flexpriority ept vpid fsgsbase smep erms
bogomips	: 4990.73
clflush size	: 64
cache_alignment	: 64
address sizes	: 36 bits physical, 48 bits virtual
power management:



Memory: 4k page, physical 3912940k(404364k free), swap 5116924k(5116632k free)

vm_info: OpenJDK 64-Bit Server VM (24.0-b50) for linux-amd64 JRE (1.7.0_40-b31), built on Jul  8 2013 19:30:57 by "nobody" with gcc 4.8.1

time: Sat Aug  3 23:21:14 2013
elapsed time: 17 seconds

