#
# A fatal error has been detected by the Java Runtime Environment:
#
#  SIGSEGV (0xb) at pc=0x00007fea67a7b069, pid=17719, tid=140644516263680
#
# JRE version: OpenJDK Runtime Environment (7.0_40-b31) (build 1.7.0_40-b31)
# Java VM: OpenJDK 64-Bit Server VM (24.0-b50 mixed mode linux-amd64 compressed oops)
# Problematic frame:
# V  [libjvm.so+0x5d4069]  AsyncGetCallTrace+0xdce29
#
# Failed to write core dump. Core dumps have been disabled. To enable core dumping, try "ulimit -c unlimited" before starting Java again
#
# If you would like to submit a bug report, please include
# instructions on how to reproduce the bug and visit:
#   http://icedtea.classpath.org/bugzilla
#

---------------  T H R E A D  ---------------

Current thread (0x00007fea600ab000):  JavaThread "JDWP Transport Listener: dt_socket" daemon [_thread_in_vm, id=17759, stack(0x00007fea5a5e7000,0x00007fea5a6e8000)]

siginfo:si_signo=SIGSEGV: si_errno=0, si_code=1 (SEGV_MAPERR), si_addr=0x000000000000000c

Registers:
RAX=0x0000000000000001, RBX=0x00007fea600ab000, RCX=0x000000000000000c, RDX=0x0000000000000000
RSP=0x00007fea5a6e6a80, RBP=0x00007fea5a6e6a80, RSI=0x000000000000000c, RDI=0x00000000ec729578
R8 =0x0000000000000000, R9 =0x0000000000000000, R10=0x000000000000000f, R11=0x00007fea6851a8aa
R12=0x00007fea2c000c68, R13=0x00000000ec729578, R14=0x00007fea5a6e6bc0, R15=0x0000000000000000
RIP=0x00007fea67a7b069, EFLAGS=0x0000000000010246, CSGSFS=0x0000000000000033, ERR=0x0000000000000004
  TRAPNO=0x000000000000000e

Top of Stack: (sp=0x00007fea5a6e6a80)
0x00007fea5a6e6a80:   00007fea5a6e6af0 00007fea67a89802
0x00007fea5a6e6a90:   00007fea600ab1d8 00007fea6664cb00
0x00007fea5a6e6aa0:   00007fea600ab000 0000000000000000
0x00007fea5a6e6ab0:   00007fea600ab1d8 00007fea2c000c68
0x00007fea5a6e6ac0:   00007fea5a6e6b90 00007fea600ab1d8
0x00007fea5a6e6ad0:   00007fea6664cb00 00007fea2c000c68
0x00007fea5a6e6ae0:   00007fea5a6e6bc0 00007fea6664cb00
0x00007fea5a6e6af0:   00007fea5a6e6b30 00007fea6641af42
0x00007fea5a6e6b00:   00007fea5a6e6b90 0000000000010a00
0x00007fea5a6e6b10:   00007fea5a6e6b90 000000000000000a
0x00007fea5a6e6b20:   00007fea5a6e6bc0 00007fea6664cb00
0x00007fea5a6e6b30:   00007fea5a6e6d80 00007fea664234d0
0x00007fea5a6e6b40:   000035d400000013 00007fea67010a00
0x00007fea5a6e6b50:   00007fea24000fd0 00007fea6664cb00
0x00007fea5a6e6b60:   00007fea5a6e6b90 00007fea24000801
0x00007fea5a6e6b70:   000035d400000013 00007fea67010a00
0x00007fea5a6e6b80:   00007fea24000fd0 00007fea600a2338
0x00007fea5a6e6b90:   00007fea24000fd8 000000000000000b
0x00007fea5a6e6ba0:   000035d400000013 00007fea67010a00
0x00007fea5a6e6bb0:   00007fea24000fd0 00007fea2c004bc0
0x00007fea5a6e6bc0:   00007fea5a6e6c10 000000000000012c
0x00007fea5a6e6bd0:   00007fea5a6e6bd8 00007fea00000000
0x00007fea5a6e6be0:   00007fea5a6e6c10 0000000000000000
0x00007fea5a6e6bf0:   00007f0000000000 000035d400000170
0x00007fea5a6e6c00:   00007fea00006c80 0000000000000000
0x00007fea5a6e6c10:   0000000007000000 0500000032000000
0x00007fea5a6e6c20:   00000065756c6176 0000000000435b02
0x00007fea5a6e6c30:   0000000000120000 6804000000420000
0x00007fea5a6e6c40:   4901000000687361 0200000000000000
0x00007fea5a6e6c50:   a09a002cea7f0000 6972657310000000
0x00007fea5a6e6c60:   6f69737265566c61 010000004449556e
0x00007fea5a6e6c70:   000000000000004a 9a002cea7f00001a 

Instructions: (pc=0x00007fea67a7b069)
0x00007fea67a7b049:   0a 7b 00 89 ca 8b 4e 08 48 d3 e2 48 03 16 b9 0c
0x00007fea67a7b059:   00 00 00 eb 0b 66 90 48 8b 14 37 b9 10 00 00 00
0x00007fea67a7b069:   8b 34 0a e9 7c ff ff ff 90 66 66 66 66 66 2e 0f
0x00007fea67a7b079:   1f 84 00 00 00 00 00 48 8b 05 79 ef 7a 00 55 48 

Register to memory mapping:

RAX=0x0000000000000001 is an unknown value
RBX=0x00007fea600ab000 is a thread
RCX=0x000000000000000c is an unknown value
RDX=0x0000000000000000 is an unknown value
RSP=0x00007fea5a6e6a80 is pointing into the stack for thread: 0x00007fea600ab000
RBP=0x00007fea5a6e6a80 is pointing into the stack for thread: 0x00007fea600ab000
RSI=0x000000000000000c is an unknown value
RDI=0x00000000ec729578 is an oop
java.lang.String 
 - klass: 'java/lang/String'
R8 =0x0000000000000000 is an unknown value
R9 =0x0000000000000000 is an unknown value
R10=0x000000000000000f is an unknown value
R11=0x00007fea6851a8aa: <offset 0x848aa> in /usr/lib/libc.so.6 at 0x00007fea68496000
R12=0x00007fea2c000c68 is a global jni handle
R13=0x00000000ec729578 is an oop
java.lang.String 
 - klass: 'java/lang/String'
R14=0x00007fea5a6e6bc0 is pointing into the stack for thread: 0x00007fea600ab000
R15=0x0000000000000000 is an unknown value


Stack: [0x00007fea5a5e7000,0x00007fea5a6e8000],  sp=0x00007fea5a6e6a80,  free space=1022k
Native frames: (J=compiled Java code, j=interpreted, Vv=VM code, C=native code)
V  [libjvm.so+0x5d4069]  AsyncGetCallTrace+0xdce29
V  [libjvm.so+0x5e2802]  AsyncGetCallTrace+0xeb5c2
C  [libjdwp.so+0x8f42]  getenv+0x8f42
C  [libjdwp.so+0x114d0]  Agent_OnLoad+0x1ad0
C  [libjdwp.so+0x234c5]  Agent_OnLoad+0x13ac5
V  [libjvm.so+0x69273b]  JVM_FindSignal+0x7311b
V  [libjvm.so+0x8e0880]  JVM_handle_linux_signal+0x12ef80
V  [libjvm.so+0x8e0af1]  JVM_handle_linux_signal+0x12f1f1
V  [libjvm.so+0x7a8a32]  JVM_FindSignal+0x189412


---------------  P R O C E S S  ---------------

Java Threads: ( => current thread )
  0x00007fe9fc0de800 JavaThread "TimerQueue" daemon [_thread_blocked, id=17780, stack(0x00007fea12b65000,0x00007fea12c66000)]
  0x00007fea6000b000 JavaThread "DestroyJavaVM" [_thread_blocked, id=17733, stack(0x00007fea68f55000,0x00007fea69056000)]
  0x00007fea60246800 JavaThread "AWT-EventQueue-0" [_thread_blocked, id=17779, stack(0x00007fea134e3000,0x00007fea135e4000)]
  0x00007fea60245000 JavaThread "AWT-Shutdown" [_thread_blocked, id=17778, stack(0x00007fea135e4000,0x00007fea136e5000)]
  0x00007fea60243800 JavaThread "AWT-XAWT" daemon [_thread_in_native, id=17777, stack(0x00007fea180f0000,0x00007fea181f1000)]
  0x00007fea60222000 JavaThread "Java2D Disposer" daemon [_thread_blocked, id=17772, stack(0x00007fea500fc000,0x00007fea501fd000)]
  0x00007fea600b6000 JavaThread "Service Thread" daemon [_thread_blocked, id=17769, stack(0x00007fea5a0e2000,0x00007fea5a1e3000)]
  0x00007fea600b3800 JavaThread "C2 CompilerThread1" daemon [_thread_blocked, id=17768, stack(0x00007fea5a1e3000,0x00007fea5a2e4000)]
  0x00007fea600b1000 JavaThread "C2 CompilerThread0" daemon [_thread_blocked, id=17767, stack(0x00007fea5a2e4000,0x00007fea5a3e5000)]
  0x00007fea2c001000 JavaThread "JDWP Command Reader" daemon [_thread_in_native, id=17763, stack(0x00007fea5a3e5000,0x00007fea5a4e6000)]
  0x00007fea600ae800 JavaThread "JDWP Event Helper Thread" daemon [_thread_blocked, id=17761, stack(0x00007fea5a4e6000,0x00007fea5a5e7000)]
=>0x00007fea600ab000 JavaThread "JDWP Transport Listener: dt_socket" daemon [_thread_in_vm, id=17759, stack(0x00007fea5a5e7000,0x00007fea5a6e8000)]
  0x00007fea6009e000 JavaThread "Signal Dispatcher" daemon [_thread_blocked, id=17757, stack(0x00007fea5a8ec000,0x00007fea5a9ed000)]
  0x00007fea6007c800 JavaThread "Finalizer" daemon [_thread_blocked, id=17750, stack(0x00007fea5a9ed000,0x00007fea5aaee000)]
  0x00007fea6007a800 JavaThread "Reference Handler" daemon [_thread_blocked, id=17749, stack(0x00007fea5aaee000,0x00007fea5abef000)]

Other Threads:
  0x00007fea60076000 VMThread [stack: 0x00007fea5abef000,0x00007fea5acf0000] [id=17748]
  0x00007fea600c1000 WatcherThread [stack: 0x00007fea59fe1000,0x00007fea5a0e2000] [id=17770]

VM state:not at safepoint (normal execution)

VM Mutex/Monitor currently owned by a thread: None

Heap
 PSYoungGen      total 17920K, used 6501K [0x00000000ec100000, 0x00000000ed500000, 0x0000000100000000)
  eden space 15360K, 42% used [0x00000000ec100000,0x00000000ec759558,0x00000000ed000000)
  from space 2560K, 0% used [0x00000000ed280000,0x00000000ed280000,0x00000000ed500000)
  to   space 2560K, 0% used [0x00000000ed000000,0x00000000ed000000,0x00000000ed280000)
 ParOldGen       total 40448K, used 0K [0x00000000c4400000, 0x00000000c6b80000, 0x00000000ec100000)
  object space 40448K, 0% used [0x00000000c4400000,0x00000000c4400000,0x00000000c6b80000)
 PSPermGen       total 21504K, used 12836K [0x00000000b9e00000, 0x00000000bb300000, 0x00000000c4400000)
  object space 21504K, 59% used [0x00000000b9e00000,0x00000000baa89068,0x00000000bb300000)

Card table byte_map: [0x00007fea65b08000,0x00007fea65d3a000] byte_map_base: 0x00007fea65539000

Polling page: 0x00007fea6908f000

Code Cache  [0x00007fea5d000000, 0x00007fea5d270000, 0x00007fea60000000)
 total_blobs=517 nmethods=47 adapters=431 free_code_cache=48506Kb largest_free_block=49652096

Compilation events (10 events):
Event: 0,748 Thread 0x00007fea600b3800 nmethod 42 0x00007fea5d091890 code [0x00007fea5d091a00, 0x00007fea5d091e38]
Event: 0,754 Thread 0x00007fea600b3800   43             java.lang.String::startsWith (72 bytes)
Event: 0,758 Thread 0x00007fea600b3800 nmethod 43 0x00007fea5d091110 code [0x00007fea5d091260, 0x00007fea5d0914f8]
Event: 0,772 Thread 0x00007fea600b1000 nmethod 41 0x00007fea5d0a3390 code [0x00007fea5d0a36c0, 0x00007fea5d0a4870]
Event: 1,200 Thread 0x00007fea600b3800   44             java.lang.Enum::ordinal (5 bytes)
Event: 1,201 Thread 0x00007fea600b3800 nmethod 44 0x00007fea5d08eb50 code [0x00007fea5d08ec80, 0x00007fea5d08ecd8]
Event: 1,208 Thread 0x00007fea600b1000   45             sun.util.logging.PlatformLogger$Level::intValue (9 bytes)
Event: 1,209 Thread 0x00007fea600b1000 nmethod 45 0x00007fea5d0a3150 code [0x00007fea5d0a3280, 0x00007fea5d0a32f8]
Event: 2,273 Thread 0x00007fea600b3800   47             sun.util.logging.PlatformLogger$DefaultLoggerProxy::isLoggable (29 bytes)
Event: 2,277 Thread 0x00007fea600b3800 nmethod 47 0x00007fea5d09ff90 code [0x00007fea5d0a00e0, 0x00007fea5d0a0258]

GC Heap History (0 events):
No events

Deoptimization events (0 events):
No events

Internal exceptions (10 events):
Event: 0,308 Thread 0x00007fea60246800 Threw 0x00000000ec344690 at /build/java7-openjdk/src/icedtea-2.4.1/openjdk/hotspot/src/share/vm/prims/jvm.cpp:1244
Event: 0,308 Thread 0x00007fea60246800 Threw 0x00000000ec345da0 at /build/java7-openjdk/src/icedtea-2.4.1/openjdk/hotspot/src/share/vm/prims/jvm.cpp:1244
Event: 0,309 Thread 0x00007fea60246800 Threw 0x00000000ec3476f8 at /build/java7-openjdk/src/icedtea-2.4.1/openjdk/hotspot/src/share/vm/prims/jvm.cpp:1244
Event: 0,319 Thread 0x00007fea60246800 Threw 0x00000000ec35c340 at /build/java7-openjdk/src/icedtea-2.4.1/openjdk/hotspot/src/share/vm/prims/jvm.cpp:1244
Event: 0,326 Thread 0x00007fea60246800 Threw 0x00000000ec368068 at /build/java7-openjdk/src/icedtea-2.4.1/openjdk/hotspot/src/share/vm/prims/jvm.cpp:1244
Event: 0,327 Thread 0x00007fea60246800 Threw 0x00000000ec36a4e8 at /build/java7-openjdk/src/icedtea-2.4.1/openjdk/hotspot/src/share/vm/prims/jvm.cpp:1244
Event: 0,413 Thread 0x00007fea60246800 Threw 0x00000000ec3f90f8 at /build/java7-openjdk/src/icedtea-2.4.1/openjdk/hotspot/src/share/vm/prims/jvm.cpp:1244
Event: 0,414 Thread 0x00007fea60246800 Threw 0x00000000ec3faa20 at /build/java7-openjdk/src/icedtea-2.4.1/openjdk/hotspot/src/share/vm/prims/jvm.cpp:1244
Event: 0,804 Thread 0x00007fea60246800 Threw 0x00000000ec6fafa8 at /build/java7-openjdk/src/icedtea-2.4.1/openjdk/hotspot/src/share/vm/prims/jni.cpp:743
Event: 1,915 Thread 0x00007fea60246800 Threw 0x00000000ec727c90 at /build/java7-openjdk/src/icedtea-2.4.1/openjdk/hotspot/src/share/vm/prims/jvm.cpp:1244

Events (10 events):
Event: 9,857 Executing VM operation: EnterInterpOnlyMode
Event: 9,857 Executing VM operation: EnterInterpOnlyMode done
Event: 9,858 Executing VM operation: GetCurrentLocation
Event: 9,858 Executing VM operation: GetCurrentLocation done
Event: 9,858 Executing VM operation: ChangeSingleStep
Event: 9,858 Executing VM operation: ChangeSingleStep done
Event: 9,858 Executing VM operation: ChangeSingleStep
Event: 9,858 Executing VM operation: ChangeSingleStep done
Event: 9,866 Executing VM operation: GetOrSetLocal
Event: 9,866 Executing VM operation: GetOrSetLocal done


Dynamic libraries:
00400000-00401000 r-xp 00000000 08:06 5378347                            /usr/lib/jvm/java-7-openjdk/jre/bin/java
00600000-00601000 rw-p 00000000 08:06 5378347                            /usr/lib/jvm/java-7-openjdk/jre/bin/java
018a5000-018c6000 rw-p 00000000 00:00 0                                  [heap]
b9e00000-bb300000 rw-p 00000000 00:00 0 
bb300000-c4400000 rw-p 00000000 00:00 0 
c4400000-c6b80000 rw-p 00000000 00:00 0 
c6b80000-ec100000 rw-p 00000000 00:00 0 
ec100000-ed500000 rw-p 00000000 00:00 0 
ed500000-100000000 rw-p 00000000 00:00 0 
7fe9fc000000-7fe9fc2d8000 rw-p 00000000 00:00 0 
7fe9fc2d8000-7fea00000000 ---p 00000000 00:00 0 
7fea00000000-7fea00021000 rw-p 00000000 00:00 0 
7fea00021000-7fea04000000 ---p 00000000 00:00 0 
7fea04000000-7fea04021000 rw-p 00000000 00:00 0 
7fea04021000-7fea08000000 ---p 00000000 00:00 0 
7fea08000000-7fea08021000 rw-p 00000000 00:00 0 
7fea08021000-7fea0c000000 ---p 00000000 00:00 0 
7fea0c000000-7fea0c021000 rw-p 00000000 00:00 0 
7fea0c021000-7fea10000000 ---p 00000000 00:00 0 
7fea12ad4000-7fea12ad6000 rw-p 00000000 00:00 0 
7fea12ad6000-7fea12af1000 r--s 00000000 08:06 5253187                    /usr/share/fonts/Type1/p052003l.pfb
7fea12af1000-7fea12b03000 r--s 00000000 08:06 5253154                    /usr/share/fonts/Type1/n019044l.pfb
7fea12b03000-7fea12b16000 r--s 00000000 08:06 5253115                    /usr/share/fonts/Type1/b018015l.pfb
7fea12b16000-7fea12b31000 r--s 00000000 08:06 5253193                    /usr/share/fonts/Type1/p052023l.pfb
7fea12b31000-7fea12b4a000 r--s 00000000 08:06 5253112                    /usr/share/fonts/Type1/b018012l.pfb
7fea12b4a000-7fea12b65000 r--s 00000000 08:06 5253127                    /usr/share/fonts/Type1/c059016l.pfb
7fea12b65000-7fea12b68000 ---p 00000000 00:00 0 
7fea12b68000-7fea12c66000 rw-p 00000000 00:00 0                          [stack:17780]
7fea12c66000-7fea12c76000 r-xp 00000000 08:06 5647495                    /usr/lib/jvm/java-7-openjdk/jre/lib/amd64/libnio.so
7fea12c76000-7fea12e76000 ---p 00010000 08:06 5647495                    /usr/lib/jvm/java-7-openjdk/jre/lib/amd64/libnio.so
7fea12e76000-7fea12e77000 rw-p 00010000 08:06 5647495                    /usr/lib/jvm/java-7-openjdk/jre/lib/amd64/libnio.so
7fea12e77000-7fea12e7c000 r-xp 00000000 08:06 4855561                    /usr/lib/libnss_dns-2.17.so
7fea12e7c000-7fea1307b000 ---p 00005000 08:06 4855561                    /usr/lib/libnss_dns-2.17.so
7fea1307b000-7fea1307c000 r--p 00004000 08:06 4855561                    /usr/lib/libnss_dns-2.17.so
7fea1307c000-7fea1307d000 rw-p 00005000 08:06 4855561                    /usr/lib/libnss_dns-2.17.so
7fea1307d000-7fea13093000 r-xp 00000000 08:06 5647494                    /usr/lib/jvm/java-7-openjdk/jre/lib/amd64/libnet.so
7fea13093000-7fea13293000 ---p 00016000 08:06 5647494                    /usr/lib/jvm/java-7-openjdk/jre/lib/amd64/libnet.so
7fea13293000-7fea13294000 rw-p 00016000 08:06 5647494                    /usr/lib/jvm/java-7-openjdk/jre/lib/amd64/libnet.so
7fea13294000-7fea132e0000 r-xp 00000000 08:06 5647510                    /usr/lib/jvm/java-7-openjdk/jre/lib/amd64/libfontmanager.so
7fea132e0000-7fea134df000 ---p 0004c000 08:06 5647510                    /usr/lib/jvm/java-7-openjdk/jre/lib/amd64/libfontmanager.so
7fea134df000-7fea134e2000 rw-p 0004b000 08:06 5647510                    /usr/lib/jvm/java-7-openjdk/jre/lib/amd64/libfontmanager.so
7fea134e2000-7fea134e3000 rw-p 00000000 00:00 0 
7fea134e3000-7fea134e6000 ---p 00000000 00:00 0 
7fea134e6000-7fea135e4000 rw-p 00000000 00:00 0                          [stack:17779]
7fea135e4000-7fea135e7000 ---p 00000000 00:00 0 
7fea135e7000-7fea136e5000 rw-p 00000000 00:00 0                          [stack:17778]
7fea136e5000-7fea13752000 r-xp 00000000 08:06 4856689                    /usr/lib/libgmp.so.10.1.2
7fea13752000-7fea13952000 ---p 0006d000 08:06 4856689                    /usr/lib/libgmp.so.10.1.2
7fea13952000-7fea13953000 r--p 0006d000 08:06 4856689                    /usr/lib/libgmp.so.10.1.2
7fea13953000-7fea1395c000 rw-p 0006e000 08:06 4856689                    /usr/lib/libgmp.so.10.1.2
7fea1395c000-7fea139a1000 r-xp 00000000 08:06 4857887                    /usr/lib/libdbus-1.so.3.7.4
7fea139a1000-7fea13ba1000 ---p 00045000 08:06 4857887                    /usr/lib/libdbus-1.so.3.7.4
7fea13ba1000-7fea13ba2000 r--p 00045000 08:06 4857887                    /usr/lib/libdbus-1.so.3.7.4
7fea13ba2000-7fea13ba3000 rw-p 00046000 08:06 4857887                    /usr/lib/libdbus-1.so.3.7.4
7fea13ba3000-7fea13bd0000 r-xp 00000000 08:06 4876576                    /usr/lib/libhogweed.so.2.5
7fea13bd0000-7fea13dd0000 ---p 0002d000 08:06 4876576                    /usr/lib/libhogweed.so.2.5
7fea13dd0000-7fea13dd1000 r--p 0002d000 08:06 4876576                    /usr/lib/libhogweed.so.2.5
7fea13dd1000-7fea13dd2000 rw-p 0002e000 08:06 4876576                    /usr/lib/libhogweed.so.2.5
7fea13dd2000-7fea13dff000 r-xp 00000000 08:06 4876579                    /usr/lib/libnettle.so.4.7
7fea13dff000-7fea13ffe000 ---p 0002d000 08:06 4876579                    /usr/lib/libnettle.so.4.7
7fea13ffe000-7fea13fff000 r--p 0002c000 08:06 4876579                    /usr/lib/libnettle.so.4.7
7fea13fff000-7fea14000000 rw-p 0002d000 08:06 4876579                    /usr/lib/libnettle.so.4.7
7fea14000000-7fea14021000 rw-p 00000000 00:00 0 
7fea14021000-7fea18000000 ---p 00000000 00:00 0 
7fea18013000-7fea18025000 r--s 00000000 08:06 5253121                    /usr/share/fonts/Type1/b018035l.pfb
7fea18025000-7fea1803d000 r--s 00000000 08:06 5253130                    /usr/share/fonts/Type1/c059033l.pfb
7fea1803d000-7fea1804d000 r--s 00000000 08:06 5253106                    /usr/share/fonts/Type1/a010033l.pfb
7fea1804d000-7fea1805e000 r--s 00000000 08:06 5253157                    /usr/share/fonts/Type1/n019063l.pfb
7fea1805e000-7fea18070000 r--s 00000000 08:06 5253151                    /usr/share/fonts/Type1/n019043l.pfb
7fea18070000-7fea18081000 r--s 00000000 08:06 5253109                    /usr/share/fonts/Type1/a010035l.pfb
7fea18081000-7fea18096000 r--s 00000000 08:06 5253118                    /usr/share/fonts/Type1/b018032l.pfb
7fea18096000-7fea180a6000 r--s 00000000 08:06 5248813                    /usr/share/fonts/Type1/a010013l.pfb
7fea180a6000-7fea180bd000 r--s 00000000 08:06 5253202                    /usr/share/fonts/Type1/z003034l.pfb
7fea180bd000-7fea180d8000 r--s 00000000 08:06 5253190                    /usr/share/fonts/Type1/p052004l.pfb
7fea180d8000-7fea180f0000 r--s 00000000 08:06 5253133                    /usr/share/fonts/Type1/c059036l.pfb
7fea180f0000-7fea180f3000 ---p 00000000 00:00 0 
7fea180f3000-7fea181f1000 rw-p 00000000 00:00 0                          [stack:17777]
7fea181f1000-7fea18203000 r-xp 00000000 08:06 4876515                    /usr/lib/libtasn1.so.6.1.1
7fea18203000-7fea18403000 ---p 00012000 08:06 4876515                    /usr/lib/libtasn1.so.6.1.1
7fea18403000-7fea18404000 r--p 00012000 08:06 4876515                    /usr/lib/libtasn1.so.6.1.1
7fea18404000-7fea18405000 rw-p 00013000 08:06 4876515                    /usr/lib/libtasn1.so.6.1.1
7fea18405000-7fea18423000 r-xp 00000000 08:06 4881603                    /usr/lib/libp11-kit.so.0.0.0
7fea18423000-7fea18623000 ---p 0001e000 08:06 4881603                    /usr/lib/libp11-kit.so.0.0.0
7fea18623000-7fea18625000 r--p 0001e000 08:06 4881603                    /usr/lib/libp11-kit.so.0.0.0
7fea18625000-7fea18626000 rw-p 00020000 08:06 4881603                    /usr/lib/libp11-kit.so.0.0.0
7fea18626000-7fea18629000 r-xp 00000000 08:06 4861846                    /usr/lib/libkeyutils.so.1.4
7fea18629000-7fea18828000 ---p 00003000 08:06 4861846                    /usr/lib/libkeyutils.so.1.4
7fea18828000-7fea18829000 r--p 00002000 08:06 4861846                    /usr/lib/libkeyutils.so.1.4
7fea18829000-7fea1882a000 rw-p 00003000 08:06 4861846                    /usr/lib/libkeyutils.so.1.4
7fea1882a000-7fea18835000 r-xp 00000000 08:06 4861920                    /usr/lib/libkrb5support.so.0.1
7fea18835000-7fea18a35000 ---p 0000b000 08:06 4861920                    /usr/lib/libkrb5support.so.0.1
7fea18a35000-7fea18a36000 r--p 0000b000 08:06 4861920                    /usr/lib/libkrb5support.so.0.1
7fea18a36000-7fea18a37000 rw-p 0000c000 08:06 4861920                    /usr/lib/libkrb5support.so.0.1
7fea18a37000-7fea18a3c000 r-xp 00000000 08:06 4871977                    /usr/lib/libXxf86vm.so.1.0.0
7fea18a3c000-7fea18c3b000 ---p 00005000 08:06 4871977                    /usr/lib/libXxf86vm.so.1.0.0
7fea18c3b000-7fea18c3c000 r--p 00004000 08:06 4871977                    /usr/lib/libXxf86vm.so.1.0.0
7fea18c3c000-7fea18c3d000 rw-p 00005000 08:06 4871977                    /usr/lib/libXxf86vm.so.1.0.0
7fea18c3d000-7fea18c52000 r-xp 00000000 08:06 4870668                    /usr/lib/libxcb-glx.so.0.0.0
7fea18c52000-7fea18e52000 ---p 00015000 08:06 4870668                    /usr/lib/libxcb-glx.so.0.0.0
7fea18e52000-7fea18e54000 r--p 00015000 08:06 4870668                    /usr/lib/libxcb-glx.so.0.0.0
7fea18e54000-7fea18e55000 rw-p 00017000 08:06 4870668                    /usr/lib/libxcb-glx.so.0.0.0
7fea18e55000-7fea18e65000 r-xp 00000000 08:06 4852031                    /usr/lib/libudev.so.1.3.5
7fea18e65000-7fea19065000 ---p 00010000 08:06 4852031                    /usr/lib/libudev.so.1.3.5
7fea19065000-7fea19066000 r--p 00010000 08:06 4852031                    /usr/lib/libudev.so.1.3.5
7fea19066000-7fea19067000 rw-p 00011000 08:06 4852031                    /usr/lib/libudev.so.1.3.5
7fea19067000-7fea19088000 r-xp 00000000 08:06 4852906                    /usr/lib/libglapi.so.0.0.0
7fea19088000-7fea19288000 ---p 00021000 08:06 4852906                    /usr/lib/libglapi.so.0.0.0
7fea19288000-7fea1928b000 r--p 00021000 08:06 4852906                    /usr/lib/libglapi.so.0.0.0
7fea1928b000-7fea1928c000 rw-p 00024000 08:06 4852906                    /usr/lib/libglapi.so.0.0.0
7fea1928c000-7fea1928d000 rw-p 00000000 00:00 0 
7fea1928d000-7fea19292000 r-xp 00000000 08:06 4852875                    /usr/lib/libgbm.so.1.0.0
7fea19292000-7fea19491000 ---p 00005000 08:06 4852875                    /usr/lib/libgbm.so.1.0.0
7fea19491000-7fea19492000 r--p 00004000 08:06 4852875                    /usr/lib/libgbm.so.1.0.0
7fea19492000-7fea19493000 rw-p 00005000 08:06 4852875                    /usr/lib/libgbm.so.1.0.0
7fea19493000-7fea194a2000 r-xp 00000000 08:06 4878062                    /usr/lib/libwayland-server.so.0.0.0
7fea194a2000-7fea196a2000 ---p 0000f000 08:06 4878062                    /usr/lib/libwayland-server.so.0.0.0
7fea196a2000-7fea196a4000 r--p 0000f000 08:06 4878062                    /usr/lib/libwayland-server.so.0.0.0
7fea196a4000-7fea196a5000 rw-p 00011000 08:06 4878062                    /usr/lib/libwayland-server.so.0.0.0
7fea196a5000-7fea196af000 r-xp 00000000 08:06 4878063                    /usr/lib/libwayland-client.so.0.1.0
7fea196af000-7fea198ae000 ---p 0000a000 08:06 4878063                    /usr/lib/libwayland-client.so.0.1.0
7fea198ae000-7fea198b0000 r--p 00009000 08:06 4878063                    /usr/lib/libwayland-client.so.0.1.0
7fea198b0000-7fea198b1000 rw-p 0000b000 08:06 4878063                    /usr/lib/libwayland-client.so.0.1.0
7fea198b1000-7fea198b3000 r-xp 00000000 08:06 4870720                    /usr/lib/libxcb-shape.so.0.0.0
7fea198b3000-7fea19ab3000 ---p 00002000 08:06 4870720                    /usr/lib/libxcb-shape.so.0.0.0
7fea19ab3000-7fea19ab4000 r--p 00002000 08:06 4870720                    /usr/lib/libxcb-shape.so.0.0.0
7fea19ab4000-7fea19ab5000 rw-p 00003000 08:06 4870720                    /usr/lib/libxcb-shape.so.0.0.0
7fea19ab5000-7fea19aba000 r-xp 00000000 08:06 4870695                    /usr/lib/libxcb-xfixes.so.0.0.0
7fea19aba000-7fea19cba000 ---p 00005000 08:06 4870695                    /usr/lib/libxcb-xfixes.so.0.0.0
7fea19cba000-7fea19cbb000 r--p 00005000 08:06 4870695                    /usr/lib/libxcb-xfixes.so.0.0.0
7fea19cbb000-7fea19cbc000 rw-p 00006000 08:06 4870695                    /usr/lib/libxcb-xfixes.so.0.0.0
7fea19cbc000-7fea19cbf000 r-xp 00000000 08:06 4870724                    /usr/lib/libxcb-dri2.so.0.0.0
7fea19cbf000-7fea19ebf000 ---p 00003000 08:06 4870724                    /usr/lib/libxcb-dri2.so.0.0.0
7fea19ebf000-7fea19ec0000 r--p 00003000 08:06 4870724                    /usr/lib/libxcb-dri2.so.0.0.0
7fea19ec0000-7fea19ec1000 rw-p 00004000 08:06 4870724                    /usr/lib/libxcb-dri2.so.0.0.0
7fea19ec1000-7fea19ec2000 r-xp 00000000 08:06 4871596                    /usr/lib/libX11-xcb.so.1.0.0
7fea19ec2000-7fea1a0c1000 ---p 00001000 08:06 4871596                    /usr/lib/libX11-xcb.so.1.0.0
7fea1a0c1000-7fea1a0c2000 r--p 00000000 08:06 4871596                    /usr/lib/libX11-xcb.so.1.0.0
7fea1a0c2000-7fea1a0c3000 rw-p 00001000 08:06 4871596                    /usr/lib/libX11-xcb.so.1.0.0
7fea1a0c3000-7fea1a0dd000 r-xp 00000000 08:06 4875099                    /usr/lib/libgraphite2.so.3.0.1
7fea1a0dd000-7fea1a2dc000 ---p 0001a000 08:06 4875099                    /usr/lib/libgraphite2.so.3.0.1
7fea1a2dc000-7fea1a2de000 r--p 00019000 08:06 4875099                    /usr/lib/libgraphite2.so.3.0.1
7fea1a2de000-7fea1a2df000 rw-p 0001b000 08:06 4875099                    /usr/lib/libgraphite2.so.3.0.1
7fea1a2df000-7fea1a2e4000 r-xp 00000000 08:06 4868554                    /usr/lib/libXdmcp.so.6.0.0
7fea1a2e4000-7fea1a4e3000 ---p 00005000 08:06 4868554                    /usr/lib/libXdmcp.so.6.0.0
7fea1a4e3000-7fea1a4e4000 r--p 00004000 08:06 4868554                    /usr/lib/libXdmcp.so.6.0.0
7fea1a4e4000-7fea1a4e5000 rw-p 00005000 08:06 4868554                    /usr/lib/libXdmcp.so.6.0.0
7fea1a4e5000-7fea1a4e7000 r-xp 00000000 08:06 4868618                    /usr/lib/libXau.so.6.0.0
7fea1a4e7000-7fea1a6e7000 ---p 00002000 08:06 4868618                    /usr/lib/libXau.so.6.0.0
7fea1a6e7000-7fea1a6e8000 r--p 00002000 08:06 4868618                    /usr/lib/libXau.so.6.0.0
7fea1a6e8000-7fea1a6e9000 rw-p 00003000 08:06 4868618                    /usr/lib/libXau.so.6.0.0
7fea1a6e9000-7fea1a6f1000 r-xp 00000000 08:06 4850023                    /usr/lib/libcrypt-2.17.so
7fea1a6f1000-7fea1a8f0000 ---p 00008000 08:06 4850023                    /usr/lib/libcrypt-2.17.so
7fea1a8f0000-7fea1a8f1000 r--p 00007000 08:06 4850023                    /usr/lib/libcrypt-2.17.so
7fea1a8f1000-7fea1a8f2000 rw-p 00008000 08:06 4850023                    /usr/lib/libcrypt-2.17.so
7fea1a8f2000-7fea1a920000 rw-p 00000000 00:00 0 
7fea1a920000-7fea1a930000 r-xp 00000000 08:06 4873315                    /usr/lib/libavahi-client.so.3.2.9
7fea1a930000-7fea1ab2f000 ---p 00010000 08:06 4873315                    /usr/lib/libavahi-client.so.3.2.9
7fea1ab2f000-7fea1ab30000 r--p 0000f000 08:06 4873315                    /usr/lib/libavahi-client.so.3.2.9
7fea1ab30000-7fea1ab31000 rw-p 00010000 08:06 4873315                    /usr/lib/libavahi-client.so.3.2.9
7fea1ab31000-7fea1ab3d000 r-xp 00000000 08:06 4873309                    /usr/lib/libavahi-common.so.3.5.3
7fea1ab3d000-7fea1ad3c000 ---p 0000c000 08:06 4873309                    /usr/lib/libavahi-common.so.3.5.3
7fea1ad3c000-7fea1ad3d000 r--p 0000b000 08:06 4873309                    /usr/lib/libavahi-common.so.3.5.3
7fea1ad3d000-7fea1ad3e000 rw-p 0000c000 08:06 4873309                    /usr/lib/libavahi-common.so.3.5.3
7fea1ad3e000-7fea1ae43000 r-xp 00000000 08:06 4881106                    /usr/lib/libgnutls.so.28.22.0
7fea1ae43000-7fea1b043000 ---p 00105000 08:06 4881106                    /usr/lib/libgnutls.so.28.22.0
7fea1b043000-7fea1b04b000 r--p 00105000 08:06 4881106                    /usr/lib/libgnutls.so.28.22.0
7fea1b04b000-7fea1b04d000 rw-p 0010d000 08:06 4881106                    /usr/lib/libgnutls.so.28.22.0
7fea1b04d000-7fea1b04e000 rw-p 00000000 00:00 0 
7fea1b04e000-7fea1b051000 r-xp 00000000 08:06 4873168                    /usr/lib/libcom_err.so.2.1
7fea1b051000-7fea1b250000 ---p 00003000 08:06 4873168                    /usr/lib/libcom_err.so.2.1
7fea1b250000-7fea1b251000 r--p 00002000 08:06 4873168                    /usr/lib/libcom_err.so.2.1
7fea1b251000-7fea1b252000 rw-p 00003000 08:06 4873168                    /usr/lib/libcom_err.so.2.1
7fea1b252000-7fea1b284000 r-xp 00000000 08:06 4861925                    /usr/lib/libk5crypto.so.3.1
7fea1b284000-7fea1b483000 ---p 00032000 08:06 4861925                    /usr/lib/libk5crypto.so.3.1
7fea1b483000-7fea1b485000 r--p 00031000 08:06 4861925                    /usr/lib/libk5crypto.so.3.1
7fea1b485000-7fea1b486000 rw-p 00033000 08:06 4861925                    /usr/lib/libk5crypto.so.3.1
7fea1b486000-7fea1b487000 rw-p 00000000 00:00 0 
7fea1b487000-7fea1b555000 r-xp 00000000 08:06 4861926                    /usr/lib/libkrb5.so.3.3
7fea1b555000-7fea1b754000 ---p 000ce000 08:06 4861926                    /usr/lib/libkrb5.so.3.3
7fea1b754000-7fea1b762000 r--p 000cd000 08:06 4861926                    /usr/lib/libkrb5.so.3.3
7fea1b762000-7fea1b765000 rw-p 000db000 08:06 4861926                    /usr/lib/libkrb5.so.3.3
7fea1b765000-7fea1b7ac000 r-xp 00000000 08:06 4861927                    /usr/lib/libgssapi_krb5.so.2.2
7fea1b7ac000-7fea1b9ac000 ---p 00047000 08:06 4861927                    /usr/lib/libgssapi_krb5.so.2.2
7fea1b9ac000-7fea1b9ad000 r--p 00047000 08:06 4861927                    /usr/lib/libgssapi_krb5.so.2.2
7fea1b9ad000-7fea1b9af000 rw-p 00048000 08:06 4861927                    /usr/lib/libgssapi_krb5.so.2.2
7fea1b9af000-7fea1b9d6000 r-xp 00000000 08:06 4850569                    /usr/lib/libexpat.so.1.6.0
7fea1b9d6000-7fea1bbd6000 ---p 00027000 08:06 4850569                    /usr/lib/libexpat.so.1.6.0
7fea1bbd6000-7fea1bbd8000 r--p 00027000 08:06 4850569                    /usr/lib/libexpat.so.1.6.0
7fea1bbd8000-7fea1bbd9000 rw-p 00029000 08:06 4850569                    /usr/lib/libexpat.so.1.6.0
7fea1bbd9000-7fea1bbe8000 r-xp 00000000 08:06 4855961                    /usr/lib/libbz2.so.1.0.6
7fea1bbe8000-7fea1bde7000 ---p 0000f000 08:06 4855961                    /usr/lib/libbz2.so.1.0.6
7fea1bde7000-7fea1bde9000 rw-p 0000e000 08:06 4855961                    /usr/lib/libbz2.so.1.0.6
7fea1bde9000-7fea1bdfc000 r-xp 00000000 08:06 4850008                    /usr/lib/libresolv-2.17.so
7fea1bdfc000-7fea1bffc000 ---p 00013000 08:06 4850008                    /usr/lib/libresolv-2.17.so
7fea1bffc000-7fea1bffd000 r--p 00013000 08:06 4850008                    /usr/lib/libresolv-2.17.so
7fea1bffd000-7fea1bffe000 rw-p 00014000 08:06 4850008                    /usr/lib/libresolv-2.17.so
7fea1bffe000-7fea1c000000 rw-p 00000000 00:00 0 
7fea1c000000-7fea1c27d000 rw-p 00000000 00:00 0 
7fea1c27d000-7fea20000000 ---p 00000000 00:00 0 
7fea20000000-7fea20021000 rw-p 00000000 00:00 0 
7fea20021000-7fea24000000 ---p 00000000 00:00 0 
7fea24000000-7fea24021000 rw-p 00000000 00:00 0 
7fea24021000-7fea28000000 ---p 00000000 00:00 0 
7fea28000000-7fea28314000 rw-p 00000000 00:00 0 
7fea28314000-7fea2c000000 ---p 00000000 00:00 0 
7fea2c000000-7fea2c021000 rw-p 00000000 00:00 0 
7fea2c021000-7fea30000000 ---p 00000000 00:00 0 
7fea30000000-7fea30021000 rw-p 00000000 00:00 0 
7fea30021000-7fea34000000 ---p 00000000 00:00 0 
7fea34000000-7fea34021000 rw-p 00000000 00:00 0 
7fea34021000-7fea38000000 ---p 00000000 00:00 0 
7fea38000000-7fea38021000 rw-p 00000000 00:00 0 
7fea38021000-7fea3c000000 ---p 00000000 00:00 0 
7fea3c000000-7fea3c021000 rw-p 00000000 00:00 0 
7fea3c021000-7fea40000000 ---p 00000000 00:00 0 
7fea40000000-7fea40021000 rw-p 00000000 00:00 0 
7fea40021000-7fea44000000 ---p 00000000 00:00 0 
7fea44000000-7fea44021000 rw-p 00000000 00:00 0 
7fea44021000-7fea48000000 ---p 00000000 00:00 0 
7fea48000000-7fea48021000 rw-p 00000000 00:00 0 
7fea48021000-7fea4c000000 ---p 00000000 00:00 0 
7fea4c000000-7fea4c021000 rw-p 00000000 00:00 0 
7fea4c021000-7fea50000000 ---p 00000000 00:00 0 
7fea5000a000-7fea5001d000 r--s 00000000 08:06 5253160                    /usr/share/fonts/Type1/n019064l.pfb
7fea5001d000-7fea50037000 r--s 00000000 08:06 5253124                    /usr/share/fonts/Type1/c059013l.pfb
7fea50037000-7fea50053000 r--s 00000000 08:06 5253196                    /usr/share/fonts/Type1/p052024l.pfb
7fea50053000-7fea5006c000 r--s 00000000 08:06 5253163                    /usr/share/fonts/Type1/n021003l.pfb
7fea5006c000-7fea50082000 r--s 00000000 08:06 5253172                    /usr/share/fonts/Type1/n021024l.pfb
7fea50082000-7fea5009b000 r--s 00000000 08:06 5253178                    /usr/share/fonts/Type1/n022004l.pfb
7fea5009b000-7fea500b1000 r--s 00000000 08:06 5253181                    /usr/share/fonts/Type1/n022023l.pfb
7fea500b1000-7fea500ba000 r--s 00000000 08:06 5253199                    /usr/share/fonts/Type1/s050000l.pfb
7fea500ba000-7fea500d1000 r--s 00000000 08:06 5253169                    /usr/share/fonts/Type1/n021023l.pfb
7fea500d1000-7fea500e3000 r--s 00000000 08:06 5253142                    /usr/share/fonts/Type1/n019004l.pfb
7fea500e3000-7fea500fc000 r--s 00000000 08:06 5253166                    /usr/share/fonts/Type1/n021004l.pfb
7fea500fc000-7fea500ff000 ---p 00000000 00:00 0 
7fea500ff000-7fea501fd000 rw-p 00000000 00:00 0                          [stack:17772]
7fea501fd000-7fea50265000 r-xp 00000000 08:06 4858073                    /usr/lib/libpcre.so.1.2.1
7fea50265000-7fea50465000 ---p 00068000 08:06 4858073                    /usr/lib/libpcre.so.1.2.1
7fea50465000-7fea50466000 r--p 00068000 08:06 4858073                    /usr/lib/libpcre.so.1.2.1
7fea50466000-7fea50467000 rw-p 00069000 08:06 4858073                    /usr/lib/libpcre.so.1.2.1
7fea50467000-7fea5046e000 r-xp 00000000 08:06 4852836                    /usr/lib/libffi.so.6.0.1
7fea5046e000-7fea5066d000 ---p 00007000 08:06 4852836                    /usr/lib/libffi.so.6.0.1
7fea5066d000-7fea5066e000 r--p 00006000 08:06 4852836                    /usr/lib/libffi.so.6.0.1
7fea5066e000-7fea5066f000 rw-p 00007000 08:06 4852836                    /usr/lib/libffi.so.6.0.1
7fea5066f000-7fea506c9000 r-xp 00000000 08:06 4857806                    /usr/lib/mesa-libGL.so.1.2.0
7fea506c9000-7fea508c9000 ---p 0005a000 08:06 4857806                    /usr/lib/mesa-libGL.so.1.2.0
7fea508c9000-7fea508cb000 r--p 0005a000 08:06 4857806                    /usr/lib/mesa-libGL.so.1.2.0
7fea508cb000-7fea508cc000 rw-p 0005c000 08:06 4857806                    /usr/lib/mesa-libGL.so.1.2.0
7fea508cc000-7fea508cd000 rw-p 00000000 00:00 0 
7fea508cd000-7fea508d5000 r-xp 00000000 08:06 4870740                    /usr/lib/libxcb-render.so.0.0.0
7fea508d5000-7fea50ad5000 ---p 00008000 08:06 4870740                    /usr/lib/libxcb-render.so.0.0.0
7fea50ad5000-7fea50ad6000 r--p 00008000 08:06 4870740                    /usr/lib/libxcb-render.so.0.0.0
7fea50ad6000-7fea50ad7000 rw-p 00009000 08:06 4870740                    /usr/lib/libxcb-render.so.0.0.0
7fea50ad7000-7fea50ad9000 r-xp 00000000 08:06 4870669                    /usr/lib/libxcb-shm.so.0.0.0
7fea50ad9000-7fea50cd8000 ---p 00002000 08:06 4870669                    /usr/lib/libxcb-shm.so.0.0.0
7fea50cd8000-7fea50cd9000 r--p 00001000 08:06 4870669                    /usr/lib/libxcb-shm.so.0.0.0
7fea50cd9000-7fea50cda000 rw-p 00002000 08:06 4870669                    /usr/lib/libxcb-shm.so.0.0.0
7fea50cda000-7fea50d0e000 r-xp 00000000 08:06 4872836                    /usr/lib/libpng16.so.16.2.0
7fea50d0e000-7fea50f0d000 ---p 00034000 08:06 4872836                    /usr/lib/libpng16.so.16.2.0
7fea50f0d000-7fea50f0e000 r--p 00033000 08:06 4872836                    /usr/lib/libpng16.so.16.2.0
7fea50f0e000-7fea50f0f000 rw-p 00034000 08:06 4872836                    /usr/lib/libpng16.so.16.2.0
7fea50f0f000-7fea50f30000 r-xp 00000000 08:06 4852887                    /usr/lib/libEGL.so.1.0.0
7fea50f30000-7fea51130000 ---p 00021000 08:06 4852887                    /usr/lib/libEGL.so.1.0.0
7fea51130000-7fea51131000 r--p 00021000 08:06 4852887                    /usr/lib/libEGL.so.1.0.0
7fea51131000-7fea51132000 rw-p 00022000 08:06 4852887                    /usr/lib/libEGL.so.1.0.0
7fea51132000-7fea511d3000 r-xp 00000000 08:06 4868604                    /usr/lib/libpixman-1.so.0.30.0
7fea511d3000-7fea513d3000 ---p 000a1000 08:06 4868604                    /usr/lib/libpixman-1.so.0.30.0
7fea513d3000-7fea513da000 r--p 000a1000 08:06 4868604                    /usr/lib/libpixman-1.so.0.30.0
7fea513da000-7fea513db000 rw-p 000a8000 08:06 4868604                    /usr/lib/libpixman-1.so.0.30.0
7fea513db000-7fea5142c000 r-xp 00000000 08:06 4868521                    /usr/lib/libharfbuzz.so.0.918.0
7fea5142c000-7fea5162c000 ---p 00051000 08:06 4868521                    /usr/lib/libharfbuzz.so.0.918.0
7fea5162c000-7fea5162d000 r--p 00051000 08:06 4868521                    /usr/lib/libharfbuzz.so.0.918.0
7fea5162d000-7fea5162e000 rw-p 00052000 08:06 4868521                    /usr/lib/libharfbuzz.so.0.918.0
7fea5162e000-7fea51630000 r-xp 00000000 08:06 4871988                    /usr/lib/libXdamage.so.1.1.0
7fea51630000-7fea5182f000 ---p 00002000 08:06 4871988                    /usr/lib/libXdamage.so.1.1.0
7fea5182f000-7fea51830000 r--p 00001000 08:06 4871988                    /usr/lib/libXdamage.so.1.1.0
7fea51830000-7fea51831000 rw-p 00002000 08:06 4871988                    /usr/lib/libXdamage.so.1.1.0
7fea51831000-7fea51833000 r-xp 00000000 08:06 4880765                    /usr/lib/libXcomposite.so.1.0.0
7fea51833000-7fea51a32000 ---p 00002000 08:06 4880765                    /usr/lib/libXcomposite.so.1.0.0
7fea51a32000-7fea51a33000 r--p 00001000 08:06 4880765                    /usr/lib/libXcomposite.so.1.0.0
7fea51a33000-7fea51a34000 rw-p 00002000 08:06 4880765                    /usr/lib/libXcomposite.so.1.0.0
7fea51a34000-7fea51a3e000 r-xp 00000000 08:06 4877580                    /usr/lib/libXcursor.so.1.0.2
7fea51a3e000-7fea51c3d000 ---p 0000a000 08:06 4877580                    /usr/lib/libXcursor.so.1.0.2
7fea51c3d000-7fea51c3e000 r--p 00009000 08:06 4877580                    /usr/lib/libXcursor.so.1.0.2
7fea51c3e000-7fea51c3f000 rw-p 0000a000 08:06 4877580                    /usr/lib/libXcursor.so.1.0.2
7fea51c3f000-7fea51c48000 r-xp 00000000 08:06 4872885                    /usr/lib/libXrandr.so.2.2.0
7fea51c48000-7fea51e47000 ---p 00009000 08:06 4872885                    /usr/lib/libXrandr.so.2.2.0
7fea51e47000-7fea51e48000 r--p 00008000 08:06 4872885                    /usr/lib/libXrandr.so.2.2.0
7fea51e48000-7fea51e49000 rw-p 00009000 08:06 4872885                    /usr/lib/libXrandr.so.2.2.0
7fea51e49000-7fea51e4b000 r-xp 00000000 08:06 4880775                    /usr/lib/libXinerama.so.1.0.0
7fea51e4b000-7fea5204a000 ---p 00002000 08:06 4880775                    /usr/lib/libXinerama.so.1.0.0
7fea5204a000-7fea5204b000 r--p 00001000 08:06 4880775                    /usr/lib/libXinerama.so.1.0.0
7fea5204b000-7fea5204c000 rw-p 00002000 08:06 4880775                    /usr/lib/libXinerama.so.1.0.0
7fea5204c000-7fea52051000 r-xp 00000000 08:06 4871983                    /usr/lib/libXfixes.so.3.1.0
7fea52051000-7fea52250000 ---p 00005000 08:06 4871983                    /usr/lib/libXfixes.so.3.1.0
7fea52250000-7fea52251000 r--p 00004000 08:06 4871983                    /usr/lib/libXfixes.so.3.1.0
7fea52251000-7fea52252000 rw-p 00005000 08:06 4871983                    /usr/lib/libXfixes.so.3.1.0
7fea52252000-7fea52255000 r-xp 00000000 08:06 4858143                    /usr/lib/libgmodule-2.0.so.0.3600.3
7fea52255000-7fea52454000 ---p 00003000 08:06 4858143                    /usr/lib/libgmodule-2.0.so.0.3600.3
7fea52454000-7fea52455000 r--p 00002000 08:06 4858143                    /usr/lib/libgmodule-2.0.so.0.3600.3
7fea52455000-7fea52456000 rw-p 00003000 08:06 4858143                    /usr/lib/libgmodule-2.0.so.0.3600.3
7fea52456000-7fea52474000 r-xp 00000000 08:06 4870706                    /usr/lib/libxcb.so.1.1.0
7fea52474000-7fea52673000 ---p 0001e000 08:06 4870706                    /usr/lib/libxcb.so.1.1.0
7fea52673000-7fea52674000 r--p 0001d000 08:06 4870706                    /usr/lib/libxcb.so.1.1.0
7fea52674000-7fea52675000 rw-p 0001e000 08:06 4870706                    /usr/lib/libxcb.so.1.1.0
7fea52675000-7fea526d2000 r-xp 00000000 08:06 4873623                    /usr/lib/libcups.so.2
7fea526d2000-7fea528d2000 ---p 0005d000 08:06 4873623                    /usr/lib/libcups.so.2
7fea528d2000-7fea528d7000 rw-p 0005d000 08:06 4873623                    /usr/lib/libcups.so.2
7fea528d7000-7fea529d3000 r-xp 00000000 08:06 4858142                    /usr/lib/libglib-2.0.so.0.3600.3
7fea529d3000-7fea52bd2000 ---p 000fc000 08:06 4858142                    /usr/lib/libglib-2.0.so.0.3600.3
7fea52bd2000-7fea52bd3000 r--p 000fb000 08:06 4858142                    /usr/lib/libglib-2.0.so.0.3600.3
7fea52bd3000-7fea52bd4000 rw-p 000fc000 08:06 4858142                    /usr/lib/libglib-2.0.so.0.3600.3
7fea52bd4000-7fea52bd5000 rw-p 00000000 00:00 0 
7fea52bd5000-7fea52c0f000 r-xp 00000000 08:06 4871785                    /usr/lib/libfontconfig.so.1.7.0
7fea52c0f000-7fea52e0e000 ---p 0003a000 08:06 4871785                    /usr/lib/libfontconfig.so.1.7.0
7fea52e0e000-7fea52e10000 r--p 00039000 08:06 4871785                    /usr/lib/libfontconfig.so.1.7.0
7fea52e10000-7fea52e11000 rw-p 0003b000 08:06 4871785                    /usr/lib/libfontconfig.so.1.7.0
7fea52e11000-7fea52ead000 r-xp 00000000 08:06 4868440                    /usr/lib/libfreetype.so.6.10.2
7fea52ead000-7fea530ad000 ---p 0009c000 08:06 4868440                    /usr/lib/libfreetype.so.6.10.2
7fea530ad000-7fea530b2000 r--p 0009c000 08:06 4868440                    /usr/lib/libfreetype.so.6.10.2
7fea530b2000-7fea530b3000 rw-p 000a1000 08:06 4868440                    /usr/lib/libfreetype.so.6.10.2
7fea530b3000-7fea53100000 r-xp 00000000 08:06 4858145                    /usr/lib/libgobject-2.0.so.0.3600.3
7fea53100000-7fea53300000 ---p 0004d000 08:06 4858145                    /usr/lib/libgobject-2.0.so.0.3600.3
7fea53300000-7fea53301000 r--p 0004d000 08:06 4858145                    /usr/lib/libgobject-2.0.so.0.3600.3
7fea53301000-7fea53302000 rw-p 0004e000 08:06 4858145                    /usr/lib/libgobject-2.0.so.0.3600.3
7fea53302000-7fea5334a000 r-xp 00000000 08:06 4878000                    /usr/lib/libpango-1.0.so.0.3400.1
7fea5334a000-7fea5354a000 ---p 00048000 08:06 4878000                    /usr/lib/libpango-1.0.so.0.3400.1
7fea5354a000-7fea5354c000 r--p 00048000 08:06 4878000                    /usr/lib/libpango-1.0.so.0.3400.1
7fea5354c000-7fea5354d000 rw-p 0004a000 08:06 4878000                    /usr/lib/libpango-1.0.so.0.3400.1
7fea5354d000-7fea53561000 r-xp 00000000 08:06 4878002                    /usr/lib/libpangoft2-1.0.so.0.3400.1
7fea53561000-7fea53760000 ---p 00014000 08:06 4878002                    /usr/lib/libpangoft2-1.0.so.0.3400.1
7fea53760000-7fea53761000 r--p 00013000 08:06 4878002                    /usr/lib/libpangoft2-1.0.so.0.3400.1
7fea53761000-7fea53762000 rw-p 00014000 08:06 4878002                    /usr/lib/libpangoft2-1.0.so.0.3400.1
7fea53762000-7fea538b4000 r-xp 00000000 08:06 4858146                    /usr/lib/libgio-2.0.so.0.3600.3
7fea538b4000-7fea53ab4000 ---p 00152000 08:06 4858146                    /usr/lib/libgio-2.0.so.0.3600.3
7fea53ab4000-7fea53ab8000 r--p 00152000 08:06 4858146                    /usr/lib/libgio-2.0.so.0.3600.3
7fea53ab8000-7fea53aba000 rw-p 00156000 08:06 4858146                    /usr/lib/libgio-2.0.so.0.3600.3
7fea53aba000-7fea53abc000 rw-p 00000000 00:00 0 
7fea53abc000-7fea53ade000 r-xp 00000000 08:06 4879016                    /usr/lib/libgdk_pixbuf-2.0.so.0.2800.2
7fea53ade000-7fea53cdd000 ---p 00022000 08:06 4879016                    /usr/lib/libgdk_pixbuf-2.0.so.0.2800.2
7fea53cdd000-7fea53cde000 r--p 00021000 08:06 4879016                    /usr/lib/libgdk_pixbuf-2.0.so.0.2800.2
7fea53cde000-7fea53cdf000 rw-p 00022000 08:06 4879016                    /usr/lib/libgdk_pixbuf-2.0.so.0.2800.2
7fea53cdf000-7fea53dfb000 r-xp 00000000 08:06 4850649                    /usr/lib/libcairo.so.2.11200.14
7fea53dfb000-7fea53ffa000 ---p 0011c000 08:06 4850649                    /usr/lib/libcairo.so.2.11200.14
7fea53ffa000-7fea53ffd000 r--p 0011b000 08:06 4850649                    /usr/lib/libcairo.so.2.11200.14
7fea53ffd000-7fea53fff000 rw-p 0011e000 08:06 4850649                    /usr/lib/libcairo.so.2.11200.14
7fea53fff000-7fea54000000 rw-p 00000000 00:00 0 
7fea54000000-7fea54021000 rw-p 00000000 00:00 0 
7fea54021000-7fea58000000 ---p 00000000 00:00 0 
7fea58002000-7fea58003000 r-xp 00000000 08:06 4858144                    /usr/lib/libgthread-2.0.so.0.3600.3
7fea58003000-7fea58202000 ---p 00001000 08:06 4858144                    /usr/lib/libgthread-2.0.so.0.3600.3
7fea58202000-7fea58203000 r--p 00000000 08:06 4858144                    /usr/lib/libgthread-2.0.so.0.3600.3
7fea58203000-7fea58204000 rw-p 00001000 08:06 4858144                    /usr/lib/libgthread-2.0.so.0.3600.3
7fea58204000-7fea58224000 r-xp 00000000 08:06 4877351                    /usr/lib/libatk-1.0.so.0.20809.1
7fea58224000-7fea58424000 ---p 00020000 08:06 4877351                    /usr/lib/libatk-1.0.so.0.20809.1
7fea58424000-7fea58426000 r--p 00020000 08:06 4877351                    /usr/lib/libatk-1.0.so.0.20809.1
7fea58426000-7fea58427000 rw-p 00022000 08:06 4877351                    /usr/lib/libatk-1.0.so.0.20809.1
7fea58427000-7fea58432000 r-xp 00000000 08:06 4878004                    /usr/lib/libpangocairo-1.0.so.0.3400.1
7fea58432000-7fea58632000 ---p 0000b000 08:06 4878004                    /usr/lib/libpangocairo-1.0.so.0.3400.1
7fea58632000-7fea58633000 r--p 0000b000 08:06 4878004                    /usr/lib/libpangocairo-1.0.so.0.3400.1
7fea58633000-7fea58634000 rw-p 0000c000 08:06 4878004                    /usr/lib/libpangocairo-1.0.so.0.3400.1
7fea58634000-7fea586e1000 r-xp 00000000 08:06 4873469                    /usr/lib/libgdk-x11-2.0.so.0.2400.20
7fea586e1000-7fea588e1000 ---p 000ad000 08:06 4873469                    /usr/lib/libgdk-x11-2.0.so.0.2400.20
7fea588e1000-7fea588e5000 r--p 000ad000 08:06 4873469                    /usr/lib/libgdk-x11-2.0.so.0.2400.20
7fea588e5000-7fea588e7000 rw-p 000b1000 08:06 4873469                    /usr/lib/libgdk-x11-2.0.so.0.2400.20
7fea588e7000-7fea58d0b000 r-xp 00000000 08:06 4873470                    /usr/lib/libgtk-x11-2.0.so.0.2400.20
7fea58d0b000-7fea58f0a000 ---p 00424000 08:06 4873470                    /usr/lib/libgtk-x11-2.0.so.0.2400.20
7fea58f0a000-7fea58f11000 r--p 00423000 08:06 4873470                    /usr/lib/libgtk-x11-2.0.so.0.2400.20
7fea58f11000-7fea58f15000 rw-p 0042a000 08:06 4873470                    /usr/lib/libgtk-x11-2.0.so.0.2400.20
7fea58f15000-7fea58f17000 rw-p 00000000 00:00 0 
7fea58f17000-7fea58f26000 r-xp 00000000 08:06 4855820                    /usr/lib/libXi.so.6.1.0
7fea58f26000-7fea59125000 ---p 0000f000 08:06 4855820                    /usr/lib/libXi.so.6.1.0
7fea59125000-7fea59126000 r--p 0000e000 08:06 4855820                    /usr/lib/libXi.so.6.1.0
7fea59126000-7fea59127000 rw-p 0000f000 08:06 4855820                    /usr/lib/libXi.so.6.1.0
7fea59127000-7fea5912c000 r-xp 00000000 08:06 4872145                    /usr/lib/libXtst.so.6.1.0
7fea5912c000-7fea5932b000 ---p 00005000 08:06 4872145                    /usr/lib/libXtst.so.6.1.0
7fea5932b000-7fea5932c000 r--p 00004000 08:06 4872145                    /usr/lib/libXtst.so.6.1.0
7fea5932c000-7fea5932d000 rw-p 00005000 08:06 4872145                    /usr/lib/libXtst.so.6.1.0
7fea5932d000-7fea59336000 r-xp 00000000 08:06 4872865                    /usr/lib/libXrender.so.1.3.0
7fea59336000-7fea59535000 ---p 00009000 08:06 4872865                    /usr/lib/libXrender.so.1.3.0
7fea59535000-7fea59536000 r--p 00008000 08:06 4872865                    /usr/lib/libXrender.so.1.3.0
7fea59536000-7fea59537000 rw-p 00009000 08:06 4872865                    /usr/lib/libXrender.so.1.3.0
7fea59537000-7fea5966c000 r-xp 00000000 08:06 4871595                    /usr/lib/libX11.so.6.3.0
7fea5966c000-7fea5986c000 ---p 00135000 08:06 4871595                    /usr/lib/libX11.so.6.3.0
7fea5986c000-7fea5986d000 r--p 00135000 08:06 4871595                    /usr/lib/libX11.so.6.3.0
7fea5986d000-7fea59872000 rw-p 00136000 08:06 4871595                    /usr/lib/libX11.so.6.3.0
7fea59872000-7fea59883000 r-xp 00000000 08:06 4871950                    /usr/lib/libXext.so.6.4.0
7fea59883000-7fea59a82000 ---p 00011000 08:06 4871950                    /usr/lib/libXext.so.6.4.0
7fea59a82000-7fea59a83000 r--p 00010000 08:06 4871950                    /usr/lib/libXext.so.6.4.0
7fea59a83000-7fea59a84000 rw-p 00011000 08:06 4871950                    /usr/lib/libXext.so.6.4.0
7fea59a87000-7fea59a93000 r--s 00000000 08:06 5253136                    /usr/share/fonts/Type1/d050000l.pfb
7fea59a93000-7fea59aa4000 r--s 00000000 08:06 5253148                    /usr/share/fonts/Type1/n019024l.pfb
7fea59aa4000-7fea59aba000 r--s 00000000 08:06 5253184                    /usr/share/fonts/Type1/n022024l.pfb
7fea59aba000-7fea59b0c000 r-xp 00000000 08:06 5899277                    /usr/lib/jvm/java-7-openjdk/jre/lib/amd64/xawt/libmawt.so
7fea59b0c000-7fea59d0b000 ---p 00052000 08:06 5899277                    /usr/lib/jvm/java-7-openjdk/jre/lib/amd64/xawt/libmawt.so
7fea59d0b000-7fea59d0f000 rw-p 00051000 08:06 5899277                    /usr/lib/jvm/java-7-openjdk/jre/lib/amd64/xawt/libmawt.so
7fea59d0f000-7fea59d10000 rw-p 00000000 00:00 0 
7fea59d10000-7fea59db1000 r-xp 00000000 08:06 5647507                    /usr/lib/jvm/java-7-openjdk/jre/lib/amd64/libawt.so
7fea59db1000-7fea59fb1000 ---p 000a1000 08:06 5647507                    /usr/lib/jvm/java-7-openjdk/jre/lib/amd64/libawt.so
7fea59fb1000-7fea59fbd000 rw-p 000a1000 08:06 5647507                    /usr/lib/jvm/java-7-openjdk/jre/lib/amd64/libawt.so
7fea59fbd000-7fea59fe1000 rw-p 00000000 00:00 0 
7fea59fe1000-7fea59fe2000 ---p 00000000 00:00 0 
7fea59fe2000-7fea5a0e2000 rw-p 00000000 00:00 0                          [stack:17770]
7fea5a0e2000-7fea5a0e5000 ---p 00000000 00:00 0 
7fea5a0e5000-7fea5a1e3000 rw-p 00000000 00:00 0                          [stack:17769]
7fea5a1e3000-7fea5a1e6000 ---p 00000000 00:00 0 
7fea5a1e6000-7fea5a2e4000 rw-p 00000000 00:00 0                          [stack:17768]
7fea5a2e4000-7fea5a2e7000 ---p 00000000 00:00 0 
7fea5a2e7000-7fea5a3e5000 rw-p 00000000 00:00 0                          [stack:17767]
7fea5a3e5000-7fea5a3e8000 ---p 00000000 00:00 0 
7fea5a3e8000-7fea5a4e6000 rw-p 00000000 00:00 0                          [stack:17763]
7fea5a4e6000-7fea5a4e9000 ---p 00000000 00:00 0 
7fea5a4e9000-7fea5a5e7000 rw-p 00000000 00:00 0                          [stack:17761]
7fea5a5e7000-7fea5a5ea000 ---p 00000000 00:00 0 
7fea5a5ea000-7fea5a6e8000 rw-p 00000000 00:00 0                          [stack:17759]
7fea5a6e8000-7fea5a6ec000 r-xp 00000000 08:06 5650646                    /usr/lib/jvm/java-7-openjdk/jre/lib/amd64/libdt_socket.so
7fea5a6ec000-7fea5a8eb000 ---p 00004000 08:06 5650646                    /usr/lib/jvm/java-7-openjdk/jre/lib/amd64/libdt_socket.so
7fea5a8eb000-7fea5a8ec000 rw-p 00003000 08:06 5650646                    /usr/lib/jvm/java-7-openjdk/jre/lib/amd64/libdt_socket.so
7fea5a8ec000-7fea5a8ef000 ---p 00000000 00:00 0 
7fea5a8ef000-7fea5a9ed000 rw-p 00000000 00:00 0                          [stack:17757]
7fea5a9ed000-7fea5a9f0000 ---p 00000000 00:00 0 
7fea5a9f0000-7fea5aaee000 rw-p 00000000 00:00 0                          [stack:17750]
7fea5aaee000-7fea5aaf1000 ---p 00000000 00:00 0 
7fea5aaf1000-7fea5abef000 rw-p 00000000 00:00 0                          [stack:17749]
7fea5abef000-7fea5abf0000 ---p 00000000 00:00 0 
7fea5abf0000-7fea5d000000 rw-p 00000000 00:00 0                          [stack:17748]
7fea5d000000-7fea5d270000 rwxp 00000000 00:00 0 
7fea5d270000-7fea60252000 rw-p 00000000 00:00 0 
7fea60252000-7fea64000000 ---p 00000000 00:00 0 
7fea64001000-7fea64011000 r--s 00000000 08:06 5249538                    /usr/share/fonts/Type1/a010015l.pfb
7fea64011000-7fea64025000 r--s 00000000 08:06 5253139                    /usr/share/fonts/Type1/n019003l.pfb
7fea64025000-7fea6403d000 r--s 00000000 08:06 5253175                    /usr/share/fonts/Type1/n022003l.pfb
7fea6403d000-7fea6404e000 r--s 00000000 08:06 5253145                    /usr/share/fonts/Type1/n019023l.pfb
7fea6404e000-7fea6407f000 rw-p 00000000 00:00 0 
7fea6407f000-7fea64098000 r--s 00000000 08:06 1311196                    /var/cache/fontconfig/8d4af663993b81a124ee82e610bb31f9-le64.cache-4
7fea64098000-7fea640a3000 r--s 00000000 08:06 1311208                    /var/cache/fontconfig/d62e99ef547d1d24cdb1bd22ec1a2976-le64.cache-4
7fea640a3000-7fea640c7000 r--p 00000000 08:06 4849977                    /usr/share/locale/pl/LC_MESSAGES/libc.mo
7fea640c7000-7fea650c3000 rw-p 00000000 00:00 0 
7fea650c3000-7fea65270000 r--s 01cdf000 08:06 5378322                    /usr/lib/jvm/java-7-openjdk/jre/lib/rt.jar
7fea65270000-7fea65572000 rw-p 00000000 00:00 0 
7fea65572000-7fea65573000 ---p 00000000 00:00 0 
7fea65573000-7fea65673000 rw-p 00000000 00:00 0                          [stack:17742]
7fea65673000-7fea65674000 ---p 00000000 00:00 0 
7fea65674000-7fea65774000 rw-p 00000000 00:00 0                          [stack:17741]
7fea65774000-7fea65775000 ---p 00000000 00:00 0 
7fea65775000-7fea65875000 rw-p 00000000 00:00 0                          [stack:17740]
7fea65875000-7fea65876000 ---p 00000000 00:00 0 
7fea65876000-7fea65981000 rw-p 00000000 00:00 0                          [stack:17739]
7fea65981000-7fea659c9000 rw-p 00000000 00:00 0 
7fea659c9000-7fea659dd000 rw-p 00000000 00:00 0 
7fea659dd000-7fea65b08000 rw-p 00000000 00:00 0 
7fea65b08000-7fea65b13000 rw-p 00000000 00:00 0 
7fea65b13000-7fea65b5b000 rw-p 00000000 00:00 0 
7fea65b5b000-7fea65b6f000 rw-p 00000000 00:00 0 
7fea65b6f000-7fea65c99000 rw-p 00000000 00:00 0 
7fea65c99000-7fea65ca4000 rw-p 00000000 00:00 0 
7fea65ca4000-7fea65d39000 rw-p 00000000 00:00 0 
7fea65d39000-7fea65d44000 rw-p 00000000 00:00 0 
7fea65d44000-7fea65dfa000 rw-p 00000000 00:00 0 
7fea65dfa000-7fea65e02000 r-xp 00000000 08:06 5647493                    /usr/lib/jvm/java-7-openjdk/jre/lib/amd64/libzip.so
7fea65e02000-7fea66001000 ---p 00008000 08:06 5647493                    /usr/lib/jvm/java-7-openjdk/jre/lib/amd64/libzip.so
7fea66001000-7fea66002000 rw-p 00007000 08:06 5647493                    /usr/lib/jvm/java-7-openjdk/jre/lib/amd64/libzip.so
7fea66002000-7fea6600d000 r-xp 00000000 08:06 4850029                    /usr/lib/libnss_files-2.17.so
7fea6600d000-7fea6620d000 ---p 0000b000 08:06 4850029                    /usr/lib/libnss_files-2.17.so
7fea6620d000-7fea6620e000 r--p 0000b000 08:06 4850029                    /usr/lib/libnss_files-2.17.so
7fea6620e000-7fea6620f000 rw-p 0000c000 08:06 4850029                    /usr/lib/libnss_files-2.17.so
7fea6620f000-7fea66212000 r-xp 00000000 08:06 5647497                    /usr/lib/jvm/java-7-openjdk/jre/lib/amd64/libnpt.so
7fea66212000-7fea66411000 ---p 00003000 08:06 5647497                    /usr/lib/jvm/java-7-openjdk/jre/lib/amd64/libnpt.so
7fea66411000-7fea66412000 rw-p 00002000 08:06 5647497                    /usr/lib/jvm/java-7-openjdk/jre/lib/amd64/libnpt.so
7fea66412000-7fea6644c000 r-xp 00000000 08:06 5647995                    /usr/lib/jvm/java-7-openjdk/jre/lib/amd64/libjdwp.so
7fea6644c000-7fea6664b000 ---p 0003a000 08:06 5647995                    /usr/lib/jvm/java-7-openjdk/jre/lib/amd64/libjdwp.so
7fea6664b000-7fea6664d000 rw-p 00039000 08:06 5647995                    /usr/lib/jvm/java-7-openjdk/jre/lib/amd64/libjdwp.so
7fea6664d000-7fea66678000 r-xp 00000000 08:06 5647492                    /usr/lib/jvm/java-7-openjdk/jre/lib/amd64/libjava.so
7fea66678000-7fea66877000 ---p 0002b000 08:06 5647492                    /usr/lib/jvm/java-7-openjdk/jre/lib/amd64/libjava.so
7fea66877000-7fea66879000 rw-p 0002a000 08:06 5647492                    /usr/lib/jvm/java-7-openjdk/jre/lib/amd64/libjava.so
7fea66879000-7fea66886000 r-xp 00000000 08:06 5647491                    /usr/lib/jvm/java-7-openjdk/jre/lib/amd64/libverify.so
7fea66886000-7fea66a85000 ---p 0000d000 08:06 5647491                    /usr/lib/jvm/java-7-openjdk/jre/lib/amd64/libverify.so
7fea66a85000-7fea66a87000 rw-p 0000c000 08:06 5647491                    /usr/lib/jvm/java-7-openjdk/jre/lib/amd64/libverify.so
7fea66a87000-7fea66a8e000 r-xp 00000000 08:06 4850009                    /usr/lib/librt-2.17.so
7fea66a8e000-7fea66c8d000 ---p 00007000 08:06 4850009                    /usr/lib/librt-2.17.so
7fea66c8d000-7fea66c8e000 r--p 00006000 08:06 4850009                    /usr/lib/librt-2.17.so
7fea66c8e000-7fea66c8f000 rw-p 00007000 08:06 4850009                    /usr/lib/librt-2.17.so
7fea66c8f000-7fea66ca4000 r-xp 00000000 08:06 4881438                    /usr/lib/libgcc_s.so.1
7fea66ca4000-7fea66ea4000 ---p 00015000 08:06 4881438                    /usr/lib/libgcc_s.so.1
7fea66ea4000-7fea66ea5000 rw-p 00015000 08:06 4881438                    /usr/lib/libgcc_s.so.1
7fea66ea5000-7fea66fa2000 r-xp 00000000 08:06 4850027                    /usr/lib/libm-2.17.so
7fea66fa2000-7fea671a1000 ---p 000fd000 08:06 4850027                    /usr/lib/libm-2.17.so
7fea671a1000-7fea671a2000 r--p 000fc000 08:06 4850027                    /usr/lib/libm-2.17.so
7fea671a2000-7fea671a3000 rw-p 000fd000 08:06 4850027                    /usr/lib/libm-2.17.so
7fea671a3000-7fea67289000 r-xp 00000000 08:06 4850083                    /usr/lib/libstdc++.so.6.0.18
7fea67289000-7fea67488000 ---p 000e6000 08:06 4850083                    /usr/lib/libstdc++.so.6.0.18
7fea67488000-7fea67490000 r--p 000e5000 08:06 4850083                    /usr/lib/libstdc++.so.6.0.18
7fea67490000-7fea67492000 rw-p 000ed000 08:06 4850083                    /usr/lib/libstdc++.so.6.0.18
7fea67492000-7fea674a7000 rw-p 00000000 00:00 0 
7fea674a7000-7fea67f98000 r-xp 00000000 08:06 5776526                    /usr/lib/jvm/java-7-openjdk/jre/lib/amd64/server/libjvm.so
7fea67f98000-7fea68198000 ---p 00af1000 08:06 5776526                    /usr/lib/jvm/java-7-openjdk/jre/lib/amd64/server/libjvm.so
7fea68198000-7fea68253000 rw-p 00af1000 08:06 5776526                    /usr/lib/jvm/java-7-openjdk/jre/lib/amd64/server/libjvm.so
7fea68253000-7fea68280000 rw-p 00000000 00:00 0 
7fea68280000-7fea68295000 r-xp 00000000 08:06 4856033                    /usr/lib/libz.so.1.2.8
7fea68295000-7fea68494000 ---p 00015000 08:06 4856033                    /usr/lib/libz.so.1.2.8
7fea68494000-7fea68495000 r--p 00014000 08:06 4856033                    /usr/lib/libz.so.1.2.8
7fea68495000-7fea68496000 rw-p 00015000 08:06 4856033                    /usr/lib/libz.so.1.2.8
7fea68496000-7fea68639000 r-xp 00000000 08:06 4849981                    /usr/lib/libc-2.17.so
7fea68639000-7fea68839000 ---p 001a3000 08:06 4849981                    /usr/lib/libc-2.17.so
7fea68839000-7fea6883d000 r--p 001a3000 08:06 4849981                    /usr/lib/libc-2.17.so
7fea6883d000-7fea6883f000 rw-p 001a7000 08:06 4849981                    /usr/lib/libc-2.17.so
7fea6883f000-7fea68843000 rw-p 00000000 00:00 0 
7fea68843000-7fea68846000 r-xp 00000000 08:06 4850004                    /usr/lib/libdl-2.17.so
7fea68846000-7fea68a45000 ---p 00003000 08:06 4850004                    /usr/lib/libdl-2.17.so
7fea68a45000-7fea68a46000 r--p 00002000 08:06 4850004                    /usr/lib/libdl-2.17.so
7fea68a46000-7fea68a47000 rw-p 00003000 08:06 4850004                    /usr/lib/libdl-2.17.so
7fea68a47000-7fea68a54000 r-xp 00000000 08:06 5776522                    /usr/lib/jvm/java-7-openjdk/jre/lib/amd64/jli/libjli.so
7fea68a54000-7fea68c53000 ---p 0000d000 08:06 5776522                    /usr/lib/jvm/java-7-openjdk/jre/lib/amd64/jli/libjli.so
7fea68c53000-7fea68c54000 rw-p 0000c000 08:06 5776522                    /usr/lib/jvm/java-7-openjdk/jre/lib/amd64/jli/libjli.so
7fea68c54000-7fea68c6b000 r-xp 00000000 08:06 4850000                    /usr/lib/libpthread-2.17.so
7fea68c6b000-7fea68e6a000 ---p 00017000 08:06 4850000                    /usr/lib/libpthread-2.17.so
7fea68e6a000-7fea68e6b000 r--p 00016000 08:06 4850000                    /usr/lib/libpthread-2.17.so
7fea68e6b000-7fea68e6c000 rw-p 00017000 08:06 4850000                    /usr/lib/libpthread-2.17.so
7fea68e6c000-7fea68e70000 rw-p 00000000 00:00 0 
7fea68e70000-7fea68e91000 r-xp 00000000 08:06 4849988                    /usr/lib/ld-2.17.so
7fea68e94000-7fea68ea3000 r--s 00000000 08:06 1310960                    /var/cache/fontconfig/f6b893a7224233d96cb72fd88691c0b4-le64.cache-4
7fea68ea3000-7fea68eac000 r--s 000ba000 08:06 5378323                    /usr/lib/jvm/java-7-openjdk/jre/lib/resources.jar
7fea68eac000-7fea68eb8000 r-xp 00000000 08:06 4852813                    /usr/lib/libdrm.so.2.4.0
7fea68eb8000-7fea68eb9000 r--p 0000b000 08:06 4852813                    /usr/lib/libdrm.so.2.4.0
7fea68eb9000-7fea68eba000 rw-p 0000c000 08:06 4852813                    /usr/lib/libdrm.so.2.4.0
7fea68eba000-7fea68ee2000 rw-p 00000000 00:00 0 
7fea68ee2000-7fea68f55000 r--p 00000000 08:06 4881064                    /usr/lib/locale/locale-archive
7fea68f55000-7fea68f58000 ---p 00000000 00:00 0 
7fea68f58000-7fea6905a000 rw-p 00000000 00:00 0                          [stack:17733]
7fea6905c000-7fea69060000 rw-s 00000000 00:04 27033635                   /SYSV00000000 (deleted)
7fea69060000-7fea69062000 r--s 00013000 08:03 20973199                   /home/peer/Programowanie/JAVA/PamietaczBukow/miglayout15-swing.jar
7fea69062000-7fea6906d000 r--s 001fb000 08:06 5378320                    /usr/lib/jvm/java-7-openjdk/jre/lib/charsets.jar
7fea6906d000-7fea69070000 r--s 0000f000 08:06 5516459                    /usr/lib/jvm/java-7-openjdk/jre/lib/ext/pulse-java.jar
7fea69070000-7fea69086000 rw-p 00000000 00:00 0 
7fea69086000-7fea6908e000 rw-s 00000000 00:1d 3002606                    /tmp/hsperfdata_peer/17719
7fea6908e000-7fea6908f000 rw-p 00000000 00:00 0 
7fea6908f000-7fea69090000 r--p 00000000 00:00 0 
7fea69090000-7fea69091000 rw-p 00000000 00:00 0 
7fea69091000-7fea69092000 r--p 00021000 08:06 4849988                    /usr/lib/ld-2.17.so
7fea69092000-7fea69093000 rw-p 00022000 08:06 4849988                    /usr/lib/ld-2.17.so
7fea69093000-7fea69094000 rw-p 00000000 00:00 0 
7fff536f1000-7fff53712000 rw-p 00000000 00:00 0                          [stack]
7fff5371d000-7fff5371e000 r-xp 00000000 00:00 0                          [vdso]
ffffffffff600000-ffffffffff601000 r-xp 00000000 00:00 0                  [vsyscall]

VM Arguments:
jvm_args: -agentlib:jdwp=transport=dt_socket,suspend=y,address=localhost:46328 -Dfile.encoding=UTF-8 
java_command: MainWindow
Launcher Type: SUN_STANDARD

Environment Variables:
JAVA_HOME=/usr/lib/jvm/java-7-openjdk
PATH=/usr/lib/qt4/bin:/usr/local/sbin:/usr/local/bin:/usr/bin:/opt/kde/bin:/usr/bin/vendor_perl:/usr/bin/core_perl
SHELL=/bin/bash
DISPLAY=:0

Signal Handlers:
SIGSEGV: [libjvm.so+0x929790], sa_mask[0]=0x7ffbfeff, sa_flags=0x10000004
SIGBUS: [libjvm.so+0x929790], sa_mask[0]=0x7ffbfeff, sa_flags=0x10000004
SIGFPE: [libjvm.so+0x7a7410], sa_mask[0]=0x7ffbfeff, sa_flags=0x10000004
SIGPIPE: [libjvm.so+0x7a7410], sa_mask[0]=0x7ffbfeff, sa_flags=0x10000004
SIGXFSZ: [libjvm.so+0x7a7410], sa_mask[0]=0x7ffbfeff, sa_flags=0x10000004
SIGILL: [libjvm.so+0x7a7410], sa_mask[0]=0x7ffbfeff, sa_flags=0x10000004
SIGUSR1: SIG_DFL, sa_mask[0]=0x00000000, sa_flags=0x00000000
SIGUSR2: [libjvm.so+0x7a72b0], sa_mask[0]=0x00000004, sa_flags=0x10000004
SIGHUP: [libjvm.so+0x7a7490], sa_mask[0]=0x7ffbfeff, sa_flags=0x10000004
SIGINT: SIG_IGN, sa_mask[0]=0x00000000, sa_flags=0x00000000
SIGTERM: [libjvm.so+0x7a7490], sa_mask[0]=0x7ffbfeff, sa_flags=0x10000004
SIGQUIT: [libjvm.so+0x7a7490], sa_mask[0]=0x7ffbfeff, sa_flags=0x10000004


---------------  S Y S T E M  ---------------

OS:Linux
uname:Linux 3.7.7-1-ARCH #1 SMP PREEMPT Mon Feb 11 20:20:58 EET 2013 x86_64
libc:glibc 2.17 NPTL 2.17 
rlimit: STACK 8192k, CORE 0k, NPROC 30523, NOFILE 4096, AS infinity
load average:1,43 0,86 0,95

/proc/meminfo:
MemTotal:        3912940 kB
MemFree:          403164 kB
Buffers:           72708 kB
Cached:          1198696 kB
SwapCached:            0 kB
Active:          2102152 kB
Inactive:        1204460 kB
Active(anon):    1553844 kB
Inactive(anon):   626680 kB
Active(file):     548308 kB
Inactive(file):   577780 kB
Unevictable:         132 kB
Mlocked:             132 kB
SwapTotal:       5116924 kB
SwapFree:        5116632 kB
Dirty:               704 kB
Writeback:             0 kB
AnonPages:       2035404 kB
Mapped:           253972 kB
Shmem:            145316 kB
Slab:              93180 kB
SReclaimable:      63348 kB
SUnreclaim:        29832 kB
KernelStack:        3192 kB
PageTables:        33484 kB
NFS_Unstable:          0 kB
Bounce:                0 kB
WritebackTmp:          0 kB
CommitLimit:     7073392 kB
Committed_AS:    4446036 kB
VmallocTotal:   34359738367 kB
VmallocUsed:      367172 kB
VmallocChunk:   34359313391 kB
HardwareCorrupted:     0 kB
AnonHugePages:    811008 kB
HugePages_Total:       0
HugePages_Free:        0
HugePages_Rsvd:        0
HugePages_Surp:        0
Hugepagesize:       2048 kB
DirectMap4k:       10240 kB
DirectMap2M:     4091904 kB


CPU:total 4 (2 cores per cpu, 2 threads per core) family 6 model 58 stepping 9, cmov, cx8, fxsr, mmx, sse, sse2, sse3, ssse3, sse4.1, sse4.2, popcnt, avx, aes, erms, ht, tsc, tscinvbit, tscinv

/proc/cpuinfo:
processor	: 0
vendor_id	: GenuineIntel
cpu family	: 6
model		: 58
model name	: Intel(R) Core(TM) i5-3210M CPU @ 2.50GHz
stepping	: 9
microcode	: 0x12
cpu MHz		: 1200.000
cache size	: 3072 KB
physical id	: 0
siblings	: 4
core id		: 0
cpu cores	: 2
apicid		: 0
initial apicid	: 0
fpu		: yes
fpu_exception	: yes
cpuid level	: 13
wp		: yes
flags		: fpu vme de pse tsc msr pae mce cx8 apic sep mtrr pge mca cmov pat pse36 clflush dts acpi mmx fxsr sse sse2 ss ht tm pbe syscall nx rdtscp lm constant_tsc arch_perfmon pebs bts rep_good nopl xtopology nonstop_tsc aperfmperf eagerfpu pni pclmulqdq dtes64 monitor ds_cpl vmx est tm2 ssse3 cx16 xtpr pdcm pcid sse4_1 sse4_2 x2apic popcnt tsc_deadline_timer aes xsave avx f16c rdrand lahf_lm ida arat epb xsaveopt pln pts dtherm tpr_shadow vnmi flexpriority ept vpid fsgsbase smep erms
bogomips	: 4990.73
clflush size	: 64
cache_alignment	: 64
address sizes	: 36 bits physical, 48 bits virtual
power management:

processor	: 1
vendor_id	: GenuineIntel
cpu family	: 6
model		: 58
model name	: Intel(R) Core(TM) i5-3210M CPU @ 2.50GHz
stepping	: 9
microcode	: 0x12
cpu MHz		: 2501.000
cache size	: 3072 KB
physical id	: 0
siblings	: 4
core id		: 0
cpu cores	: 2
apicid		: 1
initial apicid	: 1
fpu		: yes
fpu_exception	: yes
cpuid level	: 13
wp		: yes
flags		: fpu vme de pse tsc msr pae mce cx8 apic sep mtrr pge mca cmov pat pse36 clflush dts acpi mmx fxsr sse sse2 ss ht tm pbe syscall nx rdtscp lm constant_tsc arch_perfmon pebs bts rep_good nopl xtopology nonstop_tsc aperfmperf eagerfpu pni pclmulqdq dtes64 monitor ds_cpl vmx est tm2 ssse3 cx16 xtpr pdcm pcid sse4_1 sse4_2 x2apic popcnt tsc_deadline_timer aes xsave avx f16c rdrand lahf_lm ida arat epb xsaveopt pln pts dtherm tpr_shadow vnmi flexpriority ept vpid fsgsbase smep erms
bogomips	: 4990.73
clflush size	: 64
cache_alignment	: 64
address sizes	: 36 bits physical, 48 bits virtual
power management:

processor	: 2
vendor_id	: GenuineIntel
cpu family	: 6
model		: 58
model name	: Intel(R) Core(TM) i5-3210M CPU @ 2.50GHz
stepping	: 9
microcode	: 0x12
cpu MHz		: 2501.000
cache size	: 3072 KB
physical id	: 0
siblings	: 4
core id		: 1
cpu cores	: 2
apicid		: 2
initial apicid	: 2
fpu		: yes
fpu_exception	: yes
cpuid level	: 13
wp		: yes
flags		: fpu vme de pse tsc msr pae mce cx8 apic sep mtrr pge mca cmov pat pse36 clflush dts acpi mmx fxsr sse sse2 ss ht tm pbe syscall nx rdtscp lm constant_tsc arch_perfmon pebs bts rep_good nopl xtopology nonstop_tsc aperfmperf eagerfpu pni pclmulqdq dtes64 monitor ds_cpl vmx est tm2 ssse3 cx16 xtpr pdcm pcid sse4_1 sse4_2 x2apic popcnt tsc_deadline_timer aes xsave avx f16c rdrand lahf_lm ida arat epb xsaveopt pln pts dtherm tpr_shadow vnmi flexpriority ept vpid fsgsbase smep erms
bogomips	: 4990.73
clflush size	: 64
cache_alignment	: 64
address sizes	: 36 bits physical, 48 bits virtual
power management:

processor	: 3
vendor_id	: GenuineIntel
cpu family	: 6
model		: 58
model name	: Intel(R) Core(TM) i5-3210M CPU @ 2.50GHz
stepping	: 9
microcode	: 0x12
cpu MHz		: 1200.000
cache size	: 3072 KB
physical id	: 0
siblings	: 4
core id		: 1
cpu cores	: 2
apicid		: 3
initial apicid	: 3
fpu		: yes
fpu_exception	: yes
cpuid level	: 13
wp		: yes
flags		: fpu vme de pse tsc msr pae mce cx8 apic sep mtrr pge mca cmov pat pse36 clflush dts acpi mmx fxsr sse sse2 ss ht tm pbe syscall nx rdtscp lm constant_tsc arch_perfmon pebs bts rep_good nopl xtopology nonstop_tsc aperfmperf eagerfpu pni pclmulqdq dtes64 monitor ds_cpl vmx est tm2 ssse3 cx16 xtpr pdcm pcid sse4_1 sse4_2 x2apic popcnt tsc_deadline_timer aes xsave avx f16c rdrand lahf_lm ida arat epb xsaveopt pln pts dtherm tpr_shadow vnmi flexpriority ept vpid fsgsbase smep erms
bogomips	: 4990.73
clflush size	: 64
cache_alignment	: 64
address sizes	: 36 bits physical, 48 bits virtual
power management:



Memory: 4k page, physical 3912940k(403164k free), swap 5116924k(5116632k free)

vm_info: OpenJDK 64-Bit Server VM (24.0-b50) for linux-amd64 JRE (1.7.0_40-b31), built on Jul  8 2013 19:30:57 by "nobody" with gcc 4.8.1

time: Sat Aug  3 23:20:43 2013
elapsed time: 9 seconds

