#
# A fatal error has been detected by the Java Runtime Environment:
#
#  SIGSEGV (0xb) at pc=0x00007f16e7c25069, pid=13675, tid=139736169551616
#
# JRE version: OpenJDK Runtime Environment (7.0_40-b31) (build 1.7.0_40-b31)
# Java VM: OpenJDK 64-Bit Server VM (24.0-b50 mixed mode linux-amd64 compressed oops)
# Problematic frame:
# V  [libjvm.so+0x5d4069]  AsyncGetCallTrace+0xdce29
#
# Failed to write core dump. Core dumps have been disabled. To enable core dumping, try "ulimit -c unlimited" before starting Java again
#
# If you would like to submit a bug report, please include
# instructions on how to reproduce the bug and visit:
#   http://icedtea.classpath.org/bugzilla
#

---------------  T H R E A D  ---------------

Current thread (0x00007f16e00ab000):  JavaThread "JDWP Transport Listener: dt_socket" daemon [_thread_in_vm, id=13691, stack(0x00007f16dcaf9000,0x00007f16dcbfa000)]

siginfo:si_signo=SIGSEGV: si_errno=0, si_code=1 (SEGV_MAPERR), si_addr=0x000000000000000c

Registers:
RAX=0x0000000000000001, RBX=0x00007f16e00ab000, RCX=0x000000000000000c, RDX=0x0000000000000000
RSP=0x00007f16dcbf8a80, RBP=0x00007f16dcbf8a80, RSI=0x000000000000000c, RDI=0x00000000ec727020
R8 =0x0000000000000000, R9 =0x0000000000000000, R10=0x000000000000000f, R11=0x00007f16e86c48aa
R12=0x00007f16b4000d20, R13=0x00000000ec727020, R14=0x00007f16dcbf8bc0, R15=0x0000000000000000
RIP=0x00007f16e7c25069, EFLAGS=0x0000000000010246, CSGSFS=0x0000000000000033, ERR=0x0000000000000004
  TRAPNO=0x000000000000000e

Top of Stack: (sp=0x00007f16dcbf8a80)
0x00007f16dcbf8a80:   00007f16dcbf8af0 00007f16e7c33802
0x00007f16dcbf8a90:   00007f16e00ab1d8 00007f16e67f6b00
0x00007f16dcbf8aa0:   00007f16e00ab000 0000000000000000
0x00007f16dcbf8ab0:   00007f16e00ab1d8 00007f16b4000d20
0x00007f16dcbf8ac0:   00007f16dcbf8b90 00007f16e00ab1d8
0x00007f16dcbf8ad0:   00007f16e67f6b00 00007f16b4000d20
0x00007f16dcbf8ae0:   00007f16dcbf8bc0 00007f16e67f6b00
0x00007f16dcbf8af0:   00007f16dcbf8b30 00007f16e65c4f42
0x00007f16dcbf8b00:   00007f16dcbf8b90 0000000000010a00
0x00007f16dcbf8b10:   00007f16dcbf8b90 000000000000000a
0x00007f16dcbf8b20:   00007f16dcbf8bc0 00007f16e67f6b00
0x00007f16dcbf8b30:   00007f16dcbf8d80 00007f16e65cd4d0
0x00007f16dcbf8b40:   0000237300000013 00007f16e7010a00
0x00007f16dcbf8b50:   00007f16a8000fd0 00007f16e86b804b
0x00007f16dcbf8b60:   0000000000000000 00007f16a8000f01
0x00007f16dcbf8b70:   0000237300000013 00007f16e7010a00
0x00007f16dcbf8b80:   00007f16a8000fd0 00007f16e00a2338
0x00007f16dcbf8b90:   00007f16a8000fd8 000000000000000b
0x00007f16dcbf8ba0:   0000237300000013 00007f16e7010a00
0x00007f16dcbf8bb0:   00007f16a8000fd0 00007f16b40048d0
0x00007f16dcbf8bc0:   00007f16dcbf8c10 000000000000012c
0x00007f16dcbf8bd0:   00007f16dcbf8bd8 00007f1600000000
0x00007f16dcbf8be0:   00007f16dcbf8c10 0000000000000000
0x00007f16dcbf8bf0:   00007f0000000000 000023730000000f
0x00007f16dcbf8c00:   00007f1600008c80 00007f16dcbf8c10
0x00007f16dcbf8c10:   0000000000000000 0000000038000000
0x00007f16dcbf8c20:   0000000039000000 000000003a000000
0x00007f16dcbf8c30:   0000000000120000 6804000000420000
0x00007f16dcbf8c40:   4901000000687361 0200000000000000
0x00007f16dcbf8c50:   f09f00b4167f0000 6972657310000000
0x00007f16dcbf8c60:   6f69737265566c61 010000004449556e
0x00007f16dcbf8c70:   000000000000004a a100b4167f00001a 

Instructions: (pc=0x00007f16e7c25069)
0x00007f16e7c25049:   0a 7b 00 89 ca 8b 4e 08 48 d3 e2 48 03 16 b9 0c
0x00007f16e7c25059:   00 00 00 eb 0b 66 90 48 8b 14 37 b9 10 00 00 00
0x00007f16e7c25069:   8b 34 0a e9 7c ff ff ff 90 66 66 66 66 66 2e 0f
0x00007f16e7c25079:   1f 84 00 00 00 00 00 48 8b 05 79 ef 7a 00 55 48 

Register to memory mapping:

RAX=0x0000000000000001 is an unknown value
RBX=0x00007f16e00ab000 is a thread
RCX=0x000000000000000c is an unknown value
RDX=0x0000000000000000 is an unknown value
RSP=0x00007f16dcbf8a80 is pointing into the stack for thread: 0x00007f16e00ab000
RBP=0x00007f16dcbf8a80 is pointing into the stack for thread: 0x00007f16e00ab000
RSI=0x000000000000000c is an unknown value
RDI=0x00000000ec727020 is an oop
java.lang.String 
 - klass: 'java/lang/String'
R8 =0x0000000000000000 is an unknown value
R9 =0x0000000000000000 is an unknown value
R10=0x000000000000000f is an unknown value
R11=0x00007f16e86c48aa: <offset 0x848aa> in /usr/lib/libc.so.6 at 0x00007f16e8640000
R12=0x00007f16b4000d20 is a global jni handle
R13=0x00000000ec727020 is an oop
java.lang.String 
 - klass: 'java/lang/String'
R14=0x00007f16dcbf8bc0 is pointing into the stack for thread: 0x00007f16e00ab000
R15=0x0000000000000000 is an unknown value


Stack: [0x00007f16dcaf9000,0x00007f16dcbfa000],  sp=0x00007f16dcbf8a80,  free space=1022k
Native frames: (J=compiled Java code, j=interpreted, Vv=VM code, C=native code)
V  [libjvm.so+0x5d4069]  AsyncGetCallTrace+0xdce29
V  [libjvm.so+0x5e2802]  AsyncGetCallTrace+0xeb5c2
C  [libjdwp.so+0x8f42]  getenv+0x8f42
C  [libjdwp.so+0x114d0]  Agent_OnLoad+0x1ad0
C  [libjdwp.so+0x234c5]  Agent_OnLoad+0x13ac5
V  [libjvm.so+0x69273b]  JVM_FindSignal+0x7311b
V  [libjvm.so+0x8e0880]  JVM_handle_linux_signal+0x12ef80
V  [libjvm.so+0x8e0af1]  JVM_handle_linux_signal+0x12f1f1
V  [libjvm.so+0x7a8a32]  JVM_FindSignal+0x189412


---------------  P R O C E S S  ---------------

Java Threads: ( => current thread )
  0x00007f167c0de800 JavaThread "TimerQueue" daemon [_thread_blocked, id=13707, stack(0x00007f1692f06000,0x00007f1693007000)]
  0x00007f16e000b000 JavaThread "DestroyJavaVM" [_thread_blocked, id=13681, stack(0x00007f16e90ff000,0x00007f16e9200000)]
  0x00007f16e0239000 JavaThread "AWT-EventQueue-0" [_thread_blocked, id=13706, stack(0x00007f16938eb000,0x00007f16939ec000)]
  0x00007f16e0237000 JavaThread "AWT-Shutdown" [_thread_blocked, id=13705, stack(0x00007f16939ec000,0x00007f1693aed000)]
  0x00007f16e0233800 JavaThread "AWT-XAWT" daemon [_thread_in_native, id=13704, stack(0x00007f16cc004000,0x00007f16cc105000)]
  0x00007f16e0212000 JavaThread "Java2D Disposer" daemon [_thread_blocked, id=13703, stack(0x00007f16d400a000,0x00007f16d410b000)]
  0x00007f16e00b6000 JavaThread "Service Thread" daemon [_thread_blocked, id=13701, stack(0x00007f16dc5f4000,0x00007f16dc6f5000)]
  0x00007f16e00b3800 JavaThread "C2 CompilerThread1" daemon [_thread_blocked, id=13700, stack(0x00007f16dc6f5000,0x00007f16dc7f6000)]
  0x00007f16e00b1000 JavaThread "C2 CompilerThread0" daemon [_thread_blocked, id=13699, stack(0x00007f16dc7f6000,0x00007f16dc8f7000)]
  0x00007f16b4001000 JavaThread "JDWP Command Reader" daemon [_thread_in_native, id=13695, stack(0x00007f16dc8f7000,0x00007f16dc9f8000)]
  0x00007f16e00ae800 JavaThread "JDWP Event Helper Thread" daemon [_thread_blocked, id=13694, stack(0x00007f16dc9f8000,0x00007f16dcaf9000)]
=>0x00007f16e00ab000 JavaThread "JDWP Transport Listener: dt_socket" daemon [_thread_in_vm, id=13691, stack(0x00007f16dcaf9000,0x00007f16dcbfa000)]
  0x00007f16e009e000 JavaThread "Signal Dispatcher" daemon [_thread_blocked, id=13689, stack(0x00007f16dcdfe000,0x00007f16dceff000)]
  0x00007f16e007c800 JavaThread "Finalizer" daemon [_thread_blocked, id=13688, stack(0x00007f16dceff000,0x00007f16dd000000)]
  0x00007f16e007a800 JavaThread "Reference Handler" daemon [_thread_blocked, id=13687, stack(0x00007f16e406f000,0x00007f16e4170000)]

Other Threads:
  0x00007f16e0076000 VMThread [stack: 0x00007f16e4170000,0x00007f16e4271000] [id=13686]
  0x00007f16e00c1000 WatcherThread [stack: 0x00007f16dc4f3000,0x00007f16dc5f4000] [id=13702]

VM state:not at safepoint (normal execution)

VM Mutex/Monitor currently owned by a thread: None

Heap
 PSYoungGen      total 17920K, used 6478K [0x00000000ec100000, 0x00000000ed500000, 0x0000000100000000)
  eden space 15360K, 42% used [0x00000000ec100000,0x00000000ec753a88,0x00000000ed000000)
  from space 2560K, 0% used [0x00000000ed280000,0x00000000ed280000,0x00000000ed500000)
  to   space 2560K, 0% used [0x00000000ed000000,0x00000000ed000000,0x00000000ed280000)
 ParOldGen       total 40448K, used 0K [0x00000000c4400000, 0x00000000c6b80000, 0x00000000ec100000)
  object space 40448K, 0% used [0x00000000c4400000,0x00000000c4400000,0x00000000c6b80000)
 PSPermGen       total 21504K, used 12831K [0x00000000b9e00000, 0x00000000bb300000, 0x00000000c4400000)
  object space 21504K, 59% used [0x00000000b9e00000,0x00000000baa87cd0,0x00000000bb300000)

Card table byte_map: [0x00007f16e5cb2000,0x00007f16e5ee4000] byte_map_base: 0x00007f16e56e3000

Polling page: 0x00007f16e9239000

Code Cache  [0x00007f16dd000000, 0x00007f16dd270000, 0x00007f16e0000000)
 total_blobs=516 nmethods=46 adapters=431 free_code_cache=48514Kb largest_free_block=49662848

Compilation events (10 events):
Event: 0,646 Thread 0x00007f16e00b1000   41             sun.nio.cs.UTF_8$Decoder::decode (640 bytes)
Event: 0,652 Thread 0x00007f16e00b3800   42   !         sun.font.Type1Font::nextTokenType (54 bytes)
Event: 0,657 Thread 0x00007f16e00b3800 nmethod 42 0x00007f16dd098cd0 code [0x00007f16dd098e60, 0x00007f16dd099158]
Event: 0,676 Thread 0x00007f16e00b3800   43             java.lang.String::startsWith (72 bytes)
Event: 0,680 Thread 0x00007f16e00b3800 nmethod 43 0x00007f16dd09db10 code [0x00007f16dd09dc60, 0x00007f16dd09def8]
Event: 0,685 Thread 0x00007f16e00b1000 nmethod 41 0x00007f16dd0a0990 code [0x00007f16dd0a0cc0, 0x00007f16dd0a1e70]
Event: 1,300 Thread 0x00007f16e00b3800   44             java.lang.Enum::ordinal (5 bytes)
Event: 1,301 Thread 0x00007f16e00b3800 nmethod 44 0x00007f16dd096610 code [0x00007f16dd096740, 0x00007f16dd096798]
Event: 1,308 Thread 0x00007f16e00b1000   45             sun.util.logging.PlatformLogger$Level::intValue (9 bytes)
Event: 1,309 Thread 0x00007f16e00b1000 nmethod 45 0x00007f16dd0963d0 code [0x00007f16dd096500, 0x00007f16dd096578]

GC Heap History (0 events):
No events

Deoptimization events (0 events):
No events

Internal exceptions (10 events):
Event: 0,295 Thread 0x00007f16e0239000 Threw 0x00000000ec344708 at /build/java7-openjdk/src/icedtea-2.4.1/openjdk/hotspot/src/share/vm/prims/jvm.cpp:1244
Event: 0,295 Thread 0x00007f16e0239000 Threw 0x00000000ec345e18 at /build/java7-openjdk/src/icedtea-2.4.1/openjdk/hotspot/src/share/vm/prims/jvm.cpp:1244
Event: 0,296 Thread 0x00007f16e0239000 Threw 0x00000000ec347770 at /build/java7-openjdk/src/icedtea-2.4.1/openjdk/hotspot/src/share/vm/prims/jvm.cpp:1244
Event: 0,307 Thread 0x00007f16e0239000 Threw 0x00000000ec35c328 at /build/java7-openjdk/src/icedtea-2.4.1/openjdk/hotspot/src/share/vm/prims/jvm.cpp:1244
Event: 0,314 Thread 0x00007f16e0239000 Threw 0x00000000ec368050 at /build/java7-openjdk/src/icedtea-2.4.1/openjdk/hotspot/src/share/vm/prims/jvm.cpp:1244
Event: 0,315 Thread 0x00007f16e0239000 Threw 0x00000000ec36a4d0 at /build/java7-openjdk/src/icedtea-2.4.1/openjdk/hotspot/src/share/vm/prims/jvm.cpp:1244
Event: 0,401 Thread 0x00007f16e0239000 Threw 0x00000000ec3f9168 at /build/java7-openjdk/src/icedtea-2.4.1/openjdk/hotspot/src/share/vm/prims/jvm.cpp:1244
Event: 0,401 Thread 0x00007f16e0239000 Threw 0x00000000ec3faa90 at /build/java7-openjdk/src/icedtea-2.4.1/openjdk/hotspot/src/share/vm/prims/jvm.cpp:1244
Event: 0,736 Thread 0x00007f16e0239000 Threw 0x00000000ec702df0 at /build/java7-openjdk/src/icedtea-2.4.1/openjdk/hotspot/src/share/vm/prims/jni.cpp:743
Event: 1,827 Thread 0x00007f16e0239000 Threw 0x00000000ec725738 at /build/java7-openjdk/src/icedtea-2.4.1/openjdk/hotspot/src/share/vm/prims/jvm.cpp:1244

Events (10 events):
Event: 42,899 Executing VM operation: GetCurrentLocation
Event: 42,899 Executing VM operation: GetCurrentLocation done
Event: 42,899 Executing VM operation: ChangeSingleStep
Event: 42,899 Executing VM operation: ChangeSingleStep done
Event: 42,900 Executing VM operation: ChangeSingleStep
Event: 42,900 Executing VM operation: ChangeSingleStep done
Event: 42,915 Executing VM operation: GetOrSetLocal
Event: 42,915 Executing VM operation: GetOrSetLocal done
Event: 42,922 Executing VM operation: GetOrSetLocal
Event: 42,922 Executing VM operation: GetOrSetLocal done


Dynamic libraries:
00400000-00401000 r-xp 00000000 08:06 5378347                            /usr/lib/jvm/java-7-openjdk/jre/bin/java
00600000-00601000 rw-p 00000000 08:06 5378347                            /usr/lib/jvm/java-7-openjdk/jre/bin/java
00fc9000-00fea000 rw-p 00000000 00:00 0                                  [heap]
b9e00000-bb300000 rw-p 00000000 00:00 0 
bb300000-c4400000 rw-p 00000000 00:00 0 
c4400000-c6b80000 rw-p 00000000 00:00 0 
c6b80000-ec100000 rw-p 00000000 00:00 0 
ec100000-ed500000 rw-p 00000000 00:00 0 
ed500000-100000000 rw-p 00000000 00:00 0 
7f167c000000-7f167c2c8000 rw-p 00000000 00:00 0 
7f167c2c8000-7f1680000000 ---p 00000000 00:00 0 
7f1680000000-7f1680021000 rw-p 00000000 00:00 0 
7f1680021000-7f1684000000 ---p 00000000 00:00 0 
7f1684000000-7f1684021000 rw-p 00000000 00:00 0 
7f1684021000-7f1688000000 ---p 00000000 00:00 0 
7f1688000000-7f1688021000 rw-p 00000000 00:00 0 
7f1688021000-7f168c000000 ---p 00000000 00:00 0 
7f168c000000-7f168c021000 rw-p 00000000 00:00 0 
7f168c021000-7f1690000000 ---p 00000000 00:00 0 
7f1692c76000-7f1692c91000 r--s 00000000 08:06 5253187                    /usr/share/fonts/Type1/p052003l.pfb
7f1692c91000-7f1692ca3000 r--s 00000000 08:06 5253154                    /usr/share/fonts/Type1/n019044l.pfb
7f1692ca3000-7f1692cb6000 r--s 00000000 08:06 5253115                    /usr/share/fonts/Type1/b018015l.pfb
7f1692cb6000-7f1692cd1000 r--s 00000000 08:06 5253193                    /usr/share/fonts/Type1/p052023l.pfb
7f1692cd1000-7f1692cdd000 r--s 00000000 08:06 5253136                    /usr/share/fonts/Type1/d050000l.pfb
7f1692cdd000-7f1692cf6000 r--s 00000000 08:06 5253112                    /usr/share/fonts/Type1/b018012l.pfb
7f1692cf6000-7f1692d11000 r--s 00000000 08:06 5253127                    /usr/share/fonts/Type1/c059016l.pfb
7f1692d11000-7f1692d23000 r--s 00000000 08:06 5253121                    /usr/share/fonts/Type1/b018035l.pfb
7f1692d23000-7f1692d3b000 r--s 00000000 08:06 5253130                    /usr/share/fonts/Type1/c059033l.pfb
7f1692d3b000-7f1692d4b000 r--s 00000000 08:06 5253106                    /usr/share/fonts/Type1/a010033l.pfb
7f1692d4b000-7f1692d5c000 r--s 00000000 08:06 5253157                    /usr/share/fonts/Type1/n019063l.pfb
7f1692d5c000-7f1692d6e000 r--s 00000000 08:06 5253151                    /usr/share/fonts/Type1/n019043l.pfb
7f1692d6e000-7f1692d7f000 r--s 00000000 08:06 5253109                    /usr/share/fonts/Type1/a010035l.pfb
7f1692d7f000-7f1692d94000 r--s 00000000 08:06 5253118                    /usr/share/fonts/Type1/b018032l.pfb
7f1692d94000-7f1692da4000 r--s 00000000 08:06 5248813                    /usr/share/fonts/Type1/a010013l.pfb
7f1692da4000-7f1692dbb000 r--s 00000000 08:06 5253202                    /usr/share/fonts/Type1/z003034l.pfb
7f1692dbb000-7f1692dd6000 r--s 00000000 08:06 5253190                    /usr/share/fonts/Type1/p052004l.pfb
7f1692dd6000-7f1692dee000 r--s 00000000 08:06 5253133                    /usr/share/fonts/Type1/c059036l.pfb
7f1692dee000-7f1692e01000 r--s 00000000 08:06 5253160                    /usr/share/fonts/Type1/n019064l.pfb
7f1692e01000-7f1692e1b000 r--s 00000000 08:06 5253124                    /usr/share/fonts/Type1/c059013l.pfb
7f1692e1b000-7f1692e37000 r--s 00000000 08:06 5253196                    /usr/share/fonts/Type1/p052024l.pfb
7f1692e37000-7f1692e47000 r--s 00000000 08:06 5249538                    /usr/share/fonts/Type1/a010015l.pfb
7f1692e47000-7f1692e60000 r--s 00000000 08:06 5253163                    /usr/share/fonts/Type1/n021003l.pfb
7f1692e60000-7f1692e76000 r--s 00000000 08:06 5253172                    /usr/share/fonts/Type1/n021024l.pfb
7f1692e76000-7f1692e8f000 r--s 00000000 08:06 5253178                    /usr/share/fonts/Type1/n022004l.pfb
7f1692e8f000-7f1692ea5000 r--s 00000000 08:06 5253181                    /usr/share/fonts/Type1/n022023l.pfb
7f1692ea5000-7f1692eae000 r--s 00000000 08:06 5253199                    /usr/share/fonts/Type1/s050000l.pfb
7f1692eae000-7f1692ec5000 r--s 00000000 08:06 5253169                    /usr/share/fonts/Type1/n021023l.pfb
7f1692ec5000-7f1692ed7000 r--s 00000000 08:06 5253142                    /usr/share/fonts/Type1/n019004l.pfb
7f1692ed7000-7f1692ef0000 r--s 00000000 08:06 5253166                    /usr/share/fonts/Type1/n021004l.pfb
7f1692ef0000-7f1692f06000 r--s 00000000 08:06 5253184                    /usr/share/fonts/Type1/n022024l.pfb
7f1692f06000-7f1692f09000 ---p 00000000 00:00 0 
7f1692f09000-7f1693007000 rw-p 00000000 00:00 0                          [stack:13707]
7f1693007000-7f1693017000 r-xp 00000000 08:06 5647495                    /usr/lib/jvm/java-7-openjdk/jre/lib/amd64/libnio.so
7f1693017000-7f1693217000 ---p 00010000 08:06 5647495                    /usr/lib/jvm/java-7-openjdk/jre/lib/amd64/libnio.so
7f1693217000-7f1693218000 rw-p 00010000 08:06 5647495                    /usr/lib/jvm/java-7-openjdk/jre/lib/amd64/libnio.so
7f1693218000-7f169321d000 r-xp 00000000 08:06 4855561                    /usr/lib/libnss_dns-2.17.so
7f169321d000-7f169341c000 ---p 00005000 08:06 4855561                    /usr/lib/libnss_dns-2.17.so
7f169341c000-7f169341d000 r--p 00004000 08:06 4855561                    /usr/lib/libnss_dns-2.17.so
7f169341d000-7f169341e000 rw-p 00005000 08:06 4855561                    /usr/lib/libnss_dns-2.17.so
7f1693428000-7f169343c000 r--s 00000000 08:06 5253139                    /usr/share/fonts/Type1/n019003l.pfb
7f169343c000-7f1693454000 r--s 00000000 08:06 5253175                    /usr/share/fonts/Type1/n022003l.pfb
7f1693454000-7f1693485000 rw-p 00000000 00:00 0 
7f1693485000-7f169349b000 r-xp 00000000 08:06 5647494                    /usr/lib/jvm/java-7-openjdk/jre/lib/amd64/libnet.so
7f169349b000-7f169369b000 ---p 00016000 08:06 5647494                    /usr/lib/jvm/java-7-openjdk/jre/lib/amd64/libnet.so
7f169369b000-7f169369c000 rw-p 00016000 08:06 5647494                    /usr/lib/jvm/java-7-openjdk/jre/lib/amd64/libnet.so
7f169369c000-7f16936e8000 r-xp 00000000 08:06 5647510                    /usr/lib/jvm/java-7-openjdk/jre/lib/amd64/libfontmanager.so
7f16936e8000-7f16938e7000 ---p 0004c000 08:06 5647510                    /usr/lib/jvm/java-7-openjdk/jre/lib/amd64/libfontmanager.so
7f16938e7000-7f16938ea000 rw-p 0004b000 08:06 5647510                    /usr/lib/jvm/java-7-openjdk/jre/lib/amd64/libfontmanager.so
7f16938ea000-7f16938eb000 rw-p 00000000 00:00 0 
7f16938eb000-7f16938ee000 ---p 00000000 00:00 0 
7f16938ee000-7f16939ec000 rw-p 00000000 00:00 0                          [stack:13706]
7f16939ec000-7f16939ef000 ---p 00000000 00:00 0 
7f16939ef000-7f1693aed000 rw-p 00000000 00:00 0                          [stack:13705]
7f1693aed000-7f1693b5a000 r-xp 00000000 08:06 4856689                    /usr/lib/libgmp.so.10.1.2
7f1693b5a000-7f1693d5a000 ---p 0006d000 08:06 4856689                    /usr/lib/libgmp.so.10.1.2
7f1693d5a000-7f1693d5b000 r--p 0006d000 08:06 4856689                    /usr/lib/libgmp.so.10.1.2
7f1693d5b000-7f1693d64000 rw-p 0006e000 08:06 4856689                    /usr/lib/libgmp.so.10.1.2
7f1693d64000-7f1693da9000 r-xp 00000000 08:06 4857887                    /usr/lib/libdbus-1.so.3.7.4
7f1693da9000-7f1693fa9000 ---p 00045000 08:06 4857887                    /usr/lib/libdbus-1.so.3.7.4
7f1693fa9000-7f1693faa000 r--p 00045000 08:06 4857887                    /usr/lib/libdbus-1.so.3.7.4
7f1693faa000-7f1693fab000 rw-p 00046000 08:06 4857887                    /usr/lib/libdbus-1.so.3.7.4
7f1693fab000-7f1693fd8000 r-xp 00000000 08:06 4876576                    /usr/lib/libhogweed.so.2.5
7f1693fd8000-7f16941d8000 ---p 0002d000 08:06 4876576                    /usr/lib/libhogweed.so.2.5
7f16941d8000-7f16941d9000 r--p 0002d000 08:06 4876576                    /usr/lib/libhogweed.so.2.5
7f16941d9000-7f16941da000 rw-p 0002e000 08:06 4876576                    /usr/lib/libhogweed.so.2.5
7f16941da000-7f1694207000 r-xp 00000000 08:06 4876579                    /usr/lib/libnettle.so.4.7
7f1694207000-7f1694406000 ---p 0002d000 08:06 4876579                    /usr/lib/libnettle.so.4.7
7f1694406000-7f1694407000 r--p 0002c000 08:06 4876579                    /usr/lib/libnettle.so.4.7
7f1694407000-7f1694408000 rw-p 0002d000 08:06 4876579                    /usr/lib/libnettle.so.4.7
7f1694408000-7f169441a000 r-xp 00000000 08:06 4876515                    /usr/lib/libtasn1.so.6.1.1
7f169441a000-7f169461a000 ---p 00012000 08:06 4876515                    /usr/lib/libtasn1.so.6.1.1
7f169461a000-7f169461b000 r--p 00012000 08:06 4876515                    /usr/lib/libtasn1.so.6.1.1
7f169461b000-7f169461c000 rw-p 00013000 08:06 4876515                    /usr/lib/libtasn1.so.6.1.1
7f169461c000-7f169463a000 r-xp 00000000 08:06 4881603                    /usr/lib/libp11-kit.so.0.0.0
7f169463a000-7f169483a000 ---p 0001e000 08:06 4881603                    /usr/lib/libp11-kit.so.0.0.0
7f169483a000-7f169483c000 r--p 0001e000 08:06 4881603                    /usr/lib/libp11-kit.so.0.0.0
7f169483c000-7f169483d000 rw-p 00020000 08:06 4881603                    /usr/lib/libp11-kit.so.0.0.0
7f169483d000-7f1694840000 r-xp 00000000 08:06 4861846                    /usr/lib/libkeyutils.so.1.4
7f1694840000-7f1694a3f000 ---p 00003000 08:06 4861846                    /usr/lib/libkeyutils.so.1.4
7f1694a3f000-7f1694a40000 r--p 00002000 08:06 4861846                    /usr/lib/libkeyutils.so.1.4
7f1694a40000-7f1694a41000 rw-p 00003000 08:06 4861846                    /usr/lib/libkeyutils.so.1.4
7f1694a41000-7f1694a4c000 r-xp 00000000 08:06 4861920                    /usr/lib/libkrb5support.so.0.1
7f1694a4c000-7f1694c4c000 ---p 0000b000 08:06 4861920                    /usr/lib/libkrb5support.so.0.1
7f1694c4c000-7f1694c4d000 r--p 0000b000 08:06 4861920                    /usr/lib/libkrb5support.so.0.1
7f1694c4d000-7f1694c4e000 rw-p 0000c000 08:06 4861920                    /usr/lib/libkrb5support.so.0.1
7f1694c4e000-7f1694c53000 r-xp 00000000 08:06 4871977                    /usr/lib/libXxf86vm.so.1.0.0
7f1694c53000-7f1694e52000 ---p 00005000 08:06 4871977                    /usr/lib/libXxf86vm.so.1.0.0
7f1694e52000-7f1694e53000 r--p 00004000 08:06 4871977                    /usr/lib/libXxf86vm.so.1.0.0
7f1694e53000-7f1694e54000 rw-p 00005000 08:06 4871977                    /usr/lib/libXxf86vm.so.1.0.0
7f1694e54000-7f1694e69000 r-xp 00000000 08:06 4870668                    /usr/lib/libxcb-glx.so.0.0.0
7f1694e69000-7f1695069000 ---p 00015000 08:06 4870668                    /usr/lib/libxcb-glx.so.0.0.0
7f1695069000-7f169506b000 r--p 00015000 08:06 4870668                    /usr/lib/libxcb-glx.so.0.0.0
7f169506b000-7f169506c000 rw-p 00017000 08:06 4870668                    /usr/lib/libxcb-glx.so.0.0.0
7f169506c000-7f169507c000 r-xp 00000000 08:06 4852031                    /usr/lib/libudev.so.1.3.5
7f169507c000-7f169527c000 ---p 00010000 08:06 4852031                    /usr/lib/libudev.so.1.3.5
7f169527c000-7f169527d000 r--p 00010000 08:06 4852031                    /usr/lib/libudev.so.1.3.5
7f169527d000-7f169527e000 rw-p 00011000 08:06 4852031                    /usr/lib/libudev.so.1.3.5
7f169527e000-7f169529f000 r-xp 00000000 08:06 4852906                    /usr/lib/libglapi.so.0.0.0
7f169529f000-7f169549f000 ---p 00021000 08:06 4852906                    /usr/lib/libglapi.so.0.0.0
7f169549f000-7f16954a2000 r--p 00021000 08:06 4852906                    /usr/lib/libglapi.so.0.0.0
7f16954a2000-7f16954a3000 rw-p 00024000 08:06 4852906                    /usr/lib/libglapi.so.0.0.0
7f16954a3000-7f16954a4000 rw-p 00000000 00:00 0 
7f16954a4000-7f16954a9000 r-xp 00000000 08:06 4852875                    /usr/lib/libgbm.so.1.0.0
7f16954a9000-7f16956a8000 ---p 00005000 08:06 4852875                    /usr/lib/libgbm.so.1.0.0
7f16956a8000-7f16956a9000 r--p 00004000 08:06 4852875                    /usr/lib/libgbm.so.1.0.0
7f16956a9000-7f16956aa000 rw-p 00005000 08:06 4852875                    /usr/lib/libgbm.so.1.0.0
7f16956aa000-7f16956b9000 r-xp 00000000 08:06 4878062                    /usr/lib/libwayland-server.so.0.0.0
7f16956b9000-7f16958b9000 ---p 0000f000 08:06 4878062                    /usr/lib/libwayland-server.so.0.0.0
7f16958b9000-7f16958bb000 r--p 0000f000 08:06 4878062                    /usr/lib/libwayland-server.so.0.0.0
7f16958bb000-7f16958bc000 rw-p 00011000 08:06 4878062                    /usr/lib/libwayland-server.so.0.0.0
7f16958bc000-7f16958c6000 r-xp 00000000 08:06 4878063                    /usr/lib/libwayland-client.so.0.1.0
7f16958c6000-7f1695ac5000 ---p 0000a000 08:06 4878063                    /usr/lib/libwayland-client.so.0.1.0
7f1695ac5000-7f1695ac7000 r--p 00009000 08:06 4878063                    /usr/lib/libwayland-client.so.0.1.0
7f1695ac7000-7f1695ac8000 rw-p 0000b000 08:06 4878063                    /usr/lib/libwayland-client.so.0.1.0
7f1695ac8000-7f1695aca000 r-xp 00000000 08:06 4870720                    /usr/lib/libxcb-shape.so.0.0.0
7f1695aca000-7f1695cca000 ---p 00002000 08:06 4870720                    /usr/lib/libxcb-shape.so.0.0.0
7f1695cca000-7f1695ccb000 r--p 00002000 08:06 4870720                    /usr/lib/libxcb-shape.so.0.0.0
7f1695ccb000-7f1695ccc000 rw-p 00003000 08:06 4870720                    /usr/lib/libxcb-shape.so.0.0.0
7f1695ccc000-7f1695cd1000 r-xp 00000000 08:06 4870695                    /usr/lib/libxcb-xfixes.so.0.0.0
7f1695cd1000-7f1695ed1000 ---p 00005000 08:06 4870695                    /usr/lib/libxcb-xfixes.so.0.0.0
7f1695ed1000-7f1695ed2000 r--p 00005000 08:06 4870695                    /usr/lib/libxcb-xfixes.so.0.0.0
7f1695ed2000-7f1695ed3000 rw-p 00006000 08:06 4870695                    /usr/lib/libxcb-xfixes.so.0.0.0
7f1695ed3000-7f1695ed6000 r-xp 00000000 08:06 4870724                    /usr/lib/libxcb-dri2.so.0.0.0
7f1695ed6000-7f16960d6000 ---p 00003000 08:06 4870724                    /usr/lib/libxcb-dri2.so.0.0.0
7f16960d6000-7f16960d7000 r--p 00003000 08:06 4870724                    /usr/lib/libxcb-dri2.so.0.0.0
7f16960d7000-7f16960d8000 rw-p 00004000 08:06 4870724                    /usr/lib/libxcb-dri2.so.0.0.0
7f16960d8000-7f16960d9000 r-xp 00000000 08:06 4871596                    /usr/lib/libX11-xcb.so.1.0.0
7f16960d9000-7f16962d8000 ---p 00001000 08:06 4871596                    /usr/lib/libX11-xcb.so.1.0.0
7f16962d8000-7f16962d9000 r--p 00000000 08:06 4871596                    /usr/lib/libX11-xcb.so.1.0.0
7f16962d9000-7f16962da000 rw-p 00001000 08:06 4871596                    /usr/lib/libX11-xcb.so.1.0.0
7f16962da000-7f16962f4000 r-xp 00000000 08:06 4875099                    /usr/lib/libgraphite2.so.3.0.1
7f16962f4000-7f16964f3000 ---p 0001a000 08:06 4875099                    /usr/lib/libgraphite2.so.3.0.1
7f16964f3000-7f16964f5000 r--p 00019000 08:06 4875099                    /usr/lib/libgraphite2.so.3.0.1
7f16964f5000-7f16964f6000 rw-p 0001b000 08:06 4875099                    /usr/lib/libgraphite2.so.3.0.1
7f16964f6000-7f16964fb000 r-xp 00000000 08:06 4868554                    /usr/lib/libXdmcp.so.6.0.0
7f16964fb000-7f16966fa000 ---p 00005000 08:06 4868554                    /usr/lib/libXdmcp.so.6.0.0
7f16966fa000-7f16966fb000 r--p 00004000 08:06 4868554                    /usr/lib/libXdmcp.so.6.0.0
7f16966fb000-7f16966fc000 rw-p 00005000 08:06 4868554                    /usr/lib/libXdmcp.so.6.0.0
7f16966fc000-7f16966fe000 r-xp 00000000 08:06 4868618                    /usr/lib/libXau.so.6.0.0
7f16966fe000-7f16968fe000 ---p 00002000 08:06 4868618                    /usr/lib/libXau.so.6.0.0
7f16968fe000-7f16968ff000 r--p 00002000 08:06 4868618                    /usr/lib/libXau.so.6.0.0
7f16968ff000-7f1696900000 rw-p 00003000 08:06 4868618                    /usr/lib/libXau.so.6.0.0
7f1696900000-7f1696908000 r-xp 00000000 08:06 4850023                    /usr/lib/libcrypt-2.17.so
7f1696908000-7f1696b07000 ---p 00008000 08:06 4850023                    /usr/lib/libcrypt-2.17.so
7f1696b07000-7f1696b08000 r--p 00007000 08:06 4850023                    /usr/lib/libcrypt-2.17.so
7f1696b08000-7f1696b09000 rw-p 00008000 08:06 4850023                    /usr/lib/libcrypt-2.17.so
7f1696b09000-7f1696b37000 rw-p 00000000 00:00 0 
7f1696b37000-7f1696b47000 r-xp 00000000 08:06 4873315                    /usr/lib/libavahi-client.so.3.2.9
7f1696b47000-7f1696d46000 ---p 00010000 08:06 4873315                    /usr/lib/libavahi-client.so.3.2.9
7f1696d46000-7f1696d47000 r--p 0000f000 08:06 4873315                    /usr/lib/libavahi-client.so.3.2.9
7f1696d47000-7f1696d48000 rw-p 00010000 08:06 4873315                    /usr/lib/libavahi-client.so.3.2.9
7f1696d48000-7f1696d54000 r-xp 00000000 08:06 4873309                    /usr/lib/libavahi-common.so.3.5.3
7f1696d54000-7f1696f53000 ---p 0000c000 08:06 4873309                    /usr/lib/libavahi-common.so.3.5.3
7f1696f53000-7f1696f54000 r--p 0000b000 08:06 4873309                    /usr/lib/libavahi-common.so.3.5.3
7f1696f54000-7f1696f55000 rw-p 0000c000 08:06 4873309                    /usr/lib/libavahi-common.so.3.5.3
7f1696f55000-7f169705a000 r-xp 00000000 08:06 4881106                    /usr/lib/libgnutls.so.28.22.0
7f169705a000-7f169725a000 ---p 00105000 08:06 4881106                    /usr/lib/libgnutls.so.28.22.0
7f169725a000-7f1697262000 r--p 00105000 08:06 4881106                    /usr/lib/libgnutls.so.28.22.0
7f1697262000-7f1697264000 rw-p 0010d000 08:06 4881106                    /usr/lib/libgnutls.so.28.22.0
7f1697264000-7f1697265000 rw-p 00000000 00:00 0 
7f1697265000-7f1697268000 r-xp 00000000 08:06 4873168                    /usr/lib/libcom_err.so.2.1
7f1697268000-7f1697467000 ---p 00003000 08:06 4873168                    /usr/lib/libcom_err.so.2.1
7f1697467000-7f1697468000 r--p 00002000 08:06 4873168                    /usr/lib/libcom_err.so.2.1
7f1697468000-7f1697469000 rw-p 00003000 08:06 4873168                    /usr/lib/libcom_err.so.2.1
7f1697469000-7f169749b000 r-xp 00000000 08:06 4861925                    /usr/lib/libk5crypto.so.3.1
7f169749b000-7f169769a000 ---p 00032000 08:06 4861925                    /usr/lib/libk5crypto.so.3.1
7f169769a000-7f169769c000 r--p 00031000 08:06 4861925                    /usr/lib/libk5crypto.so.3.1
7f169769c000-7f169769d000 rw-p 00033000 08:06 4861925                    /usr/lib/libk5crypto.so.3.1
7f169769d000-7f169769e000 rw-p 00000000 00:00 0 
7f169769e000-7f169776c000 r-xp 00000000 08:06 4861926                    /usr/lib/libkrb5.so.3.3
7f169776c000-7f169796b000 ---p 000ce000 08:06 4861926                    /usr/lib/libkrb5.so.3.3
7f169796b000-7f1697979000 r--p 000cd000 08:06 4861926                    /usr/lib/libkrb5.so.3.3
7f1697979000-7f169797c000 rw-p 000db000 08:06 4861926                    /usr/lib/libkrb5.so.3.3
7f169797c000-7f16979c3000 r-xp 00000000 08:06 4861927                    /usr/lib/libgssapi_krb5.so.2.2
7f16979c3000-7f1697bc3000 ---p 00047000 08:06 4861927                    /usr/lib/libgssapi_krb5.so.2.2
7f1697bc3000-7f1697bc4000 r--p 00047000 08:06 4861927                    /usr/lib/libgssapi_krb5.so.2.2
7f1697bc4000-7f1697bc6000 rw-p 00048000 08:06 4861927                    /usr/lib/libgssapi_krb5.so.2.2
7f1697bc6000-7f1697bed000 r-xp 00000000 08:06 4850569                    /usr/lib/libexpat.so.1.6.0
7f1697bed000-7f1697ded000 ---p 00027000 08:06 4850569                    /usr/lib/libexpat.so.1.6.0
7f1697ded000-7f1697def000 r--p 00027000 08:06 4850569                    /usr/lib/libexpat.so.1.6.0
7f1697def000-7f1697df0000 rw-p 00029000 08:06 4850569                    /usr/lib/libexpat.so.1.6.0
7f1697df0000-7f1697dff000 r-xp 00000000 08:06 4855961                    /usr/lib/libbz2.so.1.0.6
7f1697dff000-7f1697ffe000 ---p 0000f000 08:06 4855961                    /usr/lib/libbz2.so.1.0.6
7f1697ffe000-7f1698000000 rw-p 0000e000 08:06 4855961                    /usr/lib/libbz2.so.1.0.6
7f1698000000-7f1698021000 rw-p 00000000 00:00 0 
7f1698021000-7f169c000000 ---p 00000000 00:00 0 
7f169c000000-7f169c021000 rw-p 00000000 00:00 0 
7f169c021000-7f16a0000000 ---p 00000000 00:00 0 
7f16a0000000-7f16a0386000 rw-p 00000000 00:00 0 
7f16a0386000-7f16a4000000 ---p 00000000 00:00 0 
7f16a4000000-7f16a4264000 rw-p 00000000 00:00 0 
7f16a4264000-7f16a8000000 ---p 00000000 00:00 0 
7f16a8000000-7f16a8021000 rw-p 00000000 00:00 0 
7f16a8021000-7f16ac000000 ---p 00000000 00:00 0 
7f16ac000000-7f16ac021000 rw-p 00000000 00:00 0 
7f16ac021000-7f16b0000000 ---p 00000000 00:00 0 
7f16b0000000-7f16b0021000 rw-p 00000000 00:00 0 
7f16b0021000-7f16b4000000 ---p 00000000 00:00 0 
7f16b4000000-7f16b4021000 rw-p 00000000 00:00 0 
7f16b4021000-7f16b8000000 ---p 00000000 00:00 0 
7f16b8000000-7f16b8021000 rw-p 00000000 00:00 0 
7f16b8021000-7f16bc000000 ---p 00000000 00:00 0 
7f16bc000000-7f16bc021000 rw-p 00000000 00:00 0 
7f16bc021000-7f16c0000000 ---p 00000000 00:00 0 
7f16c0000000-7f16c0021000 rw-p 00000000 00:00 0 
7f16c0021000-7f16c4000000 ---p 00000000 00:00 0 
7f16c4000000-7f16c4021000 rw-p 00000000 00:00 0 
7f16c4021000-7f16c8000000 ---p 00000000 00:00 0 
7f16c8000000-7f16c8021000 rw-p 00000000 00:00 0 
7f16c8021000-7f16cc000000 ---p 00000000 00:00 0 
7f16cc004000-7f16cc007000 ---p 00000000 00:00 0 
7f16cc007000-7f16cc105000 rw-p 00000000 00:00 0                          [stack:13704]
7f16cc105000-7f16cc118000 r-xp 00000000 08:06 4850008                    /usr/lib/libresolv-2.17.so
7f16cc118000-7f16cc318000 ---p 00013000 08:06 4850008                    /usr/lib/libresolv-2.17.so
7f16cc318000-7f16cc319000 r--p 00013000 08:06 4850008                    /usr/lib/libresolv-2.17.so
7f16cc319000-7f16cc31a000 rw-p 00014000 08:06 4850008                    /usr/lib/libresolv-2.17.so
7f16cc31a000-7f16cc31c000 rw-p 00000000 00:00 0 
7f16cc31c000-7f16cc384000 r-xp 00000000 08:06 4858073                    /usr/lib/libpcre.so.1.2.1
7f16cc384000-7f16cc584000 ---p 00068000 08:06 4858073                    /usr/lib/libpcre.so.1.2.1
7f16cc584000-7f16cc585000 r--p 00068000 08:06 4858073                    /usr/lib/libpcre.so.1.2.1
7f16cc585000-7f16cc586000 rw-p 00069000 08:06 4858073                    /usr/lib/libpcre.so.1.2.1
7f16cc586000-7f16cc58d000 r-xp 00000000 08:06 4852836                    /usr/lib/libffi.so.6.0.1
7f16cc58d000-7f16cc78c000 ---p 00007000 08:06 4852836                    /usr/lib/libffi.so.6.0.1
7f16cc78c000-7f16cc78d000 r--p 00006000 08:06 4852836                    /usr/lib/libffi.so.6.0.1
7f16cc78d000-7f16cc78e000 rw-p 00007000 08:06 4852836                    /usr/lib/libffi.so.6.0.1
7f16cc78e000-7f16cc7e8000 r-xp 00000000 08:06 4857806                    /usr/lib/mesa-libGL.so.1.2.0
7f16cc7e8000-7f16cc9e8000 ---p 0005a000 08:06 4857806                    /usr/lib/mesa-libGL.so.1.2.0
7f16cc9e8000-7f16cc9ea000 r--p 0005a000 08:06 4857806                    /usr/lib/mesa-libGL.so.1.2.0
7f16cc9ea000-7f16cc9eb000 rw-p 0005c000 08:06 4857806                    /usr/lib/mesa-libGL.so.1.2.0
7f16cc9eb000-7f16cc9ec000 rw-p 00000000 00:00 0 
7f16cc9ec000-7f16cc9f4000 r-xp 00000000 08:06 4870740                    /usr/lib/libxcb-render.so.0.0.0
7f16cc9f4000-7f16ccbf4000 ---p 00008000 08:06 4870740                    /usr/lib/libxcb-render.so.0.0.0
7f16ccbf4000-7f16ccbf5000 r--p 00008000 08:06 4870740                    /usr/lib/libxcb-render.so.0.0.0
7f16ccbf5000-7f16ccbf6000 rw-p 00009000 08:06 4870740                    /usr/lib/libxcb-render.so.0.0.0
7f16ccbf6000-7f16ccbf8000 r-xp 00000000 08:06 4870669                    /usr/lib/libxcb-shm.so.0.0.0
7f16ccbf8000-7f16ccdf7000 ---p 00002000 08:06 4870669                    /usr/lib/libxcb-shm.so.0.0.0
7f16ccdf7000-7f16ccdf8000 r--p 00001000 08:06 4870669                    /usr/lib/libxcb-shm.so.0.0.0
7f16ccdf8000-7f16ccdf9000 rw-p 00002000 08:06 4870669                    /usr/lib/libxcb-shm.so.0.0.0
7f16ccdf9000-7f16cce2d000 r-xp 00000000 08:06 4872836                    /usr/lib/libpng16.so.16.2.0
7f16cce2d000-7f16cd02c000 ---p 00034000 08:06 4872836                    /usr/lib/libpng16.so.16.2.0
7f16cd02c000-7f16cd02d000 r--p 00033000 08:06 4872836                    /usr/lib/libpng16.so.16.2.0
7f16cd02d000-7f16cd02e000 rw-p 00034000 08:06 4872836                    /usr/lib/libpng16.so.16.2.0
7f16cd02e000-7f16cd04f000 r-xp 00000000 08:06 4852887                    /usr/lib/libEGL.so.1.0.0
7f16cd04f000-7f16cd24f000 ---p 00021000 08:06 4852887                    /usr/lib/libEGL.so.1.0.0
7f16cd24f000-7f16cd250000 r--p 00021000 08:06 4852887                    /usr/lib/libEGL.so.1.0.0
7f16cd250000-7f16cd251000 rw-p 00022000 08:06 4852887                    /usr/lib/libEGL.so.1.0.0
7f16cd251000-7f16cd2f2000 r-xp 00000000 08:06 4868604                    /usr/lib/libpixman-1.so.0.30.0
7f16cd2f2000-7f16cd4f2000 ---p 000a1000 08:06 4868604                    /usr/lib/libpixman-1.so.0.30.0
7f16cd4f2000-7f16cd4f9000 r--p 000a1000 08:06 4868604                    /usr/lib/libpixman-1.so.0.30.0
7f16cd4f9000-7f16cd4fa000 rw-p 000a8000 08:06 4868604                    /usr/lib/libpixman-1.so.0.30.0
7f16cd4fa000-7f16cd54b000 r-xp 00000000 08:06 4868521                    /usr/lib/libharfbuzz.so.0.918.0
7f16cd54b000-7f16cd74b000 ---p 00051000 08:06 4868521                    /usr/lib/libharfbuzz.so.0.918.0
7f16cd74b000-7f16cd74c000 r--p 00051000 08:06 4868521                    /usr/lib/libharfbuzz.so.0.918.0
7f16cd74c000-7f16cd74d000 rw-p 00052000 08:06 4868521                    /usr/lib/libharfbuzz.so.0.918.0
7f16cd74d000-7f16cd74f000 r-xp 00000000 08:06 4871988                    /usr/lib/libXdamage.so.1.1.0
7f16cd74f000-7f16cd94e000 ---p 00002000 08:06 4871988                    /usr/lib/libXdamage.so.1.1.0
7f16cd94e000-7f16cd94f000 r--p 00001000 08:06 4871988                    /usr/lib/libXdamage.so.1.1.0
7f16cd94f000-7f16cd950000 rw-p 00002000 08:06 4871988                    /usr/lib/libXdamage.so.1.1.0
7f16cd950000-7f16cd952000 r-xp 00000000 08:06 4880765                    /usr/lib/libXcomposite.so.1.0.0
7f16cd952000-7f16cdb51000 ---p 00002000 08:06 4880765                    /usr/lib/libXcomposite.so.1.0.0
7f16cdb51000-7f16cdb52000 r--p 00001000 08:06 4880765                    /usr/lib/libXcomposite.so.1.0.0
7f16cdb52000-7f16cdb53000 rw-p 00002000 08:06 4880765                    /usr/lib/libXcomposite.so.1.0.0
7f16cdb53000-7f16cdb5d000 r-xp 00000000 08:06 4877580                    /usr/lib/libXcursor.so.1.0.2
7f16cdb5d000-7f16cdd5c000 ---p 0000a000 08:06 4877580                    /usr/lib/libXcursor.so.1.0.2
7f16cdd5c000-7f16cdd5d000 r--p 00009000 08:06 4877580                    /usr/lib/libXcursor.so.1.0.2
7f16cdd5d000-7f16cdd5e000 rw-p 0000a000 08:06 4877580                    /usr/lib/libXcursor.so.1.0.2
7f16cdd5e000-7f16cdd67000 r-xp 00000000 08:06 4872885                    /usr/lib/libXrandr.so.2.2.0
7f16cdd67000-7f16cdf66000 ---p 00009000 08:06 4872885                    /usr/lib/libXrandr.so.2.2.0
7f16cdf66000-7f16cdf67000 r--p 00008000 08:06 4872885                    /usr/lib/libXrandr.so.2.2.0
7f16cdf67000-7f16cdf68000 rw-p 00009000 08:06 4872885                    /usr/lib/libXrandr.so.2.2.0
7f16cdf68000-7f16cdf6a000 r-xp 00000000 08:06 4880775                    /usr/lib/libXinerama.so.1.0.0
7f16cdf6a000-7f16ce169000 ---p 00002000 08:06 4880775                    /usr/lib/libXinerama.so.1.0.0
7f16ce169000-7f16ce16a000 r--p 00001000 08:06 4880775                    /usr/lib/libXinerama.so.1.0.0
7f16ce16a000-7f16ce16b000 rw-p 00002000 08:06 4880775                    /usr/lib/libXinerama.so.1.0.0
7f16ce16b000-7f16ce170000 r-xp 00000000 08:06 4871983                    /usr/lib/libXfixes.so.3.1.0
7f16ce170000-7f16ce36f000 ---p 00005000 08:06 4871983                    /usr/lib/libXfixes.so.3.1.0
7f16ce36f000-7f16ce370000 r--p 00004000 08:06 4871983                    /usr/lib/libXfixes.so.3.1.0
7f16ce370000-7f16ce371000 rw-p 00005000 08:06 4871983                    /usr/lib/libXfixes.so.3.1.0
7f16ce371000-7f16ce374000 r-xp 00000000 08:06 4858143                    /usr/lib/libgmodule-2.0.so.0.3600.3
7f16ce374000-7f16ce573000 ---p 00003000 08:06 4858143                    /usr/lib/libgmodule-2.0.so.0.3600.3
7f16ce573000-7f16ce574000 r--p 00002000 08:06 4858143                    /usr/lib/libgmodule-2.0.so.0.3600.3
7f16ce574000-7f16ce575000 rw-p 00003000 08:06 4858143                    /usr/lib/libgmodule-2.0.so.0.3600.3
7f16ce575000-7f16ce593000 r-xp 00000000 08:06 4870706                    /usr/lib/libxcb.so.1.1.0
7f16ce593000-7f16ce792000 ---p 0001e000 08:06 4870706                    /usr/lib/libxcb.so.1.1.0
7f16ce792000-7f16ce793000 r--p 0001d000 08:06 4870706                    /usr/lib/libxcb.so.1.1.0
7f16ce793000-7f16ce794000 rw-p 0001e000 08:06 4870706                    /usr/lib/libxcb.so.1.1.0
7f16ce794000-7f16ce7f1000 r-xp 00000000 08:06 4873623                    /usr/lib/libcups.so.2
7f16ce7f1000-7f16ce9f1000 ---p 0005d000 08:06 4873623                    /usr/lib/libcups.so.2
7f16ce9f1000-7f16ce9f6000 rw-p 0005d000 08:06 4873623                    /usr/lib/libcups.so.2
7f16ce9f6000-7f16ceaf2000 r-xp 00000000 08:06 4858142                    /usr/lib/libglib-2.0.so.0.3600.3
7f16ceaf2000-7f16cecf1000 ---p 000fc000 08:06 4858142                    /usr/lib/libglib-2.0.so.0.3600.3
7f16cecf1000-7f16cecf2000 r--p 000fb000 08:06 4858142                    /usr/lib/libglib-2.0.so.0.3600.3
7f16cecf2000-7f16cecf3000 rw-p 000fc000 08:06 4858142                    /usr/lib/libglib-2.0.so.0.3600.3
7f16cecf3000-7f16cecf4000 rw-p 00000000 00:00 0 
7f16cecf4000-7f16cecf5000 r-xp 00000000 08:06 4858144                    /usr/lib/libgthread-2.0.so.0.3600.3
7f16cecf5000-7f16ceef4000 ---p 00001000 08:06 4858144                    /usr/lib/libgthread-2.0.so.0.3600.3
7f16ceef4000-7f16ceef5000 r--p 00000000 08:06 4858144                    /usr/lib/libgthread-2.0.so.0.3600.3
7f16ceef5000-7f16ceef6000 rw-p 00001000 08:06 4858144                    /usr/lib/libgthread-2.0.so.0.3600.3
7f16ceef6000-7f16cef30000 r-xp 00000000 08:06 4871785                    /usr/lib/libfontconfig.so.1.7.0
7f16cef30000-7f16cf12f000 ---p 0003a000 08:06 4871785                    /usr/lib/libfontconfig.so.1.7.0
7f16cf12f000-7f16cf131000 r--p 00039000 08:06 4871785                    /usr/lib/libfontconfig.so.1.7.0
7f16cf131000-7f16cf132000 rw-p 0003b000 08:06 4871785                    /usr/lib/libfontconfig.so.1.7.0
7f16cf132000-7f16cf1ce000 r-xp 00000000 08:06 4868440                    /usr/lib/libfreetype.so.6.10.2
7f16cf1ce000-7f16cf3ce000 ---p 0009c000 08:06 4868440                    /usr/lib/libfreetype.so.6.10.2
7f16cf3ce000-7f16cf3d3000 r--p 0009c000 08:06 4868440                    /usr/lib/libfreetype.so.6.10.2
7f16cf3d3000-7f16cf3d4000 rw-p 000a1000 08:06 4868440                    /usr/lib/libfreetype.so.6.10.2
7f16cf3d4000-7f16cf421000 r-xp 00000000 08:06 4858145                    /usr/lib/libgobject-2.0.so.0.3600.3
7f16cf421000-7f16cf621000 ---p 0004d000 08:06 4858145                    /usr/lib/libgobject-2.0.so.0.3600.3
7f16cf621000-7f16cf622000 r--p 0004d000 08:06 4858145                    /usr/lib/libgobject-2.0.so.0.3600.3
7f16cf622000-7f16cf623000 rw-p 0004e000 08:06 4858145                    /usr/lib/libgobject-2.0.so.0.3600.3
7f16cf623000-7f16cf66b000 r-xp 00000000 08:06 4878000                    /usr/lib/libpango-1.0.so.0.3400.1
7f16cf66b000-7f16cf86b000 ---p 00048000 08:06 4878000                    /usr/lib/libpango-1.0.so.0.3400.1
7f16cf86b000-7f16cf86d000 r--p 00048000 08:06 4878000                    /usr/lib/libpango-1.0.so.0.3400.1
7f16cf86d000-7f16cf86e000 rw-p 0004a000 08:06 4878000                    /usr/lib/libpango-1.0.so.0.3400.1
7f16cf86e000-7f16cf882000 r-xp 00000000 08:06 4878002                    /usr/lib/libpangoft2-1.0.so.0.3400.1
7f16cf882000-7f16cfa81000 ---p 00014000 08:06 4878002                    /usr/lib/libpangoft2-1.0.so.0.3400.1
7f16cfa81000-7f16cfa82000 r--p 00013000 08:06 4878002                    /usr/lib/libpangoft2-1.0.so.0.3400.1
7f16cfa82000-7f16cfa83000 rw-p 00014000 08:06 4878002                    /usr/lib/libpangoft2-1.0.so.0.3400.1
7f16cfa83000-7f16cfbd5000 r-xp 00000000 08:06 4858146                    /usr/lib/libgio-2.0.so.0.3600.3
7f16cfbd5000-7f16cfdd5000 ---p 00152000 08:06 4858146                    /usr/lib/libgio-2.0.so.0.3600.3
7f16cfdd5000-7f16cfdd9000 r--p 00152000 08:06 4858146                    /usr/lib/libgio-2.0.so.0.3600.3
7f16cfdd9000-7f16cfddb000 rw-p 00156000 08:06 4858146                    /usr/lib/libgio-2.0.so.0.3600.3
7f16cfddb000-7f16cfddd000 rw-p 00000000 00:00 0 
7f16cfddd000-7f16cfdff000 r-xp 00000000 08:06 4879016                    /usr/lib/libgdk_pixbuf-2.0.so.0.2800.2
7f16cfdff000-7f16cfffe000 ---p 00022000 08:06 4879016                    /usr/lib/libgdk_pixbuf-2.0.so.0.2800.2
7f16cfffe000-7f16cffff000 r--p 00021000 08:06 4879016                    /usr/lib/libgdk_pixbuf-2.0.so.0.2800.2
7f16cffff000-7f16d0000000 rw-p 00022000 08:06 4879016                    /usr/lib/libgdk_pixbuf-2.0.so.0.2800.2
7f16d0000000-7f16d0021000 rw-p 00000000 00:00 0 
7f16d0021000-7f16d4000000 ---p 00000000 00:00 0 
7f16d400a000-7f16d400d000 ---p 00000000 00:00 0 
7f16d400d000-7f16d410b000 rw-p 00000000 00:00 0                          [stack:13703]
7f16d410b000-7f16d4227000 r-xp 00000000 08:06 4850649                    /usr/lib/libcairo.so.2.11200.14
7f16d4227000-7f16d4426000 ---p 0011c000 08:06 4850649                    /usr/lib/libcairo.so.2.11200.14
7f16d4426000-7f16d4429000 r--p 0011b000 08:06 4850649                    /usr/lib/libcairo.so.2.11200.14
7f16d4429000-7f16d442b000 rw-p 0011e000 08:06 4850649                    /usr/lib/libcairo.so.2.11200.14
7f16d442b000-7f16d442c000 rw-p 00000000 00:00 0 
7f16d442c000-7f16d444c000 r-xp 00000000 08:06 4877351                    /usr/lib/libatk-1.0.so.0.20809.1
7f16d444c000-7f16d464c000 ---p 00020000 08:06 4877351                    /usr/lib/libatk-1.0.so.0.20809.1
7f16d464c000-7f16d464e000 r--p 00020000 08:06 4877351                    /usr/lib/libatk-1.0.so.0.20809.1
7f16d464e000-7f16d464f000 rw-p 00022000 08:06 4877351                    /usr/lib/libatk-1.0.so.0.20809.1
7f16d464f000-7f16d465a000 r-xp 00000000 08:06 4878004                    /usr/lib/libpangocairo-1.0.so.0.3400.1
7f16d465a000-7f16d485a000 ---p 0000b000 08:06 4878004                    /usr/lib/libpangocairo-1.0.so.0.3400.1
7f16d485a000-7f16d485b000 r--p 0000b000 08:06 4878004                    /usr/lib/libpangocairo-1.0.so.0.3400.1
7f16d485b000-7f16d485c000 rw-p 0000c000 08:06 4878004                    /usr/lib/libpangocairo-1.0.so.0.3400.1
7f16d485c000-7f16d4909000 r-xp 00000000 08:06 4873469                    /usr/lib/libgdk-x11-2.0.so.0.2400.20
7f16d4909000-7f16d4b09000 ---p 000ad000 08:06 4873469                    /usr/lib/libgdk-x11-2.0.so.0.2400.20
7f16d4b09000-7f16d4b0d000 r--p 000ad000 08:06 4873469                    /usr/lib/libgdk-x11-2.0.so.0.2400.20
7f16d4b0d000-7f16d4b0f000 rw-p 000b1000 08:06 4873469                    /usr/lib/libgdk-x11-2.0.so.0.2400.20
7f16d4b0f000-7f16d4f33000 r-xp 00000000 08:06 4873470                    /usr/lib/libgtk-x11-2.0.so.0.2400.20
7f16d4f33000-7f16d5132000 ---p 00424000 08:06 4873470                    /usr/lib/libgtk-x11-2.0.so.0.2400.20
7f16d5132000-7f16d5139000 r--p 00423000 08:06 4873470                    /usr/lib/libgtk-x11-2.0.so.0.2400.20
7f16d5139000-7f16d513d000 rw-p 0042a000 08:06 4873470                    /usr/lib/libgtk-x11-2.0.so.0.2400.20
7f16d513d000-7f16d513f000 rw-p 00000000 00:00 0 
7f16d513f000-7f16d514e000 r-xp 00000000 08:06 4855820                    /usr/lib/libXi.so.6.1.0
7f16d514e000-7f16d534d000 ---p 0000f000 08:06 4855820                    /usr/lib/libXi.so.6.1.0
7f16d534d000-7f16d534e000 r--p 0000e000 08:06 4855820                    /usr/lib/libXi.so.6.1.0
7f16d534e000-7f16d534f000 rw-p 0000f000 08:06 4855820                    /usr/lib/libXi.so.6.1.0
7f16d534f000-7f16d5354000 r-xp 00000000 08:06 4872145                    /usr/lib/libXtst.so.6.1.0
7f16d5354000-7f16d5553000 ---p 00005000 08:06 4872145                    /usr/lib/libXtst.so.6.1.0
7f16d5553000-7f16d5554000 r--p 00004000 08:06 4872145                    /usr/lib/libXtst.so.6.1.0
7f16d5554000-7f16d5555000 rw-p 00005000 08:06 4872145                    /usr/lib/libXtst.so.6.1.0
7f16d5555000-7f16d555e000 r-xp 00000000 08:06 4872865                    /usr/lib/libXrender.so.1.3.0
7f16d555e000-7f16d575d000 ---p 00009000 08:06 4872865                    /usr/lib/libXrender.so.1.3.0
7f16d575d000-7f16d575e000 r--p 00008000 08:06 4872865                    /usr/lib/libXrender.so.1.3.0
7f16d575e000-7f16d575f000 rw-p 00009000 08:06 4872865                    /usr/lib/libXrender.so.1.3.0
7f16d575f000-7f16d5894000 r-xp 00000000 08:06 4871595                    /usr/lib/libX11.so.6.3.0
7f16d5894000-7f16d5a94000 ---p 00135000 08:06 4871595                    /usr/lib/libX11.so.6.3.0
7f16d5a94000-7f16d5a95000 r--p 00135000 08:06 4871595                    /usr/lib/libX11.so.6.3.0
7f16d5a95000-7f16d5a9a000 rw-p 00136000 08:06 4871595                    /usr/lib/libX11.so.6.3.0
7f16d5a9a000-7f16d5aec000 r-xp 00000000 08:06 5899277                    /usr/lib/jvm/java-7-openjdk/jre/lib/amd64/xawt/libmawt.so
7f16d5aec000-7f16d5ceb000 ---p 00052000 08:06 5899277                    /usr/lib/jvm/java-7-openjdk/jre/lib/amd64/xawt/libmawt.so
7f16d5ceb000-7f16d5cef000 rw-p 00051000 08:06 5899277                    /usr/lib/jvm/java-7-openjdk/jre/lib/amd64/xawt/libmawt.so
7f16d5cef000-7f16d8000000 rw-p 00000000 00:00 0 
7f16d8000000-7f16d8021000 rw-p 00000000 00:00 0 
7f16d8021000-7f16dc000000 ---p 00000000 00:00 0 
7f16dc010000-7f16dc021000 r-xp 00000000 08:06 4871950                    /usr/lib/libXext.so.6.4.0
7f16dc021000-7f16dc220000 ---p 00011000 08:06 4871950                    /usr/lib/libXext.so.6.4.0
7f16dc220000-7f16dc221000 r--p 00010000 08:06 4871950                    /usr/lib/libXext.so.6.4.0
7f16dc221000-7f16dc222000 rw-p 00011000 08:06 4871950                    /usr/lib/libXext.so.6.4.0
7f16dc222000-7f16dc2c3000 r-xp 00000000 08:06 5647507                    /usr/lib/jvm/java-7-openjdk/jre/lib/amd64/libawt.so
7f16dc2c3000-7f16dc4c3000 ---p 000a1000 08:06 5647507                    /usr/lib/jvm/java-7-openjdk/jre/lib/amd64/libawt.so
7f16dc4c3000-7f16dc4cf000 rw-p 000a1000 08:06 5647507                    /usr/lib/jvm/java-7-openjdk/jre/lib/amd64/libawt.so
7f16dc4cf000-7f16dc4f3000 rw-p 00000000 00:00 0 
7f16dc4f3000-7f16dc4f4000 ---p 00000000 00:00 0 
7f16dc4f4000-7f16dc5f4000 rw-p 00000000 00:00 0                          [stack:13702]
7f16dc5f4000-7f16dc5f7000 ---p 00000000 00:00 0 
7f16dc5f7000-7f16dc6f5000 rw-p 00000000 00:00 0                          [stack:13701]
7f16dc6f5000-7f16dc6f8000 ---p 00000000 00:00 0 
7f16dc6f8000-7f16dc7f6000 rw-p 00000000 00:00 0                          [stack:13700]
7f16dc7f6000-7f16dc7f9000 ---p 00000000 00:00 0 
7f16dc7f9000-7f16dc8f7000 rw-p 00000000 00:00 0                          [stack:13699]
7f16dc8f7000-7f16dc8fa000 ---p 00000000 00:00 0 
7f16dc8fa000-7f16dc9f8000 rw-p 00000000 00:00 0                          [stack:13695]
7f16dc9f8000-7f16dc9fb000 ---p 00000000 00:00 0 
7f16dc9fb000-7f16dcaf9000 rw-p 00000000 00:00 0                          [stack:13694]
7f16dcaf9000-7f16dcafc000 ---p 00000000 00:00 0 
7f16dcafc000-7f16dcbfa000 rw-p 00000000 00:00 0                          [stack:13691]
7f16dcbfa000-7f16dcbfe000 r-xp 00000000 08:06 5650646                    /usr/lib/jvm/java-7-openjdk/jre/lib/amd64/libdt_socket.so
7f16dcbfe000-7f16dcdfd000 ---p 00004000 08:06 5650646                    /usr/lib/jvm/java-7-openjdk/jre/lib/amd64/libdt_socket.so
7f16dcdfd000-7f16dcdfe000 rw-p 00003000 08:06 5650646                    /usr/lib/jvm/java-7-openjdk/jre/lib/amd64/libdt_socket.so
7f16dcdfe000-7f16dce01000 ---p 00000000 00:00 0 
7f16dce01000-7f16dceff000 rw-p 00000000 00:00 0                          [stack:13689]
7f16dceff000-7f16dcf02000 ---p 00000000 00:00 0 
7f16dcf02000-7f16dd000000 rw-p 00000000 00:00 0                          [stack:13688]
7f16dd000000-7f16dd270000 rwxp 00000000 00:00 0 
7f16dd270000-7f16e0245000 rw-p 00000000 00:00 0 
7f16e0245000-7f16e4000000 ---p 00000000 00:00 0 
7f16e4005000-7f16e4016000 r--s 00000000 08:06 5253148                    /usr/share/fonts/Type1/n019024l.pfb
7f16e4016000-7f16e4027000 r--s 00000000 08:06 5253145                    /usr/share/fonts/Type1/n019023l.pfb
7f16e4027000-7f16e4040000 r--s 00000000 08:06 1311196                    /var/cache/fontconfig/8d4af663993b81a124ee82e610bb31f9-le64.cache-4
7f16e4040000-7f16e404b000 r--s 00000000 08:06 1311208                    /var/cache/fontconfig/d62e99ef547d1d24cdb1bd22ec1a2976-le64.cache-4
7f16e404b000-7f16e406f000 r--p 00000000 08:06 4849977                    /usr/share/locale/pl/LC_MESSAGES/libc.mo
7f16e406f000-7f16e4072000 ---p 00000000 00:00 0 
7f16e4072000-7f16e4170000 rw-p 00000000 00:00 0                          [stack:13687]
7f16e4170000-7f16e4171000 ---p 00000000 00:00 0 
7f16e4171000-7f16e526d000 rw-p 00000000 00:00 0                          [stack:13686]
7f16e526d000-7f16e541a000 r--s 01cdf000 08:06 5378322                    /usr/lib/jvm/java-7-openjdk/jre/lib/rt.jar
7f16e541a000-7f16e571c000 rw-p 00000000 00:00 0 
7f16e571c000-7f16e571d000 ---p 00000000 00:00 0 
7f16e571d000-7f16e581d000 rw-p 00000000 00:00 0                          [stack:13685]
7f16e581d000-7f16e581e000 ---p 00000000 00:00 0 
7f16e581e000-7f16e591e000 rw-p 00000000 00:00 0                          [stack:13684]
7f16e591e000-7f16e591f000 ---p 00000000 00:00 0 
7f16e591f000-7f16e5a1f000 rw-p 00000000 00:00 0                          [stack:13683]
7f16e5a1f000-7f16e5a20000 ---p 00000000 00:00 0 
7f16e5a20000-7f16e5b2b000 rw-p 00000000 00:00 0                          [stack:13682]
7f16e5b2b000-7f16e5b73000 rw-p 00000000 00:00 0 
7f16e5b73000-7f16e5b87000 rw-p 00000000 00:00 0 
7f16e5b87000-7f16e5cb2000 rw-p 00000000 00:00 0 
7f16e5cb2000-7f16e5cbd000 rw-p 00000000 00:00 0 
7f16e5cbd000-7f16e5d05000 rw-p 00000000 00:00 0 
7f16e5d05000-7f16e5d19000 rw-p 00000000 00:00 0 
7f16e5d19000-7f16e5e43000 rw-p 00000000 00:00 0 
7f16e5e43000-7f16e5e4e000 rw-p 00000000 00:00 0 
7f16e5e4e000-7f16e5ee3000 rw-p 00000000 00:00 0 
7f16e5ee3000-7f16e5eee000 rw-p 00000000 00:00 0 
7f16e5eee000-7f16e5fa4000 rw-p 00000000 00:00 0 
7f16e5fa4000-7f16e5fac000 r-xp 00000000 08:06 5647493                    /usr/lib/jvm/java-7-openjdk/jre/lib/amd64/libzip.so
7f16e5fac000-7f16e61ab000 ---p 00008000 08:06 5647493                    /usr/lib/jvm/java-7-openjdk/jre/lib/amd64/libzip.so
7f16e61ab000-7f16e61ac000 rw-p 00007000 08:06 5647493                    /usr/lib/jvm/java-7-openjdk/jre/lib/amd64/libzip.so
7f16e61ac000-7f16e61b7000 r-xp 00000000 08:06 4850029                    /usr/lib/libnss_files-2.17.so
7f16e61b7000-7f16e63b7000 ---p 0000b000 08:06 4850029                    /usr/lib/libnss_files-2.17.so
7f16e63b7000-7f16e63b8000 r--p 0000b000 08:06 4850029                    /usr/lib/libnss_files-2.17.so
7f16e63b8000-7f16e63b9000 rw-p 0000c000 08:06 4850029                    /usr/lib/libnss_files-2.17.so
7f16e63b9000-7f16e63bc000 r-xp 00000000 08:06 5647497                    /usr/lib/jvm/java-7-openjdk/jre/lib/amd64/libnpt.so
7f16e63bc000-7f16e65bb000 ---p 00003000 08:06 5647497                    /usr/lib/jvm/java-7-openjdk/jre/lib/amd64/libnpt.so
7f16e65bb000-7f16e65bc000 rw-p 00002000 08:06 5647497                    /usr/lib/jvm/java-7-openjdk/jre/lib/amd64/libnpt.so
7f16e65bc000-7f16e65f6000 r-xp 00000000 08:06 5647995                    /usr/lib/jvm/java-7-openjdk/jre/lib/amd64/libjdwp.so
7f16e65f6000-7f16e67f5000 ---p 0003a000 08:06 5647995                    /usr/lib/jvm/java-7-openjdk/jre/lib/amd64/libjdwp.so
7f16e67f5000-7f16e67f7000 rw-p 00039000 08:06 5647995                    /usr/lib/jvm/java-7-openjdk/jre/lib/amd64/libjdwp.so
7f16e67f7000-7f16e6822000 r-xp 00000000 08:06 5647492                    /usr/lib/jvm/java-7-openjdk/jre/lib/amd64/libjava.so
7f16e6822000-7f16e6a21000 ---p 0002b000 08:06 5647492                    /usr/lib/jvm/java-7-openjdk/jre/lib/amd64/libjava.so
7f16e6a21000-7f16e6a23000 rw-p 0002a000 08:06 5647492                    /usr/lib/jvm/java-7-openjdk/jre/lib/amd64/libjava.so
7f16e6a23000-7f16e6a30000 r-xp 00000000 08:06 5647491                    /usr/lib/jvm/java-7-openjdk/jre/lib/amd64/libverify.so
7f16e6a30000-7f16e6c2f000 ---p 0000d000 08:06 5647491                    /usr/lib/jvm/java-7-openjdk/jre/lib/amd64/libverify.so
7f16e6c2f000-7f16e6c31000 rw-p 0000c000 08:06 5647491                    /usr/lib/jvm/java-7-openjdk/jre/lib/amd64/libverify.so
7f16e6c31000-7f16e6c38000 r-xp 00000000 08:06 4850009                    /usr/lib/librt-2.17.so
7f16e6c38000-7f16e6e37000 ---p 00007000 08:06 4850009                    /usr/lib/librt-2.17.so
7f16e6e37000-7f16e6e38000 r--p 00006000 08:06 4850009                    /usr/lib/librt-2.17.so
7f16e6e38000-7f16e6e39000 rw-p 00007000 08:06 4850009                    /usr/lib/librt-2.17.so
7f16e6e39000-7f16e6e4e000 r-xp 00000000 08:06 4881438                    /usr/lib/libgcc_s.so.1
7f16e6e4e000-7f16e704e000 ---p 00015000 08:06 4881438                    /usr/lib/libgcc_s.so.1
7f16e704e000-7f16e704f000 rw-p 00015000 08:06 4881438                    /usr/lib/libgcc_s.so.1
7f16e704f000-7f16e714c000 r-xp 00000000 08:06 4850027                    /usr/lib/libm-2.17.so
7f16e714c000-7f16e734b000 ---p 000fd000 08:06 4850027                    /usr/lib/libm-2.17.so
7f16e734b000-7f16e734c000 r--p 000fc000 08:06 4850027                    /usr/lib/libm-2.17.so
7f16e734c000-7f16e734d000 rw-p 000fd000 08:06 4850027                    /usr/lib/libm-2.17.so
7f16e734d000-7f16e7433000 r-xp 00000000 08:06 4850083                    /usr/lib/libstdc++.so.6.0.18
7f16e7433000-7f16e7632000 ---p 000e6000 08:06 4850083                    /usr/lib/libstdc++.so.6.0.18
7f16e7632000-7f16e763a000 r--p 000e5000 08:06 4850083                    /usr/lib/libstdc++.so.6.0.18
7f16e763a000-7f16e763c000 rw-p 000ed000 08:06 4850083                    /usr/lib/libstdc++.so.6.0.18
7f16e763c000-7f16e7651000 rw-p 00000000 00:00 0 
7f16e7651000-7f16e8142000 r-xp 00000000 08:06 5776526                    /usr/lib/jvm/java-7-openjdk/jre/lib/amd64/server/libjvm.so
7f16e8142000-7f16e8342000 ---p 00af1000 08:06 5776526                    /usr/lib/jvm/java-7-openjdk/jre/lib/amd64/server/libjvm.so
7f16e8342000-7f16e83fd000 rw-p 00af1000 08:06 5776526                    /usr/lib/jvm/java-7-openjdk/jre/lib/amd64/server/libjvm.so
7f16e83fd000-7f16e842a000 rw-p 00000000 00:00 0 
7f16e842a000-7f16e843f000 r-xp 00000000 08:06 4856033                    /usr/lib/libz.so.1.2.8
7f16e843f000-7f16e863e000 ---p 00015000 08:06 4856033                    /usr/lib/libz.so.1.2.8
7f16e863e000-7f16e863f000 r--p 00014000 08:06 4856033                    /usr/lib/libz.so.1.2.8
7f16e863f000-7f16e8640000 rw-p 00015000 08:06 4856033                    /usr/lib/libz.so.1.2.8
7f16e8640000-7f16e87e3000 r-xp 00000000 08:06 4849981                    /usr/lib/libc-2.17.so
7f16e87e3000-7f16e89e3000 ---p 001a3000 08:06 4849981                    /usr/lib/libc-2.17.so
7f16e89e3000-7f16e89e7000 r--p 001a3000 08:06 4849981                    /usr/lib/libc-2.17.so
7f16e89e7000-7f16e89e9000 rw-p 001a7000 08:06 4849981                    /usr/lib/libc-2.17.so
7f16e89e9000-7f16e89ed000 rw-p 00000000 00:00 0 
7f16e89ed000-7f16e89f0000 r-xp 00000000 08:06 4850004                    /usr/lib/libdl-2.17.so
7f16e89f0000-7f16e8bef000 ---p 00003000 08:06 4850004                    /usr/lib/libdl-2.17.so
7f16e8bef000-7f16e8bf0000 r--p 00002000 08:06 4850004                    /usr/lib/libdl-2.17.so
7f16e8bf0000-7f16e8bf1000 rw-p 00003000 08:06 4850004                    /usr/lib/libdl-2.17.so
7f16e8bf1000-7f16e8bfe000 r-xp 00000000 08:06 5776522                    /usr/lib/jvm/java-7-openjdk/jre/lib/amd64/jli/libjli.so
7f16e8bfe000-7f16e8dfd000 ---p 0000d000 08:06 5776522                    /usr/lib/jvm/java-7-openjdk/jre/lib/amd64/jli/libjli.so
7f16e8dfd000-7f16e8dfe000 rw-p 0000c000 08:06 5776522                    /usr/lib/jvm/java-7-openjdk/jre/lib/amd64/jli/libjli.so
7f16e8dfe000-7f16e8e15000 r-xp 00000000 08:06 4850000                    /usr/lib/libpthread-2.17.so
7f16e8e15000-7f16e9014000 ---p 00017000 08:06 4850000                    /usr/lib/libpthread-2.17.so
7f16e9014000-7f16e9015000 r--p 00016000 08:06 4850000                    /usr/lib/libpthread-2.17.so
7f16e9015000-7f16e9016000 rw-p 00017000 08:06 4850000                    /usr/lib/libpthread-2.17.so
7f16e9016000-7f16e901a000 rw-p 00000000 00:00 0 
7f16e901a000-7f16e903b000 r-xp 00000000 08:06 4849988                    /usr/lib/ld-2.17.so
7f16e903e000-7f16e904d000 r--s 00000000 08:06 1310960                    /var/cache/fontconfig/f6b893a7224233d96cb72fd88691c0b4-le64.cache-4
7f16e904d000-7f16e9056000 r--s 000ba000 08:06 5378323                    /usr/lib/jvm/java-7-openjdk/jre/lib/resources.jar
7f16e9056000-7f16e9062000 r-xp 00000000 08:06 4852813                    /usr/lib/libdrm.so.2.4.0
7f16e9062000-7f16e9063000 r--p 0000b000 08:06 4852813                    /usr/lib/libdrm.so.2.4.0
7f16e9063000-7f16e9064000 rw-p 0000c000 08:06 4852813                    /usr/lib/libdrm.so.2.4.0
7f16e9064000-7f16e908c000 rw-p 00000000 00:00 0 
7f16e908c000-7f16e90ff000 r--p 00000000 08:06 4881064                    /usr/lib/locale/locale-archive
7f16e90ff000-7f16e9102000 ---p 00000000 00:00 0 
7f16e9102000-7f16e9205000 rw-p 00000000 00:00 0                          [stack:13681]
7f16e9205000-7f16e9206000 rw-p 00000000 00:00 0 
7f16e9206000-7f16e920a000 rw-s 00000000 00:04 26968099                   /SYSV00000000 (deleted)
7f16e920a000-7f16e920c000 r--s 00013000 08:03 20973199                   /home/peer/Programowanie/JAVA/PamietaczBukow/miglayout15-swing.jar
7f16e920c000-7f16e9217000 r--s 001fb000 08:06 5378320                    /usr/lib/jvm/java-7-openjdk/jre/lib/charsets.jar
7f16e9217000-7f16e921a000 r--s 0000f000 08:06 5516459                    /usr/lib/jvm/java-7-openjdk/jre/lib/ext/pulse-java.jar
7f16e921a000-7f16e9230000 rw-p 00000000 00:00 0 
7f16e9230000-7f16e9238000 rw-s 00000000 00:1d 2990145                    /tmp/hsperfdata_peer/13675
7f16e9238000-7f16e9239000 rw-p 00000000 00:00 0 
7f16e9239000-7f16e923a000 r--p 00000000 00:00 0 
7f16e923a000-7f16e923b000 rw-p 00000000 00:00 0 
7f16e923b000-7f16e923c000 r--p 00021000 08:06 4849988                    /usr/lib/ld-2.17.so
7f16e923c000-7f16e923d000 rw-p 00022000 08:06 4849988                    /usr/lib/ld-2.17.so
7f16e923d000-7f16e923e000 rw-p 00000000 00:00 0 
7fffaedb4000-7fffaedd5000 rw-p 00000000 00:00 0                          [stack]
7fffaedff000-7fffaee00000 r-xp 00000000 00:00 0                          [vdso]
ffffffffff600000-ffffffffff601000 r-xp 00000000 00:00 0                  [vsyscall]

VM Arguments:
jvm_args: -agentlib:jdwp=transport=dt_socket,suspend=y,address=localhost:52068 -Dfile.encoding=UTF-8 
java_command: MainWindow
Launcher Type: SUN_STANDARD

Environment Variables:
JAVA_HOME=/usr/lib/jvm/java-7-openjdk
PATH=/usr/lib/qt4/bin:/usr/local/sbin:/usr/local/bin:/usr/bin:/opt/kde/bin:/usr/bin/vendor_perl:/usr/bin/core_perl
SHELL=/bin/bash
DISPLAY=:0

Signal Handlers:
SIGSEGV: [libjvm.so+0x929790], sa_mask[0]=0x7ffbfeff, sa_flags=0x10000004
SIGBUS: [libjvm.so+0x929790], sa_mask[0]=0x7ffbfeff, sa_flags=0x10000004
SIGFPE: [libjvm.so+0x7a7410], sa_mask[0]=0x7ffbfeff, sa_flags=0x10000004
SIGPIPE: [libjvm.so+0x7a7410], sa_mask[0]=0x7ffbfeff, sa_flags=0x10000004
SIGXFSZ: [libjvm.so+0x7a7410], sa_mask[0]=0x7ffbfeff, sa_flags=0x10000004
SIGILL: [libjvm.so+0x7a7410], sa_mask[0]=0x7ffbfeff, sa_flags=0x10000004
SIGUSR1: SIG_DFL, sa_mask[0]=0x00000000, sa_flags=0x00000000
SIGUSR2: [libjvm.so+0x7a72b0], sa_mask[0]=0x00000004, sa_flags=0x10000004
SIGHUP: [libjvm.so+0x7a7490], sa_mask[0]=0x7ffbfeff, sa_flags=0x10000004
SIGINT: SIG_IGN, sa_mask[0]=0x00000000, sa_flags=0x00000000
SIGTERM: [libjvm.so+0x7a7490], sa_mask[0]=0x7ffbfeff, sa_flags=0x10000004
SIGQUIT: [libjvm.so+0x7a7490], sa_mask[0]=0x7ffbfeff, sa_flags=0x10000004


---------------  S Y S T E M  ---------------

OS:Linux
uname:Linux 3.7.7-1-ARCH #1 SMP PREEMPT Mon Feb 11 20:20:58 EET 2013 x86_64
libc:glibc 2.17 NPTL 2.17 
rlimit: STACK 8192k, CORE 0k, NPROC 30523, NOFILE 4096, AS infinity
load average:1,17 0,77 0,93

/proc/meminfo:
MemTotal:        3912940 kB
MemFree:          405532 kB
Buffers:           72632 kB
Cached:          1198844 kB
SwapCached:            0 kB
Active:          2099284 kB
Inactive:        1204744 kB
Active(anon):    1551300 kB
Inactive(anon):   626600 kB
Active(file):     547984 kB
Inactive(file):   578144 kB
Unevictable:         132 kB
Mlocked:             132 kB
SwapTotal:       5116924 kB
SwapFree:        5116632 kB
Dirty:               244 kB
Writeback:             0 kB
AnonPages:       2032816 kB
Mapped:           254120 kB
Shmem:            145128 kB
Slab:              93228 kB
SReclaimable:      63396 kB
SUnreclaim:        29832 kB
KernelStack:        3192 kB
PageTables:        33480 kB
NFS_Unstable:          0 kB
Bounce:                0 kB
WritebackTmp:          0 kB
CommitLimit:     7073392 kB
Committed_AS:    4442572 kB
VmallocTotal:   34359738367 kB
VmallocUsed:      367172 kB
VmallocChunk:   34359313391 kB
HardwareCorrupted:     0 kB
AnonHugePages:    811008 kB
HugePages_Total:       0
HugePages_Free:        0
HugePages_Rsvd:        0
HugePages_Surp:        0
Hugepagesize:       2048 kB
DirectMap4k:       10240 kB
DirectMap2M:     4091904 kB


CPU:total 4 (2 cores per cpu, 2 threads per core) family 6 model 58 stepping 9, cmov, cx8, fxsr, mmx, sse, sse2, sse3, ssse3, sse4.1, sse4.2, popcnt, avx, aes, erms, ht, tsc, tscinvbit, tscinv

/proc/cpuinfo:
processor	: 0
vendor_id	: GenuineIntel
cpu family	: 6
model		: 58
model name	: Intel(R) Core(TM) i5-3210M CPU @ 2.50GHz
stepping	: 9
microcode	: 0x12
cpu MHz		: 2501.000
cache size	: 3072 KB
physical id	: 0
siblings	: 4
core id		: 0
cpu cores	: 2
apicid		: 0
initial apicid	: 0
fpu		: yes
fpu_exception	: yes
cpuid level	: 13
wp		: yes
flags		: fpu vme de pse tsc msr pae mce cx8 apic sep mtrr pge mca cmov pat pse36 clflush dts acpi mmx fxsr sse sse2 ss ht tm pbe syscall nx rdtscp lm constant_tsc arch_perfmon pebs bts rep_good nopl xtopology nonstop_tsc aperfmperf eagerfpu pni pclmulqdq dtes64 monitor ds_cpl vmx est tm2 ssse3 cx16 xtpr pdcm pcid sse4_1 sse4_2 x2apic popcnt tsc_deadline_timer aes xsave avx f16c rdrand lahf_lm ida arat epb xsaveopt pln pts dtherm tpr_shadow vnmi flexpriority ept vpid fsgsbase smep erms
bogomips	: 4990.73
clflush size	: 64
cache_alignment	: 64
address sizes	: 36 bits physical, 48 bits virtual
power management:

processor	: 1
vendor_id	: GenuineIntel
cpu family	: 6
model		: 58
model name	: Intel(R) Core(TM) i5-3210M CPU @ 2.50GHz
stepping	: 9
microcode	: 0x12
cpu MHz		: 2501.000
cache size	: 3072 KB
physical id	: 0
siblings	: 4
core id		: 0
cpu cores	: 2
apicid		: 1
initial apicid	: 1
fpu		: yes
fpu_exception	: yes
cpuid level	: 13
wp		: yes
flags		: fpu vme de pse tsc msr pae mce cx8 apic sep mtrr pge mca cmov pat pse36 clflush dts acpi mmx fxsr sse sse2 ss ht tm pbe syscall nx rdtscp lm constant_tsc arch_perfmon pebs bts rep_good nopl xtopology nonstop_tsc aperfmperf eagerfpu pni pclmulqdq dtes64 monitor ds_cpl vmx est tm2 ssse3 cx16 xtpr pdcm pcid sse4_1 sse4_2 x2apic popcnt tsc_deadline_timer aes xsave avx f16c rdrand lahf_lm ida arat epb xsaveopt pln pts dtherm tpr_shadow vnmi flexpriority ept vpid fsgsbase smep erms
bogomips	: 4990.73
clflush size	: 64
cache_alignment	: 64
address sizes	: 36 bits physical, 48 bits virtual
power management:

processor	: 2
vendor_id	: GenuineIntel
cpu family	: 6
model		: 58
model name	: Intel(R) Core(TM) i5-3210M CPU @ 2.50GHz
stepping	: 9
microcode	: 0x12
cpu MHz		: 1400.000
cache size	: 3072 KB
physical id	: 0
siblings	: 4
core id		: 1
cpu cores	: 2
apicid		: 2
initial apicid	: 2
fpu		: yes
fpu_exception	: yes
cpuid level	: 13
wp		: yes
flags		: fpu vme de pse tsc msr pae mce cx8 apic sep mtrr pge mca cmov pat pse36 clflush dts acpi mmx fxsr sse sse2 ss ht tm pbe syscall nx rdtscp lm constant_tsc arch_perfmon pebs bts rep_good nopl xtopology nonstop_tsc aperfmperf eagerfpu pni pclmulqdq dtes64 monitor ds_cpl vmx est tm2 ssse3 cx16 xtpr pdcm pcid sse4_1 sse4_2 x2apic popcnt tsc_deadline_timer aes xsave avx f16c rdrand lahf_lm ida arat epb xsaveopt pln pts dtherm tpr_shadow vnmi flexpriority ept vpid fsgsbase smep erms
bogomips	: 4990.73
clflush size	: 64
cache_alignment	: 64
address sizes	: 36 bits physical, 48 bits virtual
power management:

processor	: 3
vendor_id	: GenuineIntel
cpu family	: 6
model		: 58
model name	: Intel(R) Core(TM) i5-3210M CPU @ 2.50GHz
stepping	: 9
microcode	: 0x12
cpu MHz		: 2000.000
cache size	: 3072 KB
physical id	: 0
siblings	: 4
core id		: 1
cpu cores	: 2
apicid		: 3
initial apicid	: 3
fpu		: yes
fpu_exception	: yes
cpuid level	: 13
wp		: yes
flags		: fpu vme de pse tsc msr pae mce cx8 apic sep mtrr pge mca cmov pat pse36 clflush dts acpi mmx fxsr sse sse2 ss ht tm pbe syscall nx rdtscp lm constant_tsc arch_perfmon pebs bts rep_good nopl xtopology nonstop_tsc aperfmperf eagerfpu pni pclmulqdq dtes64 monitor ds_cpl vmx est tm2 ssse3 cx16 xtpr pdcm pcid sse4_1 sse4_2 x2apic popcnt tsc_deadline_timer aes xsave avx f16c rdrand lahf_lm ida arat epb xsaveopt pln pts dtherm tpr_shadow vnmi flexpriority ept vpid fsgsbase smep erms
bogomips	: 4990.73
clflush size	: 64
cache_alignment	: 64
address sizes	: 36 bits physical, 48 bits virtual
power management:



Memory: 4k page, physical 3912940k(405532k free), swap 5116924k(5116632k free)

vm_info: OpenJDK 64-Bit Server VM (24.0-b50) for linux-amd64 JRE (1.7.0_40-b31), built on Jul  8 2013 19:30:57 by "nobody" with gcc 4.8.1

time: Sat Aug  3 23:20:12 2013
elapsed time: 42 seconds

